Log file open, 09/29/20 18:29:29
LogWindows: Failed to load 'aqProf.dll' (GetLastError=126)
LogWindows: File 'aqProf.dll' does not exist
LogWindows: Failed to load 'VtuneApi.dll' (GetLastError=126)
LogWindows: File 'VtuneApi.dll' does not exist
LogWindows: Failed to load 'VtuneApi32e.dll' (GetLastError=126)
LogWindows: File 'VtuneApi32e.dll' does not exist
LogConsoleResponse: Display: Failed to find resolution value strings in scalability ini. Falling back to default.
LogInit: Display: Running engine for game: Homework2
LogPakFile: Registered encryption key '00000000000000000000000000000000': 0 pak files mounted, 0 remain pending
LogPlatformFile: Not using cached read wrapper
LogTaskGraph: Started task graph with 5 named threads and 23 total threads with 3 sets of task threads.
LogStats: Stats thread started at 0.340374
LogD3D11RHI: Loaded GFSDK_Aftermath_Lib.x64.dll
LogICUInternationalization: ICU TimeZone Detection - Raw Offset: -5:00, Platform Override: ''
LogPluginManager: Mounting plugin Paper2D
LogPluginManager: Mounting plugin AISupport
LogPluginManager: Mounting plugin LightPropagationVolume
LogPluginManager: Mounting plugin ActorLayerUtilities
LogPluginManager: Mounting plugin AnimationSharing
LogPluginManager: Mounting plugin CLionSourceCodeAccess
LogPluginManager: Mounting plugin CodeLiteSourceCodeAccess
LogPluginManager: Mounting plugin GitSourceControl
LogPluginManager: Mounting plugin KDevelopSourceCodeAccess
LogPluginManager: Mounting plugin NullSourceCodeAccess
LogPluginManager: Mounting plugin PerforceSourceControl
LogPluginManager: Mounting plugin SubversionSourceControl
LogPluginManager: Mounting plugin UObjectPlugin
LogPluginManager: Mounting plugin VisualStudioCodeSourceCodeAccess
LogPluginManager: Mounting plugin VisualStudioSourceCodeAccess
LogPluginManager: Mounting plugin XCodeSourceCodeAccess
LogPluginManager: Mounting plugin AssetManagerEditor
LogPluginManager: Mounting plugin CryptoKeys
LogPluginManager: Mounting plugin DataValidation
LogPluginManager: Mounting plugin FacialAnimation
LogPluginManager: Mounting plugin GameplayTagsEditor
LogPluginManager: Mounting plugin MacGraphicsSwitching
LogPluginManager: Mounting plugin MaterialAnalyzer
LogPluginManager: Mounting plugin MobileLauncherProfileWizard
LogPluginManager: Mounting plugin PluginBrowser
LogPluginManager: Mounting plugin SpeedTreeImporter
LogPluginManager: Mounting plugin DatasmithContent
LogPluginManager: Mounting plugin VariantManagerContent
LogPluginManager: Mounting plugin AlembicImporter
LogPluginManager: Mounting plugin AppleImageUtils
LogPluginManager: Mounting plugin AppleVision
LogPluginManager: Mounting plugin BackChannel
LogPluginManager: Mounting plugin CharacterAI
LogPluginManager: Mounting plugin GeometryCache
LogPluginManager: Mounting plugin HTML5Networking
LogPluginManager: Mounting plugin ProxyLODPlugin
LogPluginManager: Mounting plugin SkeletalReduction
LogPluginManager: Mounting plugin MagicLeap
LogPluginManager: Mounting plugin MagicLeapMedia
LogPluginManager: Mounting plugin AndroidMedia
LogPluginManager: Mounting plugin AvfMedia
LogPluginManager: Mounting plugin ImgMedia
LogPluginManager: Mounting plugin LinearTimecode
LogPluginManager: Mounting plugin MediaCompositing
LogPluginManager: Mounting plugin MediaPlayerEditor
LogPluginManager: Mounting plugin WebMMedia
LogPluginManager: Mounting plugin WmfMedia
LogPluginManager: Mounting plugin TcpMessaging
LogPluginManager: Mounting plugin UdpMessaging
LogPluginManager: Mounting plugin ActorSequence
LogPluginManager: Mounting plugin LevelSequenceEditor
LogPluginManager: Mounting plugin MatineeToLevelSequence
LogPluginManager: Mounting plugin NetcodeUnitTest
LogPluginManager: Mounting plugin NUTUnrealEngine4
LogPluginManager: Mounting plugin OnlineSubsystemGooglePlay
LogPluginManager: Mounting plugin OnlineSubsystemIOS
LogPluginManager: Mounting plugin OnlineSubsystem
LogPluginManager: Mounting plugin OnlineSubsystemNull
LogPluginManager: Mounting plugin OnlineSubsystemUtils
LogPluginManager: Mounting plugin LauncherChunkInstaller
LogPluginManager: Mounting plugin AndroidDeviceProfileSelector
LogPluginManager: Mounting plugin AndroidMoviePlayer
LogPluginManager: Mounting plugin AndroidPermission
LogPluginManager: Mounting plugin AppleMoviePlayer
LogPluginManager: Mounting plugin ArchVisCharacter
LogPluginManager: Mounting plugin AudioCapture
LogPluginManager: Mounting plugin CableComponent
LogPluginManager: Mounting plugin CustomMeshComponent
LogPluginManager: Mounting plugin EditableMesh
LogPluginManager: Mounting plugin ExampleDeviceProfileSelector
LogPluginManager: Mounting plugin Firebase
LogPluginManager: Mounting plugin GoogleCloudMessaging
LogPluginManager: Mounting plugin IOSDeviceProfileSelector
LogPluginManager: Mounting plugin LinuxDeviceProfileSelector
LogPluginManager: Mounting plugin LocationServicesBPLibrary
LogPluginManager: Mounting plugin MobilePatchingUtils
LogPluginManager: Mounting plugin OculusVR
LogPluginManager: Mounting plugin PhysXVehicles
LogPluginManager: Mounting plugin ProceduralMeshComponent
LogPluginManager: Mounting plugin RuntimePhysXCooking
LogPluginManager: Mounting plugin SignificanceManager
LogPluginManager: Mounting plugin SteamVR
LogPluginManager: Mounting plugin WebMMoviePlayer
LogPluginManager: Mounting plugin WindowsMoviePlayer
LogInit: Using libcurl 7.55.1-DEV
LogInit:  - built for x86_64-pc-win32
LogInit:  - supports SSL with OpenSSL/1.1.1
LogInit:  - supports HTTP deflate (compression) using libz 1.2.8
LogInit:  - other features:
LogInit:      CURL_VERSION_SSL
LogInit:      CURL_VERSION_LIBZ
LogInit:      CURL_VERSION_IPV6
LogInit:      CURL_VERSION_ASYNCHDNS
LogInit:      CURL_VERSION_LARGEFILE
LogInit:      CURL_VERSION_IDN
LogInit:  CurlRequestOptions (configurable via config and command line):
LogInit:  - bVerifyPeer = true  - Libcurl will verify peer certificate
LogInit:  - bUseHttpProxy = false  - Libcurl will NOT use HTTP proxy
LogInit:  - bDontReuseConnections = false  - Libcurl will reuse connections
LogInit:  - MaxHostConnections = 16  - Libcurl will limit the number of connections to a host
LogInit:  - LocalHostAddr = Default
LogInit:  - BufferSize = 65536
LogInit: WinSock: version 1.1 (2.2), MaxSocks=32767, MaxUdp=65467
LogInit: Build: ++UE4+Release-4.22-CL-7053642
LogInit: Engine Version: 4.22.3-7053642+++UE4+Release-4.22
LogInit: Compatible Engine Version: 4.22.0-5660361+++UE4+Release-4.22
LogInit: Net CL: 5660361
LogInit: OS: Windows 10 (Release 1909) (), CPU: Intel(R) Core(TM) i7-7700HQ CPU @ 2.80GHz, GPU: Intel(R) HD Graphics 630
LogInit: Compiled (64-bit): Jun 18 2019 03:09:11
LogInit: Compiled with Visual C++: 19.16.27025.01
LogInit: Build Configuration: Development
LogInit: Branch Name: ++UE4+Release-4.22
LogInit: Command Line: 
LogInit: Base Directory: D:/UE_4.22/Engine/Binaries/Win64/
LogInit: Installed Engine Build: 1
LogDevObjectVersion: Number of dev versions registered: 23
LogDevObjectVersion:   Dev-Blueprints (B0D832E4-1F89-4F0D-ACCF-7EB736FD4AA2): 10
LogDevObjectVersion:   Dev-Build (E1C64328-A22C-4D53-A36C-8E866417BD8C): 0
LogDevObjectVersion:   Dev-Core (375EC13C-06E4-48FB-B500-84F0262A717E): 3
LogDevObjectVersion:   Dev-Editor (E4B068ED-F494-42E9-A231-DA0B2E46BB41): 30
LogDevObjectVersion:   Dev-Framework (CFFC743F-43B0-4480-9391-14DF171D2073): 35
LogDevObjectVersion:   Dev-Mobile (B02B49B5-BB20-44E9-A304-32B752E40360): 2
LogDevObjectVersion:   Dev-Networking (A4E4105C-59A1-49B5-A7C5-40C4547EDFEE): 0
LogDevObjectVersion:   Dev-Online (39C831C9-5AE6-47DC-9A44-9C173E1C8E7C): 0
LogDevObjectVersion:   Dev-Physics (78F01B33-EBEA-4F98-B9B4-84EACCB95AA2): 0
LogDevObjectVersion:   Dev-Platform (6631380F-2D4D-43E0-8009-CF276956A95A): 0
LogDevObjectVersion:   Dev-Rendering (12F88B9F-8875-4AFC-A67C-D90C383ABD29): 28
LogDevObjectVersion:   Dev-Sequencer (7B5AE74C-D270-4C10-A958-57980B212A5A): 11
LogDevObjectVersion:   Dev-VR (D7296918-1DD6-4BDD-9DE2-64A83CC13884): 2
LogDevObjectVersion:   Dev-LoadTimes (C2A15278-BFE7-4AFE-6C17-90FF531DF755): 1
LogDevObjectVersion:   Private-Geometry (6EACA3D4-40EC-4CC1-B786-8BED09428FC5): 3
LogDevObjectVersion:   Dev-AnimPhys (29E575DD-E0A3-4627-9D10-D276232CDCEA): 17
LogDevObjectVersion:   Dev-Anim (AF43A65D-7FD3-4947-9873-3E8ED9C1BB05): 2
LogDevObjectVersion:   Dev-ReflectionCapture (6B266CEC-1EC7-4B8F-A30B-E4D90942FC07): 1
LogDevObjectVersion:   Dev-Automation (0DF73D61-A23F-47EA-B727-89E90C41499A): 1
LogDevObjectVersion:   FortniteMain (601D1886-AC64-4F84-AA16-D3DE0DEAC7D6): 25
LogDevObjectVersion:   Dev-Enterprise (9DFFBCD6-494F-0158-E221-12823C92A888): 6
LogDevObjectVersion:   Dev-Niagara (F2AED0AC-9AFE-416F-8664-AA7FFA26D6FC): 1
LogDevObjectVersion:   Dev-Destruction (174F1F0B-B4C6-45A5-B13F-2EE8D0FB917D): 2
LogInit: Presizing for max 16777216 objects, including 0 objects not considered by GC, pre-allocating 0 bytes for permanent pool.
LogInit: Object subsystem initialized
LogConfig: Setting CVar [[con.DebugEarlyDefault:1]]
LogConfig: Setting CVar [[r.setres:1280x720]]
[2020.09.29-22.29.29:994][  0]LogConfig: Setting CVar [[r.VSync:0]]
[2020.09.29-22.29.29:994][  0]LogConfig: Setting CVar [[r.RHICmdBypass:0]]
[2020.09.29-22.29.29:994][  0]LogConfig: Applying CVar settings from Section [/Script/Engine.RendererSettings] File [E:/UnrealGit/Homework2-Group/Homework2 - Copy/Saved/Config/Windows/Engine.ini]
[2020.09.29-22.29.29:994][  0]LogConfig: Setting CVar [[r.GPUCrashDebugging:0]]
[2020.09.29-22.29.29:994][  0]LogConfig: Applying CVar settings from Section [/Script/Engine.RendererOverrideSettings] File [E:/UnrealGit/Homework2-Group/Homework2 - Copy/Saved/Config/Windows/Engine.ini]
[2020.09.29-22.29.29:994][  0]LogConfig: Applying CVar settings from Section [/Script/Engine.StreamingSettings] File [E:/UnrealGit/Homework2-Group/Homework2 - Copy/Saved/Config/Windows/Engine.ini]
[2020.09.29-22.29.29:994][  0]LogConfig: Setting CVar [[s.MinBulkDataSizeForAsyncLoading:131072]]
[2020.09.29-22.29.29:994][  0]LogConfig: Setting CVar [[s.AsyncLoadingThreadEnabled:0]]
[2020.09.29-22.29.29:994][  0]LogConfig: Setting CVar [[s.EventDrivenLoaderEnabled:1]]
[2020.09.29-22.29.29:994][  0]LogConfig: Setting CVar [[s.WarnIfTimeLimitExceeded:0]]
[2020.09.29-22.29.29:994][  0]LogConfig: Setting CVar [[s.TimeLimitExceededMultiplier:1.5]]
[2020.09.29-22.29.29:994][  0]LogConfig: Setting CVar [[s.TimeLimitExceededMinTime:0.005]]
[2020.09.29-22.29.29:994][  0]LogConfig: Setting CVar [[s.UseBackgroundLevelStreaming:1]]
[2020.09.29-22.29.29:994][  0]LogConfig: Setting CVar [[s.PriorityAsyncLoadingExtraTime:15.0]]
[2020.09.29-22.29.29:994][  0]LogConfig: Setting CVar [[s.LevelStreamingActorsUpdateTimeLimit:5.0]]
[2020.09.29-22.29.29:994][  0]LogConfig: Setting CVar [[s.PriorityLevelStreamingActorsUpdateExtraTime:5.0]]
[2020.09.29-22.29.29:994][  0]LogConfig: Setting CVar [[s.LevelStreamingComponentsRegistrationGranularity:10]]
[2020.09.29-22.29.29:994][  0]LogConfig: Setting CVar [[s.UnregisterComponentsTimeLimit:1.0]]
[2020.09.29-22.29.29:994][  0]LogConfig: Setting CVar [[s.LevelStreamingComponentsUnregistrationGranularity:5]]
[2020.09.29-22.29.29:994][  0]LogConfig: Applying CVar settings from Section [/Script/Engine.GarbageCollectionSettings] File [E:/UnrealGit/Homework2-Group/Homework2 - Copy/Saved/Config/Windows/Engine.ini]
[2020.09.29-22.29.29:994][  0]LogConfig: Setting CVar [[gc.MaxObjectsNotConsideredByGC:1]]
[2020.09.29-22.29.29:994][  0]LogConfig: Setting CVar [[gc.SizeOfPermanentObjectPool:0]]
[2020.09.29-22.29.29:994][  0]LogConfig: Setting CVar [[gc.FlushStreamingOnGC:0]]
[2020.09.29-22.29.29:994][  0]LogConfig: Setting CVar [[gc.NumRetriesBeforeForcingGC:10]]
[2020.09.29-22.29.29:994][  0]LogConfig: Setting CVar [[gc.AllowParallelGC:1]]
[2020.09.29-22.29.29:994][  0]LogConfig: Setting CVar [[gc.TimeBetweenPurgingPendingKillObjects:61.1]]
[2020.09.29-22.29.29:994][  0]LogConfig: Setting CVar [[gc.MaxObjectsInEditor:16777216]]
[2020.09.29-22.29.29:994][  0]LogConfig: Setting CVar [[gc.IncrementalBeginDestroyEnabled:1]]
[2020.09.29-22.29.29:994][  0]LogConfig: Setting CVar [[gc.CreateGCClusters:1]]
[2020.09.29-22.29.29:994][  0]LogConfig: Setting CVar [[gc.MinGCClusterSize:5]]
[2020.09.29-22.29.29:994][  0]LogConfig: Setting CVar [[gc.ActorClusteringEnabled:0]]
[2020.09.29-22.29.29:994][  0]LogConfig: Setting CVar [[gc.BlueprintClusteringEnabled:0]]
[2020.09.29-22.29.29:994][  0]LogConfig: Setting CVar [[gc.UseDisregardForGCOnDedicatedServers:0]]
[2020.09.29-22.29.29:994][  0]LogConfig: Applying CVar settings from Section [/Script/Engine.NetworkSettings] File [E:/UnrealGit/Homework2-Group/Homework2 - Copy/Saved/Config/Windows/Engine.ini]
[2020.09.29-22.29.29:994][  0]LogConfig: Applying CVar settings from Section [/Script/UnrealEd.CookerSettings] File [E:/UnrealGit/Homework2-Group/Homework2 - Copy/Saved/Config/Windows/Engine.ini]
[2020.09.29-22.29.30:000][  0]LogConfig: Applying CVar settings from Section [ViewDistanceQuality@3] File [E:/UnrealGit/Homework2-Group/Homework2 - Copy/Saved/Config/Windows/Scalability.ini]
[2020.09.29-22.29.30:000][  0]LogConfig: Setting CVar [[r.SkeletalMeshLODBias:0]]
[2020.09.29-22.29.30:000][  0]LogConfig: Setting CVar [[r.ViewDistanceScale:1.0]]
[2020.09.29-22.29.30:000][  0]LogConfig: Applying CVar settings from Section [AntiAliasingQuality@3] File [E:/UnrealGit/Homework2-Group/Homework2 - Copy/Saved/Config/Windows/Scalability.ini]
[2020.09.29-22.29.30:000][  0]LogConfig: Setting CVar [[r.PostProcessAAQuality:4]]
[2020.09.29-22.29.30:000][  0]LogConfig: Applying CVar settings from Section [ShadowQuality@3] File [E:/UnrealGit/Homework2-Group/Homework2 - Copy/Saved/Config/Windows/Scalability.ini]
[2020.09.29-22.29.30:000][  0]LogConfig: Setting CVar [[r.LightFunctionQuality:1]]
[2020.09.29-22.29.30:001][  0]LogConfig: Setting CVar [[r.ShadowQuality:5]]
[2020.09.29-22.29.30:001][  0]LogConfig: Setting CVar [[r.Shadow.CSM.MaxCascades:10]]
[2020.09.29-22.29.30:001][  0]LogConfig: Setting CVar [[r.Shadow.MaxResolution:2048]]
[2020.09.29-22.29.30:001][  0]LogConfig: Setting CVar [[r.Shadow.MaxCSMResolution:2048]]
[2020.09.29-22.29.30:001][  0]LogConfig: Setting CVar [[r.Shadow.RadiusThreshold:0.01]]
[2020.09.29-22.29.30:001][  0]LogConfig: Setting CVar [[r.Shadow.DistanceScale:1.0]]
[2020.09.29-22.29.30:001][  0]LogConfig: Setting CVar [[r.Shadow.CSM.TransitionScale:1.0]]
[2020.09.29-22.29.30:001][  0]LogConfig: Setting CVar [[r.Shadow.PreShadowResolutionFactor:1.0]]
[2020.09.29-22.29.30:001][  0]LogConfig: Setting CVar [[r.DistanceFieldShadowing:1]]
[2020.09.29-22.29.30:001][  0]LogConfig: Setting CVar [[r.DistanceFieldAO:1]]
[2020.09.29-22.29.30:001][  0]LogConfig: Setting CVar [[r.AOQuality:2]]
[2020.09.29-22.29.30:001][  0]LogConfig: Setting CVar [[r.VolumetricFog:1]]
[2020.09.29-22.29.30:001][  0]LogConfig: Setting CVar [[r.VolumetricFog.GridPixelSize:8]]
[2020.09.29-22.29.30:001][  0]LogConfig: Setting CVar [[r.VolumetricFog.GridSizeZ:128]]
[2020.09.29-22.29.30:001][  0]LogConfig: Setting CVar [[r.VolumetricFog.HistoryMissSupersampleCount:4]]
[2020.09.29-22.29.30:001][  0]LogConfig: Setting CVar [[r.LightMaxDrawDistanceScale:1]]
[2020.09.29-22.29.30:001][  0]LogConfig: Setting CVar [[r.CapsuleShadows:1]]
[2020.09.29-22.29.30:001][  0]LogConfig: Applying CVar settings from Section [PostProcessQuality@3] File [E:/UnrealGit/Homework2-Group/Homework2 - Copy/Saved/Config/Windows/Scalability.ini]
[2020.09.29-22.29.30:001][  0]LogConfig: Setting CVar [[r.MotionBlurQuality:4]]
[2020.09.29-22.29.30:001][  0]LogConfig: Setting CVar [[r.AmbientOcclusionMipLevelFactor:0.4]]
[2020.09.29-22.29.30:001][  0]LogConfig: Setting CVar [[r.AmbientOcclusionMaxQuality:100]]
[2020.09.29-22.29.30:001][  0]LogConfig: Setting CVar [[r.AmbientOcclusionLevels:-1]]
[2020.09.29-22.29.30:001][  0]LogConfig: Setting CVar [[r.AmbientOcclusionRadiusScale:1.0]]
[2020.09.29-22.29.30:001][  0]LogConfig: Setting CVar [[r.DepthOfFieldQuality:2]]
[2020.09.29-22.29.30:001][  0]LogConfig: Setting CVar [[r.RenderTargetPoolMin:400]]
[2020.09.29-22.29.30:001][  0]LogConfig: Setting CVar [[r.LensFlareQuality:2]]
[2020.09.29-22.29.30:001][  0]LogConfig: Setting CVar [[r.SceneColorFringeQuality:1]]
[2020.09.29-22.29.30:001][  0]LogConfig: Setting CVar [[r.EyeAdaptationQuality:2]]
[2020.09.29-22.29.30:001][  0]LogConfig: Setting CVar [[r.BloomQuality:5]]
[2020.09.29-22.29.30:001][  0]LogConfig: Setting CVar [[r.FastBlurThreshold:100]]
[2020.09.29-22.29.30:001][  0]LogConfig: Setting CVar [[r.Upscale.Quality:3]]
[2020.09.29-22.29.30:001][  0]LogConfig: Setting CVar [[r.Tonemapper.GrainQuantization:1]]
[2020.09.29-22.29.30:001][  0]LogConfig: Setting CVar [[r.LightShaftQuality:1]]
[2020.09.29-22.29.30:001][  0]LogConfig: Setting CVar [[r.Filter.SizeScale:1]]
[2020.09.29-22.29.30:001][  0]LogConfig: Setting CVar [[r.Tonemapper.Quality:5]]
[2020.09.29-22.29.30:001][  0]LogConfig: Setting CVar [[r.DOF.Gather.AccumulatorQuality:1        ; higher gathering accumulator quality]]
[2020.09.29-22.29.30:001][  0]LogConfig: Setting CVar [[r.DOF.Gather.PostfilterMethod:1          ; Median3x3 postfilering method]]
[2020.09.29-22.29.30:001][  0]LogConfig: Setting CVar [[r.DOF.Gather.EnableBokehSettings:0       ; no bokeh simulation when gathering]]
[2020.09.29-22.29.30:001][  0]LogConfig: Setting CVar [[r.DOF.Gather.RingCount:4                 ; medium number of samples when gathering]]
[2020.09.29-22.29.30:001][  0]LogConfig: Setting CVar [[r.DOF.Scatter.ForegroundCompositing:1    ; additive foreground scattering]]
[2020.09.29-22.29.30:001][  0]LogConfig: Setting CVar [[r.DOF.Scatter.BackgroundCompositing:2    ; additive background scattering]]
[2020.09.29-22.29.30:001][  0]LogConfig: Setting CVar [[r.DOF.Scatter.EnableBokehSettings:1      ; bokeh simulation when scattering]]
[2020.09.29-22.29.30:001][  0]LogConfig: Setting CVar [[r.DOF.Scatter.MaxSpriteRatio:0.1         ; only a maximum of 10% of scattered bokeh]]
[2020.09.29-22.29.30:001][  0]LogConfig: Setting CVar [[r.DOF.Recombine.Quality:1                ; cheap slight out of focus]]
[2020.09.29-22.29.30:001][  0]LogConfig: Setting CVar [[r.DOF.Recombine.EnableBokehSettings:0    ; no bokeh simulation on slight out of focus]]
[2020.09.29-22.29.30:001][  0]LogConfig: Setting CVar [[r.DOF.TemporalAAQuality:1                ; more stable temporal accumulation]]
[2020.09.29-22.29.30:001][  0]LogConfig: Setting CVar [[r.DOF.Kernel.MaxForegroundRadius:0.025]]
[2020.09.29-22.29.30:001][  0]LogConfig: Setting CVar [[r.DOF.Kernel.MaxBackgroundRadius:0.025]]
[2020.09.29-22.29.30:001][  0]LogConfig: Applying CVar settings from Section [TextureQuality@3] File [E:/UnrealGit/Homework2-Group/Homework2 - Copy/Saved/Config/Windows/Scalability.ini]
[2020.09.29-22.29.30:001][  0]LogConfig: Setting CVar [[r.Streaming.MipBias:0]]
[2020.09.29-22.29.30:001][  0]LogConfig: Setting CVar [[r.Streaming.AmortizeCPUToGPUCopy:0]]
[2020.09.29-22.29.30:001][  0]LogConfig: Setting CVar [[r.Streaming.MaxNumTexturesToStreamPerFrame:0]]
[2020.09.29-22.29.30:001][  0]LogConfig: Setting CVar [[r.Streaming.Boost:1]]
[2020.09.29-22.29.30:001][  0]LogConfig: Setting CVar [[r.MaxAnisotropy:8]]
[2020.09.29-22.29.30:001][  0]LogConfig: Setting CVar [[r.Streaming.LimitPoolSizeToVRAM:0]]
[2020.09.29-22.29.30:001][  0]LogConfig: Setting CVar [[r.Streaming.PoolSize:1000]]
[2020.09.29-22.29.30:001][  0]LogConfig: Setting CVar [[r.Streaming.MaxEffectiveScreenSize:0]]
[2020.09.29-22.29.30:001][  0]LogConfig: Applying CVar settings from Section [EffectsQuality@3] File [E:/UnrealGit/Homework2-Group/Homework2 - Copy/Saved/Config/Windows/Scalability.ini]
[2020.09.29-22.29.30:001][  0]LogConfig: Setting CVar [[r.TranslucencyLightingVolumeDim:64]]
[2020.09.29-22.29.30:001][  0]LogConfig: Setting CVar [[r.RefractionQuality:2]]
[2020.09.29-22.29.30:001][  0]LogConfig: Setting CVar [[r.SSR.Quality:3]]
[2020.09.29-22.29.30:001][  0]LogConfig: Setting CVar [[r.SceneColorFormat:4]]
[2020.09.29-22.29.30:002][  0]LogConfig: Setting CVar [[r.DetailMode:2]]
[2020.09.29-22.29.30:002][  0]LogConfig: Setting CVar [[r.TranslucencyVolumeBlur:1]]
[2020.09.29-22.29.30:002][  0]LogConfig: Setting CVar [[r.MaterialQualityLevel:1 ; High quality]]
[2020.09.29-22.29.30:002][  0]LogConfig: Setting CVar [[r.SSS.Scale:1]]
[2020.09.29-22.29.30:002][  0]LogConfig: Setting CVar [[r.SSS.SampleSet:2]]
[2020.09.29-22.29.30:002][  0]LogConfig: Setting CVar [[r.SSS.Quality:1]]
[2020.09.29-22.29.30:002][  0]LogConfig: Setting CVar [[r.SSS.HalfRes:1]]
[2020.09.29-22.29.30:002][  0]LogConfig: Setting CVar [[r.EmitterSpawnRateScale:1.0]]
[2020.09.29-22.29.30:002][  0]LogConfig: Setting CVar [[r.ParticleLightQuality:2]]
[2020.09.29-22.29.30:002][  0]LogConfig: Applying CVar settings from Section [FoliageQuality@3] File [E:/UnrealGit/Homework2-Group/Homework2 - Copy/Saved/Config/Windows/Scalability.ini]
[2020.09.29-22.29.30:002][  0]LogConfig: Setting CVar [[foliage.DensityScale:1.0]]
[2020.09.29-22.29.30:002][  0]LogConfig: Setting CVar [[grass.DensityScale:1.0]]
[2020.09.29-22.29.30:002][  0]LogInit: Selected Device Profile: [Windows]
[2020.09.29-22.29.30:002][  0]LogInit: Applying CVar settings loaded from the selected device profile: [Windows]
[2020.09.29-22.29.30:012][  0]LogHAL: Display: Platform has ~ 8 GB [8506167296 / 8589934592 / 8], which maps to Default [LargestMinGB=32, LargerMinGB=12, DefaultMinGB=8, SmallerMinGB=6, SmallestMinGB=0)
[2020.09.29-22.29.30:012][  0]LogConfig: Setting CVar [[r.Vulkan.UseRealUBs:0		; Required until we fix HLR fall-out]]
[2020.09.29-22.29.30:012][  0]LogInit: Going up to parent DeviceProfile []
[2020.09.29-22.29.30:013][  0]LogConfig: Applying CVar settings from Section [ViewDistanceQuality@3] File [E:/UnrealGit/Homework2-Group/Homework2 - Copy/Saved/Config/Windows/Scalability.ini]
[2020.09.29-22.29.30:013][  0]LogConfig: Setting CVar [[r.SkeletalMeshLODBias:0]]
[2020.09.29-22.29.30:013][  0]LogConfig: Setting CVar [[r.ViewDistanceScale:1.0]]
[2020.09.29-22.29.30:013][  0]LogConfig: Applying CVar settings from Section [AntiAliasingQuality@3] File [E:/UnrealGit/Homework2-Group/Homework2 - Copy/Saved/Config/Windows/Scalability.ini]
[2020.09.29-22.29.30:013][  0]LogConfig: Setting CVar [[r.PostProcessAAQuality:4]]
[2020.09.29-22.29.30:013][  0]LogConfig: Applying CVar settings from Section [ShadowQuality@3] File [E:/UnrealGit/Homework2-Group/Homework2 - Copy/Saved/Config/Windows/Scalability.ini]
[2020.09.29-22.29.30:013][  0]LogConfig: Setting CVar [[r.LightFunctionQuality:1]]
[2020.09.29-22.29.30:013][  0]LogConfig: Setting CVar [[r.ShadowQuality:5]]
[2020.09.29-22.29.30:013][  0]LogConfig: Setting CVar [[r.Shadow.CSM.MaxCascades:10]]
[2020.09.29-22.29.30:013][  0]LogConfig: Setting CVar [[r.Shadow.MaxResolution:2048]]
[2020.09.29-22.29.30:013][  0]LogConfig: Setting CVar [[r.Shadow.MaxCSMResolution:2048]]
[2020.09.29-22.29.30:013][  0]LogConfig: Setting CVar [[r.Shadow.RadiusThreshold:0.01]]
[2020.09.29-22.29.30:013][  0]LogConfig: Setting CVar [[r.Shadow.DistanceScale:1.0]]
[2020.09.29-22.29.30:013][  0]LogConfig: Setting CVar [[r.Shadow.CSM.TransitionScale:1.0]]
[2020.09.29-22.29.30:013][  0]LogConfig: Setting CVar [[r.Shadow.PreShadowResolutionFactor:1.0]]
[2020.09.29-22.29.30:013][  0]LogConfig: Setting CVar [[r.DistanceFieldShadowing:1]]
[2020.09.29-22.29.30:013][  0]LogConfig: Setting CVar [[r.DistanceFieldAO:1]]
[2020.09.29-22.29.30:013][  0]LogConfig: Setting CVar [[r.AOQuality:2]]
[2020.09.29-22.29.30:013][  0]LogConfig: Setting CVar [[r.VolumetricFog:1]]
[2020.09.29-22.29.30:013][  0]LogConfig: Setting CVar [[r.VolumetricFog.GridPixelSize:8]]
[2020.09.29-22.29.30:013][  0]LogConfig: Setting CVar [[r.VolumetricFog.GridSizeZ:128]]
[2020.09.29-22.29.30:013][  0]LogConfig: Setting CVar [[r.VolumetricFog.HistoryMissSupersampleCount:4]]
[2020.09.29-22.29.30:013][  0]LogConfig: Setting CVar [[r.LightMaxDrawDistanceScale:1]]
[2020.09.29-22.29.30:013][  0]LogConfig: Setting CVar [[r.CapsuleShadows:1]]
[2020.09.29-22.29.30:013][  0]LogConfig: Applying CVar settings from Section [PostProcessQuality@3] File [E:/UnrealGit/Homework2-Group/Homework2 - Copy/Saved/Config/Windows/Scalability.ini]
[2020.09.29-22.29.30:013][  0]LogConfig: Setting CVar [[r.MotionBlurQuality:4]]
[2020.09.29-22.29.30:013][  0]LogConfig: Setting CVar [[r.AmbientOcclusionMipLevelFactor:0.4]]
[2020.09.29-22.29.30:013][  0]LogConfig: Setting CVar [[r.AmbientOcclusionMaxQuality:100]]
[2020.09.29-22.29.30:013][  0]LogConfig: Setting CVar [[r.AmbientOcclusionLevels:-1]]
[2020.09.29-22.29.30:013][  0]LogConfig: Setting CVar [[r.AmbientOcclusionRadiusScale:1.0]]
[2020.09.29-22.29.30:013][  0]LogConfig: Setting CVar [[r.DepthOfFieldQuality:2]]
[2020.09.29-22.29.30:013][  0]LogConfig: Setting CVar [[r.RenderTargetPoolMin:400]]
[2020.09.29-22.29.30:013][  0]LogConfig: Setting CVar [[r.LensFlareQuality:2]]
[2020.09.29-22.29.30:013][  0]LogConfig: Setting CVar [[r.SceneColorFringeQuality:1]]
[2020.09.29-22.29.30:013][  0]LogConfig: Setting CVar [[r.EyeAdaptationQuality:2]]
[2020.09.29-22.29.30:013][  0]LogConfig: Setting CVar [[r.BloomQuality:5]]
[2020.09.29-22.29.30:013][  0]LogConfig: Setting CVar [[r.FastBlurThreshold:100]]
[2020.09.29-22.29.30:013][  0]LogConfig: Setting CVar [[r.Upscale.Quality:3]]
[2020.09.29-22.29.30:013][  0]LogConfig: Setting CVar [[r.Tonemapper.GrainQuantization:1]]
[2020.09.29-22.29.30:013][  0]LogConfig: Setting CVar [[r.LightShaftQuality:1]]
[2020.09.29-22.29.30:013][  0]LogConfig: Setting CVar [[r.Filter.SizeScale:1]]
[2020.09.29-22.29.30:013][  0]LogConfig: Setting CVar [[r.Tonemapper.Quality:5]]
[2020.09.29-22.29.30:013][  0]LogConfig: Setting CVar [[r.DOF.Gather.AccumulatorQuality:1        ; higher gathering accumulator quality]]
[2020.09.29-22.29.30:013][  0]LogConfig: Setting CVar [[r.DOF.Gather.PostfilterMethod:1          ; Median3x3 postfilering method]]
[2020.09.29-22.29.30:013][  0]LogConfig: Setting CVar [[r.DOF.Gather.EnableBokehSettings:0       ; no bokeh simulation when gathering]]
[2020.09.29-22.29.30:013][  0]LogConfig: Setting CVar [[r.DOF.Gather.RingCount:4                 ; medium number of samples when gathering]]
[2020.09.29-22.29.30:013][  0]LogConfig: Setting CVar [[r.DOF.Scatter.ForegroundCompositing:1    ; additive foreground scattering]]
[2020.09.29-22.29.30:013][  0]LogConfig: Setting CVar [[r.DOF.Scatter.BackgroundCompositing:2    ; additive background scattering]]
[2020.09.29-22.29.30:013][  0]LogConfig: Setting CVar [[r.DOF.Scatter.EnableBokehSettings:1      ; bokeh simulation when scattering]]
[2020.09.29-22.29.30:013][  0]LogConfig: Setting CVar [[r.DOF.Scatter.MaxSpriteRatio:0.1         ; only a maximum of 10% of scattered bokeh]]
[2020.09.29-22.29.30:013][  0]LogConfig: Setting CVar [[r.DOF.Recombine.Quality:1                ; cheap slight out of focus]]
[2020.09.29-22.29.30:013][  0]LogConfig: Setting CVar [[r.DOF.Recombine.EnableBokehSettings:0    ; no bokeh simulation on slight out of focus]]
[2020.09.29-22.29.30:013][  0]LogConfig: Setting CVar [[r.DOF.TemporalAAQuality:1                ; more stable temporal accumulation]]
[2020.09.29-22.29.30:013][  0]LogConfig: Setting CVar [[r.DOF.Kernel.MaxForegroundRadius:0.025]]
[2020.09.29-22.29.30:013][  0]LogConfig: Setting CVar [[r.DOF.Kernel.MaxBackgroundRadius:0.025]]
[2020.09.29-22.29.30:013][  0]LogConfig: Applying CVar settings from Section [TextureQuality@3] File [E:/UnrealGit/Homework2-Group/Homework2 - Copy/Saved/Config/Windows/Scalability.ini]
[2020.09.29-22.29.30:013][  0]LogConfig: Setting CVar [[r.Streaming.MipBias:0]]
[2020.09.29-22.29.30:013][  0]LogConfig: Setting CVar [[r.Streaming.AmortizeCPUToGPUCopy:0]]
[2020.09.29-22.29.30:013][  0]LogConfig: Setting CVar [[r.Streaming.MaxNumTexturesToStreamPerFrame:0]]
[2020.09.29-22.29.30:013][  0]LogConfig: Setting CVar [[r.Streaming.Boost:1]]
[2020.09.29-22.29.30:013][  0]LogConfig: Setting CVar [[r.MaxAnisotropy:8]]
[2020.09.29-22.29.30:013][  0]LogConfig: Setting CVar [[r.Streaming.LimitPoolSizeToVRAM:0]]
[2020.09.29-22.29.30:013][  0]LogConfig: Setting CVar [[r.Streaming.PoolSize:1000]]
[2020.09.29-22.29.30:013][  0]LogConfig: Setting CVar [[r.Streaming.MaxEffectiveScreenSize:0]]
[2020.09.29-22.29.30:014][  0]LogConfig: Applying CVar settings from Section [EffectsQuality@3] File [E:/UnrealGit/Homework2-Group/Homework2 - Copy/Saved/Config/Windows/Scalability.ini]
[2020.09.29-22.29.30:014][  0]LogConfig: Setting CVar [[r.TranslucencyLightingVolumeDim:64]]
[2020.09.29-22.29.30:014][  0]LogConfig: Setting CVar [[r.RefractionQuality:2]]
[2020.09.29-22.29.30:014][  0]LogConfig: Setting CVar [[r.SSR.Quality:3]]
[2020.09.29-22.29.30:014][  0]LogConfig: Setting CVar [[r.SceneColorFormat:4]]
[2020.09.29-22.29.30:014][  0]LogConfig: Setting CVar [[r.DetailMode:2]]
[2020.09.29-22.29.30:014][  0]LogConfig: Setting CVar [[r.TranslucencyVolumeBlur:1]]
[2020.09.29-22.29.30:014][  0]LogConfig: Setting CVar [[r.MaterialQualityLevel:1 ; High quality]]
[2020.09.29-22.29.30:014][  0]LogConfig: Setting CVar [[r.SSS.Scale:1]]
[2020.09.29-22.29.30:014][  0]LogConfig: Setting CVar [[r.SSS.SampleSet:2]]
[2020.09.29-22.29.30:014][  0]LogConfig: Setting CVar [[r.SSS.Quality:1]]
[2020.09.29-22.29.30:014][  0]LogConfig: Setting CVar [[r.SSS.HalfRes:1]]
[2020.09.29-22.29.30:014][  0]LogConfig: Setting CVar [[r.EmitterSpawnRateScale:1.0]]
[2020.09.29-22.29.30:014][  0]LogConfig: Setting CVar [[r.ParticleLightQuality:2]]
[2020.09.29-22.29.30:014][  0]LogConfig: Applying CVar settings from Section [FoliageQuality@3] File [E:/UnrealGit/Homework2-Group/Homework2 - Copy/Saved/Config/Windows/Scalability.ini]
[2020.09.29-22.29.30:014][  0]LogConfig: Setting CVar [[foliage.DensityScale:1.0]]
[2020.09.29-22.29.30:014][  0]LogConfig: Setting CVar [[grass.DensityScale:1.0]]
[2020.09.29-22.29.30:014][  0]LogConfig: Applying CVar settings from Section [Startup] File [../../../Engine/Config/ConsoleVariables.ini]
[2020.09.29-22.29.30:015][  0]LogConfig: Setting CVar [[net.UseAdaptiveNetUpdateFrequency:0]]
[2020.09.29-22.29.30:015][  0]LogConfig: Setting CVar [[p.chaos.AllowCreatePhysxBodies:1]]
[2020.09.29-22.29.30:015][  0]LogConfig: Applying CVar settings from Section [ConsoleVariables] File [E:/UnrealGit/Homework2-Group/Homework2 - Copy/Saved/Config/Windows/Engine.ini]
[2020.09.29-22.29.30:015][  0]LogInit: Computer: DESKTOP-AR41PVV
[2020.09.29-22.29.30:015][  0]LogInit: User: CutieCutie
[2020.09.29-22.29.30:015][  0]LogInit: CPU Page size=4096, Cores=4
[2020.09.29-22.29.30:015][  0]LogInit: High frequency timer resolution =10.000000 MHz
[2020.09.29-22.29.30:016][  0]LogMemory: Memory total: Physical=7.9GB (8GB approx)
[2020.09.29-22.29.30:016][  0]LogMemory: Platform Memory Stats for Windows
[2020.09.29-22.29.30:016][  0]LogMemory: Process Physical Memory: 97.36 MB used, 97.36 MB peak
[2020.09.29-22.29.30:016][  0]LogMemory: Process Virtual Memory: 89.00 MB used, 89.00 MB peak
[2020.09.29-22.29.30:016][  0]LogMemory: Physical Memory: 4908.44 MB used,  3203.67 MB free, 8112.11 MB total
[2020.09.29-22.29.30:016][  0]LogMemory: Virtual Memory: 4642.29 MB used,  134213088.00 MB free, 134217728.00 MB total
[2020.09.29-22.29.30:060][  0]LogInit: Using OS detected language (en-US).
[2020.09.29-22.29.30:060][  0]LogInit: Using OS detected locale (en-CA).
[2020.09.29-22.29.30:063][  0]LogTextLocalizationManager: No specific localization for 'en-US' exists, so the 'en' localization will be used.
[2020.09.29-22.29.30:484][  0]LogInit: Setting process to per monitor DPI aware
[2020.09.29-22.29.30:530][  0]LogSlate: New Slate User Created.  User Index 0, Is Virtual User: 0
[2020.09.29-22.29.30:530][  0]LogSlate: Slate User Registered.  User Index 0, Is Virtual User: 0
[2020.09.29-22.29.31:027][  0]LogHMD: Failed to initialize OpenVR with code 110
[2020.09.29-22.29.31:027][  0]LogD3D11RHI: D3D11 adapters:
[2020.09.29-22.29.31:121][  0]LogD3D11RHI:    0. 'NVIDIA GeForce GTX 1050' (Feature Level 11_0)
[2020.09.29-22.29.31:121][  0]LogD3D11RHI:       1979/0/4056 MB DedicatedVideo/DedicatedSystem/SharedSystem, Outputs:1, VendorId:0x10de
[2020.09.29-22.29.31:136][  0]LogD3D11RHI:    1. 'Intel(R) HD Graphics 630' (Feature Level 11_0)
[2020.09.29-22.29.31:136][  0]LogD3D11RHI:       128/0/4056 MB DedicatedVideo/DedicatedSystem/SharedSystem, Outputs:0, VendorId:0x8086
[2020.09.29-22.29.31:139][  0]LogD3D11RHI:    2. 'Microsoft Basic Render Driver' (Feature Level 11_0)
[2020.09.29-22.29.31:139][  0]LogD3D11RHI:       0/0/4056 MB DedicatedVideo/DedicatedSystem/SharedSystem, Outputs:0, VendorId:0x1414
[2020.09.29-22.29.31:139][  0]LogD3D11RHI: Chosen D3D11 Adapter: 0
[2020.09.29-22.29.31:169][  0]LogD3D11RHI: Creating new Direct3DDevice
[2020.09.29-22.29.31:169][  0]LogD3D11RHI:     GPU DeviceId: 0x1c8d (for the marketing name, search the web for "GPU Device Id")
[2020.09.29-22.29.31:169][  0]LogWindows: EnumDisplayDevices:
[2020.09.29-22.29.31:169][  0]LogWindows:    0. 'Intel(R) HD Graphics 630' (P:1 D:1)
[2020.09.29-22.29.31:170][  0]LogWindows:    1. 'Intel(R) HD Graphics 630' (P:0 D:0)
[2020.09.29-22.29.31:170][  0]LogWindows:    2. 'Intel(R) HD Graphics 630' (P:0 D:0)
[2020.09.29-22.29.31:170][  0]LogWindows: DebugString: PrimaryIsNotTheChoosenAdapter PrimaryIsNotTheChoosenAdapter PrimaryIsNotTheChoosenAdapter FoundDriverCount:0 
[2020.09.29-22.29.31:170][  0]LogD3D11RHI:     Adapter Name: NVIDIA GeForce GTX 1050
[2020.09.29-22.29.31:170][  0]LogD3D11RHI:   Driver Version: Unknown (internal:Unknown, unified:Unknown)
[2020.09.29-22.29.31:170][  0]LogD3D11RHI:      Driver Date: Unknown
[2020.09.29-22.29.31:170][  0]LogRHI: Texture pool is 1385 MB (70% of 1979 MB)
[2020.09.29-22.29.31:218][  0]LogD3D11RHI: Async texture creation enabled
[2020.09.29-22.29.31:223][  0]LogRendererCore: FGlobalReadBuffer::InitRHI
[2020.09.29-22.29.31:224][  0]LogRendererCore: FGlobalReadBuffer::InitRHI
[2020.09.29-22.29.31:224][  0]LogRendererCore: FGlobalReadBuffer::InitRHI
[2020.09.29-22.29.31:234][  0]LogD3D11RHI: GPU Timing Frequency: 1000.000000 (Debug: 2 1)
[2020.09.29-22.29.31:634][  0]LogTemp: Display: Module 'AllDesktopTargetPlatform' loaded TargetPlatform 'AllDesktop'
[2020.09.29-22.29.31:649][  0]LogTemp: Display: Module 'MacClientTargetPlatform' loaded TargetPlatform 'MacClient'
[2020.09.29-22.29.31:662][  0]LogTemp: Display: Module 'MacNoEditorTargetPlatform' loaded TargetPlatform 'MacNoEditor'
[2020.09.29-22.29.31:675][  0]LogTemp: Display: Module 'MacServerTargetPlatform' loaded TargetPlatform 'MacServer'
[2020.09.29-22.29.31:690][  0]LogTemp: Display: Module 'MacTargetPlatform' loaded TargetPlatform 'Mac'
[2020.09.29-22.29.31:703][  0]LogTemp: Display: Module 'WindowsClientTargetPlatform' loaded TargetPlatform 'WindowsClient'
[2020.09.29-22.29.31:717][  0]LogTemp: Display: Module 'WindowsNoEditorTargetPlatform' loaded TargetPlatform 'WindowsNoEditor'
[2020.09.29-22.29.31:732][  0]LogTemp: Display: Module 'WindowsServerTargetPlatform' loaded TargetPlatform 'WindowsServer'
[2020.09.29-22.29.31:738][  0]LogTemp: Display: Module 'WindowsTargetPlatform' loaded TargetPlatform 'Windows'
[2020.09.29-22.29.31:817][  0]LogTemp: Display: Module 'AndroidTargetPlatform' loaded TargetPlatform 'Android'
[2020.09.29-22.29.31:817][  0]LogTemp: Display: Module 'AndroidTargetPlatform' loaded TargetPlatform 'Android_ASTC'
[2020.09.29-22.29.31:817][  0]LogTemp: Display: Module 'AndroidTargetPlatform' loaded TargetPlatform 'Android_ATC'
[2020.09.29-22.29.31:817][  0]LogTemp: Display: Module 'AndroidTargetPlatform' loaded TargetPlatform 'Android_DXT'
[2020.09.29-22.29.31:817][  0]LogTemp: Display: Module 'AndroidTargetPlatform' loaded TargetPlatform 'Android_ETC1'
[2020.09.29-22.29.31:817][  0]LogTemp: Display: Module 'AndroidTargetPlatform' loaded TargetPlatform 'Android_ETC1a'
[2020.09.29-22.29.31:817][  0]LogTemp: Display: Module 'AndroidTargetPlatform' loaded TargetPlatform 'Android_ETC2'
[2020.09.29-22.29.31:817][  0]LogTemp: Display: Module 'AndroidTargetPlatform' loaded TargetPlatform 'Android_PVRTC'
[2020.09.29-22.29.31:817][  0]LogTemp: Display: Module 'AndroidTargetPlatform' loaded TargetPlatform 'AndroidClient'
[2020.09.29-22.29.31:817][  0]LogTemp: Display: Module 'AndroidTargetPlatform' loaded TargetPlatform 'Android_ASTCClient'
[2020.09.29-22.29.31:817][  0]LogTemp: Display: Module 'AndroidTargetPlatform' loaded TargetPlatform 'Android_ATCClient'
[2020.09.29-22.29.31:817][  0]LogTemp: Display: Module 'AndroidTargetPlatform' loaded TargetPlatform 'Android_DXTClient'
[2020.09.29-22.29.31:817][  0]LogTemp: Display: Module 'AndroidTargetPlatform' loaded TargetPlatform 'Android_ETC1Client'
[2020.09.29-22.29.31:817][  0]LogTemp: Display: Module 'AndroidTargetPlatform' loaded TargetPlatform 'Android_ETC1aClient'
[2020.09.29-22.29.31:817][  0]LogTemp: Display: Module 'AndroidTargetPlatform' loaded TargetPlatform 'Android_ETC2Client'
[2020.09.29-22.29.31:817][  0]LogTemp: Display: Module 'AndroidTargetPlatform' loaded TargetPlatform 'Android_PVRTCClient'
[2020.09.29-22.29.31:817][  0]LogTemp: Display: Module 'AndroidTargetPlatform' loaded TargetPlatform 'Android_Multi'
[2020.09.29-22.29.31:817][  0]LogTemp: Display: Module 'AndroidTargetPlatform' loaded TargetPlatform 'Android_MultiClient'
[2020.09.29-22.29.31:820][  0]LogTemp: Display: Module 'HTML5TargetPlatform' loaded TargetPlatform 'HTML5'
[2020.09.29-22.29.31:871][  0]LogTemp: Display: Module 'IOSTargetPlatform' loaded TargetPlatform 'IOSClient'
[2020.09.29-22.29.31:871][  0]LogTemp: Display: Module 'IOSTargetPlatform' loaded TargetPlatform 'IOS'
[2020.09.29-22.29.31:894][  0]LogTemp: Display: Module 'TVOSTargetPlatform' loaded TargetPlatform 'TVOSClient'
[2020.09.29-22.29.31:894][  0]LogTemp: Display: Module 'TVOSTargetPlatform' loaded TargetPlatform 'TVOS'
[2020.09.29-22.29.31:906][  0]LogTemp: Display: Module 'LinuxClientTargetPlatform' loaded TargetPlatform 'LinuxClient'
[2020.09.29-22.29.31:919][  0]LogTemp: Display: Module 'LinuxNoEditorTargetPlatform' loaded TargetPlatform 'LinuxNoEditor'
[2020.09.29-22.29.31:932][  0]LogTemp: Display: Module 'LinuxServerTargetPlatform' loaded TargetPlatform 'LinuxServer'
[2020.09.29-22.29.31:945][  0]LogTemp: Display: Module 'LinuxTargetPlatform' loaded TargetPlatform 'Linux'
[2020.09.29-22.29.31:989][  0]LogTemp: Display: Module 'LuminTargetPlatform' loaded TargetPlatform 'Lumin'
[2020.09.29-22.29.31:989][  0]LogTemp: Display: Module 'LuminTargetPlatform' loaded TargetPlatform 'LuminClient'
[2020.09.29-22.29.31:989][  0]LogTargetPlatformManager: Display: Building Assets For Windows
[2020.09.29-22.29.32:000][  0]LogAudioDebug: Display: Lib vorbis DLL was dynamically loaded.
[2020.09.29-22.29.32:057][  0]LogShaderCompilers: Guid format shader working directory is 6 characters bigger than the processId version (E:/UnrealGit/Homework2-Group/Homework2 - Copy/Intermediate/Shaders/WorkingDirectory/12980/).
[2020.09.29-22.29.32:058][  0]LogShaderCompilers: Cleaned the shader compiler working directory 'C:/Users/Cutie Cutie/AppData/Local/Temp/UnrealShaderWorkingDir/C2652F3D460214D60E91F1A9D4AE006E/'.
[2020.09.29-22.29.32:060][  0]LogXGEController: Cannot use XGE Controller as Incredibuild is not installed on this machine.
[2020.09.29-22.29.32:060][  0]LogShaderCompilers: Cannot use XGE Shader Compiler as Incredibuild is not installed on this machine.
[2020.09.29-22.29.32:060][  0]LogShaderCompilers: Display: Using Local Shader Compiler.
[2020.09.29-22.29.32:726][  0]LogDerivedDataCache: Display: Max Cache Size: 512 MB
[2020.09.29-22.29.32:919][  0]LogDerivedDataCache: Loaded boot cache 0.19s 71MB C:/Users/Cutie Cutie/AppData/Local/UnrealEngine/4.22/DerivedDataCache/Boot.ddc.
[2020.09.29-22.29.32:919][  0]LogDerivedDataCache: Display: Loaded Boot cache: C:/Users/Cutie Cutie/AppData/Local/UnrealEngine/4.22/DerivedDataCache/Boot.ddc
[2020.09.29-22.29.32:919][  0]LogDerivedDataCache: FDerivedDataBackendGraph:  Pak pak cache file E:/UnrealGit/Homework2-Group/Homework2 - Copy/DerivedDataCache/DDC.ddp not found, will not use a pak cache.
[2020.09.29-22.29.32:919][  0]LogDerivedDataCache: Unable to find inner node Pak for hierarchical cache Hierarchy.
[2020.09.29-22.29.32:919][  0]LogDerivedDataCache: FDerivedDataBackendGraph:  CompressedPak pak cache file E:/UnrealGit/Homework2-Group/Homework2 - Copy/DerivedDataCache/Compressed.ddp not found, will not use a pak cache.
[2020.09.29-22.29.32:919][  0]LogDerivedDataCache: Unable to find inner node CompressedPak for hierarchical cache Hierarchy.
[2020.09.29-22.29.32:931][  0]LogDerivedDataCache: Display: Pak cache opened for reading ../../../Engine/DerivedDataCache/Compressed.ddp.
[2020.09.29-22.29.32:931][  0]LogDerivedDataCache: FDerivedDataBackendGraph:  EnterprisePak pak cache file ../../../Enterprise/DerivedDataCache/Compressed.ddp not found, will not use a pak cache.
[2020.09.29-22.29.32:931][  0]LogDerivedDataCache: Unable to find inner node EnterprisePak for hierarchical cache Hierarchy.
[2020.09.29-22.29.32:943][  0]LogDerivedDataCache: Using Local data cache path C:/Users/Cutie Cutie/AppData/Local/UnrealEngine/Common/DerivedDataCache: Writable
[2020.09.29-22.29.32:943][  0]LogDerivedDataCache: Shared data cache path not found in *engine.ini, will not use an Shared cache.
[2020.09.29-22.29.32:943][  0]LogDerivedDataCache: Unable to find inner node Shared for hierarchical cache Hierarchy.
[2020.09.29-22.29.32:967][  0]LogMaterial: Verifying Global Shaders for PCD3D_SM5
[2020.09.29-22.29.32:969][  0]LogSlate: Using FreeType 2.6.0
[2020.09.29-22.29.32:970][  0]LogSlate: SlateFontServices - WITH_FREETYPE: 1, WITH_HARFBUZZ: 1
[2020.09.29-22.29.33:120][  0]LogAssetRegistry: FAssetRegistry took 0.0323 seconds to start up
[2020.09.29-22.29.33:453][  0]LogInit: Selected Device Profile: [Windows]
[2020.09.29-22.29.33:605][  0]LogMeshReduction: Using QuadricMeshReduction for automatic static mesh reduction
[2020.09.29-22.29.33:606][  0]LogMeshReduction: Using SimplygonMeshReduction for automatic skeletal mesh reduction
[2020.09.29-22.29.33:606][  0]LogMeshReduction: Using ProxyLODMeshReduction for automatic mesh merging
[2020.09.29-22.29.33:606][  0]LogMeshReduction: No distributed automatic mesh merging module available
[2020.09.29-22.29.33:606][  0]LogMeshMerging: No distributed automatic mesh merging module available
[2020.09.29-22.29.33:618][  0]LogNetVersion: Homework2 1.0.0, NetCL: 5660361, EngineNetVer: 10, GameNetVer: 0 (Checksum: 1281741258)
[2020.09.29-22.29.34:044][  0]LogPackageLocalizationCache: Processed 10 localized package path(s) for 1 prioritized culture(s) in 0.027511 seconds
[2020.09.29-22.29.34:052][  0]LogUObjectArray: 42205 objects as part of root set at end of initial load.
[2020.09.29-22.29.34:052][  0]LogUObjectAllocator: 7325032 out of 0 bytes used by permanent object pool.
[2020.09.29-22.29.34:052][  0]LogUObjectArray: CloseDisregardForGC: 0/0 objects in disregard for GC pool
[2020.09.29-22.29.35:530][  0]LogTcpMessaging: Initializing TcpMessaging bridge
[2020.09.29-22.29.35:545][  0]LogUdpMessaging: Initializing bridge on interface 0.0.0.0:0 to multicast group 230.0.0.1:6666.
[2020.09.29-22.29.35:671][  0]SourceControl: Source control is disabled
[2020.09.29-22.29.35:671][  0]SourceControl: Source control is disabled
[2020.09.29-22.29.35:674][  0]SourceControl: Source control is disabled
[2020.09.29-22.29.35:676][  0]SourceControl: Source control is disabled
[2020.09.29-22.29.35:787][  0]LogAndroidPermission: UAndroidPermissionCallbackProxy::GetInstance
[2020.09.29-22.29.35:946][  0]LogOcInput: OculusInput pre-init called
[2020.09.29-22.29.36:600][  0]LogEngine: Initializing Engine...
[2020.09.29-22.29.36:601][  0]LogHMD: Failed to initialize OpenVR with code 110
[2020.09.29-22.29.36:602][  0]LogStats: UGameplayTagsManager::InitializeManager -  0.000 s
[2020.09.29-22.29.36:815][  0]LogInit: Initializing FReadOnlyCVARCache
[2020.09.29-22.29.36:832][  0]LogAIModule: Creating AISystem for world Untitled
[2020.09.29-22.29.36:921][  0]LogInit: XAudio2 using 'TV Monitor (Intel(R) Display Audio)' : 2 channels at 48 kHz using 16 bits per sample (channel mask 0x3)
[2020.09.29-22.29.36:960][  0]LogInit: FAudioDevice initialized.
[2020.09.29-22.29.36:960][  0]LogNetVersion: Set ProjectVersion to 1.0.0.0. Version Checksum will be recalculated on next use.
[2020.09.29-22.29.37:041][  0]LogDerivedDataCache: Saved boot cache 0.08s 71MB C:/Users/Cutie Cutie/AppData/Local/UnrealEngine/4.22/DerivedDataCache/Boot.ddc.
[2020.09.29-22.29.37:046][  0]LogInit: Texture streaming: Enabled
[2020.09.29-22.29.37:064][  0]LogEngineSessionManager: EngineSessionManager initialized
[2020.09.29-22.29.37:085][  0]LogInit: Transaction tracking system initialized
[2020.09.29-22.29.37:110][  0]BlueprintLog: New page: Editor Load
[2020.09.29-22.29.37:204][  0]LocalizationService: Localization service is disabled
[2020.09.29-22.29.37:495][  0]LogFileCache: Scanning file cache for directory 'E:/UnrealGit/Homework2-Group/Homework2 - Copy/Content/' took 0.01s
[2020.09.29-22.29.37:496][  0]LogCook: Display: Max memory allowance for cook 16384mb min free memory 0mb
[2020.09.29-22.29.37:496][  0]LogCook: Display: Mobile HDR setting 1
[2020.09.29-22.29.37:723][  0]SourceControl: Source control is disabled
[2020.09.29-22.29.37:723][  0]Cmd: MAP LOAD FILE="../../../Engine/Content/Maps/Templates/Template_Default.umap" TEMPLATE=1 SHOWPROGRESS=1 FEATURELEVEL=3
[2020.09.29-22.29.37:723][  0]LightingResults: New page: Lighting Build
[2020.09.29-22.29.37:726][  0]MapCheck: New page: Map Check
[2020.09.29-22.29.37:726][  0]LightingResults: New page: Lighting Build
[2020.09.29-22.29.37:751][  0]LogUObjectHash: Compacting FUObjectHashTables data took   1.75ms
[2020.09.29-22.29.37:833][  0]LogAIModule: Creating AISystem for world Untitled_1
[2020.09.29-22.29.37:838][  0]LogEditorServer: Finished looking for orphan Actors (0.000 secs)
[2020.09.29-22.29.37:863][  0]LogUObjectHash: Compacting FUObjectHashTables data took   1.88ms
[2020.09.29-22.29.37:863][  0]Cmd: MAP CHECKDEP NOCLEARLOG
[2020.09.29-22.29.37:863][  0]MapCheck: Map check complete: 0 Error(s), 0 Warning(s), took 0.09ms to complete.
[2020.09.29-22.29.37:863][  0]LogFileHelpers: Loading map 'Template_Default' took 0.140
[2020.09.29-22.29.37:978][  0]LogSlate: Updating window title bar state: overlay mode, drag disabled, window buttons hidden, title bar hidden
[2020.09.29-22.29.37:991][  0]LogSlate: Updating window title bar state: overlay mode, drag disabled, window buttons hidden, title bar hidden
[2020.09.29-22.29.38:001][  0]LogSlate: Updating window title bar state: overlay mode, drag disabled, window buttons hidden, title bar hidden
[2020.09.29-22.29.38:009][  0]LogSlate: Updating window title bar state: overlay mode, drag disabled, window buttons hidden, title bar hidden
[2020.09.29-22.29.38:014][  0]LogCollectionManager: Loaded 0 collections in 0.000786 seconds
[2020.09.29-22.29.38:041][  0]LogFileCache: Scanning file cache for directory 'E:/UnrealGit/Homework2-Group/Homework2 - Copy/Saved/Collections/' took 0.01s
[2020.09.29-22.29.38:041][  0]LogFileCache: Scanning file cache for directory 'E:/UnrealGit/Homework2-Group/Homework2 - Copy/Content/Developers/CutieCutie/Collections/' took 0.01s
[2020.09.29-22.29.38:041][  0]LogFileCache: Scanning file cache for directory 'E:/UnrealGit/Homework2-Group/Homework2 - Copy/Content/Collections/' took 0.00s
[2020.09.29-22.29.38:042][  0]LogCollectionManager: Rebuilt the GUID cache for 0 collections in 0.000000 seconds
[2020.09.29-22.29.38:052][  0]LogContentBrowser: Native class hierarchy populated in 0.0103 seconds. Added 2732 classes and 659 folders.
[2020.09.29-22.29.38:059][  0]LogContentBrowser: Native class hierarchy updated for 'WidgetCarousel' in 0.0003 seconds. Added 0 classes and 0 folders.
[2020.09.29-22.29.38:062][  0]LogPakFile: Registered encryption key '00000000000000000000000000000000': 0 pak files mounted, 0 remain pending
[2020.09.29-22.29.38:063][  0]LogPakFile: Registered encryption key '00000000000000000000000000000000': 0 pak files mounted, 0 remain pending
[2020.09.29-22.29.38:065][  0]LogPakFile: Registered encryption key '00000000000000000000000000000000': 0 pak files mounted, 0 remain pending
[2020.09.29-22.29.38:067][  0]LogPakFile: Registered encryption key '00000000000000000000000000000000': 0 pak files mounted, 0 remain pending
[2020.09.29-22.29.38:068][  0]LogPakFile: Registered encryption key '00000000000000000000000000000000': 0 pak files mounted, 0 remain pending
[2020.09.29-22.29.38:069][  0]LogPakFile: Registered encryption key '00000000000000000000000000000000': 0 pak files mounted, 0 remain pending
[2020.09.29-22.29.38:071][  0]LogPakFile: Registered encryption key '00000000000000000000000000000000': 0 pak files mounted, 0 remain pending
[2020.09.29-22.29.38:073][  0]LogPakFile: Registered encryption key '00000000000000000000000000000000': 0 pak files mounted, 0 remain pending
[2020.09.29-22.29.38:074][  0]LogPakFile: Registered encryption key '00000000000000000000000000000000': 0 pak files mounted, 0 remain pending
[2020.09.29-22.29.38:076][  0]LogPakFile: Registered encryption key '00000000000000000000000000000000': 0 pak files mounted, 0 remain pending
[2020.09.29-22.29.38:077][  0]LogPakFile: Registered encryption key '00000000000000000000000000000000': 0 pak files mounted, 0 remain pending
[2020.09.29-22.29.38:079][  0]LogPakFile: Registered encryption key '00000000000000000000000000000000': 0 pak files mounted, 0 remain pending
[2020.09.29-22.29.38:080][  0]LogPakFile: Registered encryption key '00000000000000000000000000000000': 0 pak files mounted, 0 remain pending
[2020.09.29-22.29.38:082][  0]LogPakFile: Registered encryption key '00000000000000000000000000000000': 0 pak files mounted, 0 remain pending
[2020.09.29-22.29.38:084][  0]LogPakFile: Registered encryption key '00000000000000000000000000000000': 0 pak files mounted, 0 remain pending
[2020.09.29-22.29.38:087][  0]LogPakFile: Registered encryption key '00000000000000000000000000000000': 0 pak files mounted, 0 remain pending
[2020.09.29-22.29.38:089][  0]LogPakFile: Registered encryption key '00000000000000000000000000000000': 0 pak files mounted, 0 remain pending
[2020.09.29-22.29.38:090][  0]LogPakFile: Registered encryption key '00000000000000000000000000000000': 0 pak files mounted, 0 remain pending
[2020.09.29-22.29.38:092][  0]LogPakFile: Registered encryption key '00000000000000000000000000000000': 0 pak files mounted, 0 remain pending
[2020.09.29-22.29.38:094][  0]LogPakFile: Registered encryption key '00000000000000000000000000000000': 0 pak files mounted, 0 remain pending
[2020.09.29-22.29.38:095][  0]LogPakFile: Registered encryption key '00000000000000000000000000000000': 0 pak files mounted, 0 remain pending
[2020.09.29-22.29.38:097][  0]LogPakFile: Registered encryption key '00000000000000000000000000000000': 0 pak files mounted, 0 remain pending
[2020.09.29-22.29.38:098][  0]LogPakFile: Registered encryption key '00000000000000000000000000000000': 0 pak files mounted, 0 remain pending
[2020.09.29-22.29.38:101][  0]LogPakFile: Registered encryption key '00000000000000000000000000000000': 0 pak files mounted, 0 remain pending
[2020.09.29-22.29.38:101][  0]LogPakFile: Registered encryption key '00000000000000000000000000000000': 0 pak files mounted, 0 remain pending
[2020.09.29-22.29.38:103][  0]LogPakFile: Registered encryption key '00000000000000000000000000000000': 0 pak files mounted, 0 remain pending
[2020.09.29-22.29.38:155][  0]LogContentBrowser: Native class hierarchy updated for 'AddContentDialog' in 0.0003 seconds. Added 0 classes and 0 folders.
[2020.09.29-22.29.38:162][  0]LogContentBrowser: Native class hierarchy updated for 'SceneOutliner' in 0.0003 seconds. Added 1 classes and 2 folders.
[2020.09.29-22.29.38:179][  0]LogSlate: Took 0.001060 seconds to synchronously load lazily loaded font '../../../Engine/Content/Slate/Fonts/Roboto-Regular.ttf' (155K)
[2020.09.29-22.29.38:183][  0]LogSlate: Took 0.001497 seconds to synchronously load lazily loaded font '../../../Engine/Content/Slate/Fonts/Roboto-Bold.ttf' (160K)
[2020.09.29-22.29.38:192][  0]LogSlate: Took 0.000815 seconds to synchronously load lazily loaded font '../../../Engine/Content/Editor/Slate/Fonts/FontAwesome.ttf' (139K)
[2020.09.29-22.29.38:268][  0]LogRenderer: Reallocating scene render targets to support 636x480 Format 10 NumSamples 1 (Frame:1).
[2020.09.29-22.29.38:583][  0]LogContentBrowser: Native class hierarchy updated for 'HierarchicalLODOutliner' in 0.0003 seconds. Added 0 classes and 0 folders.
[2020.09.29-22.29.38:583][  0]LogLoad: (Engine Initialization) Total time: 10.86 seconds
[2020.09.29-22.29.38:583][  0]LogLoad: (Engine Initialization) Total Blueprint compile time: 0.00 seconds
[2020.09.29-22.29.38:643][  0]LogAssetRegistry: Asset discovery search completed in 5.5455 seconds
[2020.09.29-22.29.38:646][  0]LogCollectionManager: Rebuilt the object cache for 0 collections in 0.000000 seconds (found 0 objects)
[2020.09.29-22.29.38:646][  0]LogCollectionManager: Fixed up redirectors for 0 collections in 0.000053 seconds (updated 0 objects)
[2020.09.29-22.29.38:648][  0]LogContentStreaming: Texture pool size now 1000 MB
[2020.09.29-22.29.43:883][288]LogSlate: FSceneViewport::OnFocusLost() reason 0
[2020.09.29-22.29.45:331][346]LogSlate: Took 0.006127 seconds to synchronously load lazily loaded font '../../../Engine/Content/Slate/Fonts/Roboto-Light.ttf' (167K)
[2020.09.29-22.29.45:582][346]LogMaterial: Display: Missing cached shader map for material M_Brick_Clay_New, compiling. 
[2020.09.29-22.29.45:583][346]LogMaterial: Warning: E:\UnrealGit\Homework2-Group\Homework2 - Copy\Content\Materials\M_Brick_Clay_New.uasset: Failed to compile Material for platform PCD3D_SM5, Default Material will be used in game.
[2020.09.29-22.29.45:583][346]LogMaterial: 	(Node TextureSample) Texture Sample> Missing input texture
[2020.09.29-22.29.45:649][346]LogAIModule: Creating AISystem for world ThirdPersonExampleMap
[2020.09.29-22.29.45:719][346]LogAssetEditorManager: Opening Asset editor for World /Game/ThirdPersonBP/Maps/ThirdPersonExampleMap.ThirdPersonExampleMap
[2020.09.29-22.29.45:750][346]LogUObjectHash: Compacting FUObjectHashTables data took   2.09ms
[2020.09.29-22.29.45:751][346]Cmd: MAP LOAD FILE="E:/UnrealGit/Homework2-Group/Homework2 - Copy/Content/ThirdPersonBP/Maps/ThirdPersonExampleMap.umap" TEMPLATE=0 SHOWPROGRESS=1 FEATURELEVEL=3
[2020.09.29-22.29.45:751][346]LightingResults: New page: Lighting Build
[2020.09.29-22.29.45:751][346]LoadErrors: New page: Loading map: ThirdPersonExampleMap.umap
[2020.09.29-22.29.45:752][346]MapCheck: New page: Map Check
[2020.09.29-22.29.45:752][346]LightingResults: New page: Lighting Build
[2020.09.29-22.29.45:778][346]LogUObjectHash: Compacting FUObjectHashTables data took   1.64ms
[2020.09.29-22.29.45:788][346]LogEditorServer: Finished looking for orphan Actors (0.000 secs)
[2020.09.29-22.29.45:813][346]LogUObjectHash: Compacting FUObjectHashTables data took   1.42ms
[2020.09.29-22.29.45:829][346]Cmd: MAP CHECKDEP NOCLEARLOG
[2020.09.29-22.29.45:829][346]MapCheck: Map check complete: 0 Error(s), 0 Warning(s), took 0.067ms to complete.
[2020.09.29-22.29.45:829][346]LogFileHelpers: Loading map 'ThirdPersonExampleMap' took 0.079
[2020.09.29-22.30.03:468][174]LogSlate: FSceneViewport::OnFocusLost() reason 0
[2020.09.29-22.30.24:154][155]LogAssetEditorManager: Opening Asset editor for Blueprint /Game/Blueprint/BP_DoorA.BP_DoorA
[2020.09.29-22.30.24:484][155]LogContentBrowser: Native class hierarchy updated for 'BlueprintGraph' in 0.0005 seconds. Added 121 classes and 0 folders.
[2020.09.29-22.30.25:293][155]LogSlate: Took 0.000287 seconds to synchronously load lazily loaded font '../../../Engine/Content/Slate/Fonts/Roboto-BoldCondensed.ttf' (158K)
[2020.09.29-22.30.25:424][156]LogSlate: Took 0.000310 seconds to synchronously load lazily loaded font '../../../Engine/Content/Slate/Fonts/Roboto-Italic.ttf' (157K)
[2020.09.29-22.30.32:503][335]LogRenderer: Reallocating scene render targets to support 812x480 Format 10 NumSamples 1 (Frame:1).
[2020.09.29-22.30.44:670][651]LogSlate: FSceneViewport::OnFocusLost() reason 0
[2020.09.29-22.30.54:940][922]LogSlate: FSceneViewport::OnFocusLost() reason 0
[2020.09.29-22.31.09:393][307]LogSlate: FSceneViewport::OnFocusLost() reason 0
[2020.09.29-22.31.09:551][311]BlueprintLog: New page: Compile BP_DoorA
[2020.09.29-22.31.09:803][311]LogUObjectHash: Compacting FUObjectHashTables data took   2.94ms
[2020.09.29-22.31.10:531][326]Cmd: OBJ SAVEPACKAGE PACKAGE="/Game/Blueprint/BP_DoorA" FILE="E:/UnrealGit/Homework2-Group/Homework2 - Copy/Content/Blueprint/BP_DoorA.uasset" SILENT=true
[2020.09.29-22.31.10:591][326]LogSavePackage: Moving 'E:/UnrealGit/Homework2-Group/Homework2 - Copy/Saved/BP_DoorA5FBD376341CF9FA2BA644C89C1C816FD.tmp' to 'E:/UnrealGit/Homework2-Group/Homework2 - Copy/Content/Blueprint/BP_DoorA.uasset'
[2020.09.29-22.31.24:992][476]LogSlate: Window 'Color Picker' being destroyed
[2020.09.29-22.31.30:320][615]Cmd: OBJ SAVEPACKAGE PACKAGE="/Game/Blueprint/BP_DoorA" FILE="E:/UnrealGit/Homework2-Group/Homework2 - Copy/Content/Blueprint/BP_DoorA.uasset" SILENT=true
[2020.09.29-22.31.30:376][615]LogSavePackage: Moving 'E:/UnrealGit/Homework2-Group/Homework2 - Copy/Saved/BP_DoorA94C04A044EA4B2FC2F5A7CA065E8C37A.tmp' to 'E:/UnrealGit/Homework2-Group/Homework2 - Copy/Content/Blueprint/BP_DoorA.uasset'
[2020.09.29-22.31.36:740][779]Cmd: OBJ SAVEPACKAGE PACKAGE="/Game/Blueprint/BP_DoorA" FILE="E:/UnrealGit/Homework2-Group/Homework2 - Copy/Content/Blueprint/BP_DoorA.uasset" SILENT=true
[2020.09.29-22.31.36:796][779]LogSavePackage: Moving 'E:/UnrealGit/Homework2-Group/Homework2 - Copy/Saved/BP_DoorA713651C44ACF7E73E9AD85866EEBF5B5.tmp' to 'E:/UnrealGit/Homework2-Group/Homework2 - Copy/Content/Blueprint/BP_DoorA.uasset'
[2020.09.29-22.31.53:763][872]LogSlate: Window 'Color Picker' being destroyed
[2020.09.29-22.31.57:172][971]BlueprintLog: New page: Compile BP_DoorA
[2020.09.29-22.31.57:409][971]LogUObjectHash: Compacting FUObjectHashTables data took   3.52ms
[2020.09.29-22.31.58:475][994]Cmd: OBJ SAVEPACKAGE PACKAGE="/Game/Blueprint/BP_DoorA" FILE="E:/UnrealGit/Homework2-Group/Homework2 - Copy/Content/Blueprint/BP_DoorA.uasset" SILENT=true
[2020.09.29-22.31.58:532][994]LogSavePackage: Moving 'E:/UnrealGit/Homework2-Group/Homework2 - Copy/Saved/BP_DoorA40F156B94DE023D0619B2BBC7B45A302.tmp' to 'E:/UnrealGit/Homework2-Group/Homework2 - Copy/Content/Blueprint/BP_DoorA.uasset'
[2020.09.29-22.31.59:616][ 22]BlueprintLog: New page: Compile BP_DoorA
[2020.09.29-22.31.59:846][ 22]LogUObjectHash: Compacting FUObjectHashTables data took   2.90ms
[2020.09.29-22.32.00:484][ 34]Cmd: OBJ SAVEPACKAGE PACKAGE="/Game/Blueprint/BP_DoorA" FILE="E:/UnrealGit/Homework2-Group/Homework2 - Copy/Content/Blueprint/BP_DoorA.uasset" SILENT=true
[2020.09.29-22.32.00:541][ 34]LogSavePackage: Moving 'E:/UnrealGit/Homework2-Group/Homework2 - Copy/Saved/BP_DoorAE7EDE6EB4E5A857D0B80D0951197A54C.tmp' to 'E:/UnrealGit/Homework2-Group/Homework2 - Copy/Content/Blueprint/BP_DoorA.uasset'
[2020.09.29-22.32.20:535][563]BlueprintLog: New page: Compile BP_DoorA
[2020.09.29-22.32.20:788][563]LogUObjectHash: Compacting FUObjectHashTables data took   3.54ms
[2020.09.29-22.32.21:666][583]Cmd: OBJ SAVEPACKAGE PACKAGE="/Game/Blueprint/BP_DoorA" FILE="E:/UnrealGit/Homework2-Group/Homework2 - Copy/Content/Blueprint/BP_DoorA.uasset" SILENT=true
[2020.09.29-22.32.21:723][583]LogSavePackage: Moving 'E:/UnrealGit/Homework2-Group/Homework2 - Copy/Saved/BP_DoorA69080F7F4B6AE6511358CFBA674E9FC9.tmp' to 'E:/UnrealGit/Homework2-Group/Homework2 - Copy/Content/Blueprint/BP_DoorA.uasset'
[2020.09.29-22.32.30:161][821]BlueprintLog: New page: Compile BP_DoorA
[2020.09.29-22.32.30:390][821]LogUObjectHash: Compacting FUObjectHashTables data took   3.56ms
[2020.09.29-22.32.30:986][833]Cmd: OBJ SAVEPACKAGE PACKAGE="/Game/Blueprint/BP_DoorA" FILE="E:/UnrealGit/Homework2-Group/Homework2 - Copy/Content/Blueprint/BP_DoorA.uasset" SILENT=true
[2020.09.29-22.32.31:044][833]LogSavePackage: Moving 'E:/UnrealGit/Homework2-Group/Homework2 - Copy/Saved/BP_DoorA0C18540E4449D329DC88D1BD5E13B719.tmp' to 'E:/UnrealGit/Homework2-Group/Homework2 - Copy/Content/Blueprint/BP_DoorA.uasset'
[2020.09.29-22.32.37:768][ 18]BlueprintLog: New page: Compile BP_DoorA
[2020.09.29-22.32.38:000][ 18]LogUObjectHash: Compacting FUObjectHashTables data took   3.73ms
[2020.09.29-22.32.38:626][ 31]Cmd: OBJ SAVEPACKAGE PACKAGE="/Game/Blueprint/BP_DoorA" FILE="E:/UnrealGit/Homework2-Group/Homework2 - Copy/Content/Blueprint/BP_DoorA.uasset" SILENT=true
[2020.09.29-22.32.38:686][ 31]LogSavePackage: Moving 'E:/UnrealGit/Homework2-Group/Homework2 - Copy/Saved/BP_DoorAB023CF05411748138838B5ADDD13886B.tmp' to 'E:/UnrealGit/Homework2-Group/Homework2 - Copy/Content/Blueprint/BP_DoorA.uasset'
[2020.09.29-22.32.39:627][ 56]LogSlate: Window 'BP_DoorA' being destroyed
[2020.09.29-22.32.39:633][ 56]LogSlate: Window 'BP_DoorA' being destroyed
[2020.09.29-22.32.51:183][566]LogSlate: FSceneViewport::OnFocusLost() reason 0
[2020.09.29-22.32.51:331][572]LogAssetEditorManager: Opening Asset editor for Blueprint /Game/Blueprint/BP_DoorA.BP_DoorA
[2020.09.29-22.33.01:909][819]LogSlate: FSceneViewport::OnFocusLost() reason 0
[2020.09.29-22.33.18:390][259]LogSlate: FSceneViewport::OnFocusLost() reason 0
[2020.09.29-22.33.18:478][261]BlueprintLog: New page: Compile BP_DoorA
[2020.09.29-22.33.18:727][261]LogUObjectHash: Compacting FUObjectHashTables data took   3.39ms
[2020.09.29-22.33.19:445][277]Cmd: OBJ SAVEPACKAGE PACKAGE="/Game/Blueprint/BP_DoorA" FILE="E:/UnrealGit/Homework2-Group/Homework2 - Copy/Content/Blueprint/BP_DoorA.uasset" SILENT=true
[2020.09.29-22.33.19:501][277]LogSavePackage: Moving 'E:/UnrealGit/Homework2-Group/Homework2 - Copy/Saved/BP_DoorAB4641E3B4E1BC4A7B5125D82518B8150.tmp' to 'E:/UnrealGit/Homework2-Group/Homework2 - Copy/Content/Blueprint/BP_DoorA.uasset'
[2020.09.29-22.33.21:262][323]LogSlate: Window 'BP_DoorA' being destroyed
[2020.09.29-22.33.21:268][323]LogSlate: Window 'BP_DoorA' being destroyed
[2020.09.29-22.33.29:948][711]LogSlate: FSceneViewport::OnFocusLost() reason 0
[2020.09.29-22.33.30:103][717]LogUObjectHash: Compacting FUObjectHashTables data took   2.82ms
[2020.09.29-22.33.32:479][717]LogSlate: Window 'Save Content' being destroyed
[2020.09.29-22.33.35:028][836]LogUObjectHash: Compacting FUObjectHashTables data took   0.74ms
[2020.09.29-22.33.35:084][836]LogUObjectHash: Compacting FUObjectHashTables data took   0.80ms
[2020.09.29-22.33.35:333][836]LogSavePackage: Moving 'E:/UnrealGit/Homework2-Group/Homework2 - Copy/Saved/ThirdPersonExampleMapD37C3FAC4F442BE482DE3385783D888E.tmp' to 'E:/UnrealGit/Homework2-Group/Homework2 - Copy/Content/ThirdPersonBP/Maps/ThirdPersonExampleMap.umap'
[2020.09.29-22.33.35:351][836]LogFileHelpers: Saving map 'ThirdPersonExampleMap' took 0.299
[2020.09.29-22.33.36:508][887]LogUObjectHash: Compacting FUObjectHashTables data took   2.66ms
[2020.09.29-22.33.36:549][887]LogSlate: Window 'Homework2 - Unreal Editor' being destroyed
[2020.09.29-22.33.36:550][887]LogWindowsTextInputMethodSystem: Display: IME system now activated using TSF (Microsoft Pinyin).
[2020.09.29-22.33.36:853][888]Cmd: QUIT_EDITOR
[2020.09.29-22.33.36:896][888]LogExit: Preparing to exit.
[2020.09.29-22.33.37:862][888]LogExit: Editor shut down
[2020.09.29-22.33.37:863][888]LogExit: Transaction tracking system shut down
[2020.09.29-22.33.38:053][888]LogExit: Object subsystem successfully closed.
[2020.09.29-22.33.38:072][888]LogShaderCompilers: Display: Shaders left to compile 0
[2020.09.29-22.33.38:077][888]LogD3D11RHI: Shutdown
[2020.09.29-22.33.38:077][888]LogD3D11RHI: CleanupD3DDevice
[2020.09.29-22.33.38:077][888]LogRendererCore: FGlobalReadBuffer::ReleaseRHI
[2020.09.29-22.33.38:077][888]LogRendererCore: FGlobalDynamicReadBuffer::Cleanup()
[2020.09.29-22.33.38:077][888]LogRendererCore: FGlobalReadBuffer::ReleaseRHI
[2020.09.29-22.33.38:077][888]LogRendererCore: FGlobalDynamicReadBuffer::Cleanup()
[2020.09.29-22.33.38:077][888]LogRendererCore: FGlobalReadBuffer::ReleaseRHI
[2020.09.29-22.33.38:077][888]LogRendererCore: FGlobalDynamicReadBuffer::Cleanup()
[2020.09.29-22.33.38:202][888]LogD3D11RHI: ~FD3D11DynamicRHI
[2020.09.29-22.33.38:211][888]LogModuleManager: Shutting down and abandoning module BlueprintGraph (646)
[2020.09.29-22.33.38:211][888]LogModuleManager: Shutting down and abandoning module HierarchicalLODOutliner (644)
[2020.09.29-22.33.38:211][888]LogModuleManager: Shutting down and abandoning module SceneOutliner (642)
[2020.09.29-22.33.38:211][888]LogModuleManager: Shutting down and abandoning module AddContentDialog (640)
[2020.09.29-22.33.38:211][888]LogModuleManager: Shutting down and abandoning module WidgetCarousel (639)
[2020.09.29-22.33.38:211][888]LogModuleManager: Shutting down and abandoning module EditorWidgets (636)
[2020.09.29-22.33.38:211][888]LogModuleManager: Shutting down and abandoning module CollectionManager (634)
[2020.09.29-22.33.38:212][888]LogModuleManager: Shutting down and abandoning module HierarchicalLODUtilities (632)
[2020.09.29-22.33.38:212][888]LogModuleManager: Shutting down and abandoning module StatsViewer (630)
[2020.09.29-22.33.38:212][888]LogModuleManager: Shutting down and abandoning module FoliageEdit (628)
[2020.09.29-22.33.38:212][888]LogModuleManager: Shutting down and abandoning module LandscapeEditor (626)
[2020.09.29-22.33.38:212][888]LogModuleManager: Shutting down and abandoning module MeshPaintMode (624)
[2020.09.29-22.33.38:212][888]LogModuleManager: Shutting down and abandoning module SceneDepthPickerMode (622)
[2020.09.29-22.33.38:212][888]LogModuleManager: Shutting down and abandoning module ActorPickerMode (620)
[2020.09.29-22.33.38:212][888]LogModuleManager: Shutting down and abandoning module GeometryMode (618)
[2020.09.29-22.33.38:212][888]LogModuleManager: Shutting down and abandoning module TextureAlignMode (616)
[2020.09.29-22.33.38:212][888]LogModuleManager: Shutting down and abandoning module BspMode (614)
[2020.09.29-22.33.38:212][888]LogModuleManager: Shutting down and abandoning module PIEPreviewDeviceProfileSelector (612)
[2020.09.29-22.33.38:212][888]LogModuleManager: Shutting down and abandoning module SequenceRecorderSections (610)
[2020.09.29-22.33.38:212][888]LogModuleManager: Shutting down and abandoning module AutomationWorker (608)
[2020.09.29-22.33.38:212][888]LogModuleManager: Shutting down and abandoning module OculusMR (606)
[2020.09.29-22.33.38:212][888]LogModuleManager: Shutting down and abandoning module AudioCaptureEditor (604)
[2020.09.29-22.33.38:212][888]LogModuleManager: Shutting down and abandoning module MatineeToLevelSequence (602)
[2020.09.29-22.33.38:212][888]LogModuleManager: Shutting down and abandoning module LevelSequenceEditor (600)
[2020.09.29-22.33.38:212][888]LogModuleManager: Shutting down and abandoning module PlacementMode (599)
[2020.09.29-22.33.38:212][888]LogModuleManager: Shutting down and abandoning module MaterialEditor (598)
[2020.09.29-22.33.38:212][888]LogModuleManager: Shutting down and abandoning module ActorSequenceEditor (594)
[2020.09.29-22.33.38:212][888]LogModuleManager: Shutting down and abandoning module WmfMediaFactory (592)
[2020.09.29-22.33.38:212][888]LogModuleManager: Shutting down and abandoning module WmfMediaEditor (590)
[2020.09.29-22.33.38:212][888]LogModuleManager: Shutting down and abandoning module WebMMediaFactory (588)
[2020.09.29-22.33.38:212][888]LogModuleManager: Shutting down and abandoning module WebMMediaEditor (586)
[2020.09.29-22.33.38:212][888]LogModuleManager: Shutting down and abandoning module WebMMedia (584)
[2020.09.29-22.33.38:212][888]LogModuleManager: Shutting down and abandoning module MediaPlayerEditor (582)
[2020.09.29-22.33.38:212][888]LogModuleManager: Shutting down and abandoning module MediaCompositingEditor (580)
[2020.09.29-22.33.38:212][888]LogModuleManager: Shutting down and abandoning module SequenceRecorder (579)
[2020.09.29-22.33.38:212][888]LogModuleManager: Shutting down and abandoning module OpenExrWrapper (576)
[2020.09.29-22.33.38:212][888]LogModuleManager: Shutting down and abandoning module ImgMediaFactory (574)
[2020.09.29-22.33.38:212][888]LogModuleManager: Shutting down and abandoning module ImgMediaEditor (572)
[2020.09.29-22.33.38:212][888]LogModuleManager: Shutting down and abandoning module AvfMediaFactory (570)
[2020.09.29-22.33.38:213][888]LogModuleManager: Shutting down and abandoning module AvfMediaEditor (568)
[2020.09.29-22.33.38:213][888]LogModuleManager: Shutting down and abandoning module AndroidMediaFactory (566)
[2020.09.29-22.33.38:213][888]LogModuleManager: Shutting down and abandoning module AndroidMediaEditor (564)
[2020.09.29-22.33.38:213][888]LogModuleManager: Shutting down and abandoning module MagicLeapCameraPreviewFactory (562)
[2020.09.29-22.33.38:213][888]LogModuleManager: Shutting down and abandoning module MagicLeapMediaCodecFactory (560)
[2020.09.29-22.33.38:213][888]LogModuleManager: Shutting down and abandoning module MagicLeapMediaFactory (558)
[2020.09.29-22.33.38:213][888]LogModuleManager: Shutting down and abandoning module MagicLeapMediaEditor (556)
[2020.09.29-22.33.38:213][888]LogModuleManager: Shutting down and abandoning module CharacterAI (554)
[2020.09.29-22.33.38:213][888]LogModuleManager: Shutting down and abandoning module SmartSnapping (552)
[2020.09.29-22.33.38:213][888]LogModuleManager: Shutting down and abandoning module SessionServices (550)
[2020.09.29-22.33.38:213][888]LogModuleManager: Shutting down and abandoning module MeshPaint (548)
[2020.09.29-22.33.38:213][888]LogModuleManager: Shutting down and abandoning module ViewportSnapping (546)
[2020.09.29-22.33.38:213][888]LogModuleManager: Shutting down and abandoning module ViewportInteraction (544)
[2020.09.29-22.33.38:213][888]LogModuleManager: Shutting down and abandoning module ClothPainter (542)
[2020.09.29-22.33.38:213][888]LogModuleManager: Shutting down and abandoning module SkeletalMeshEditor (541)
[2020.09.29-22.33.38:213][888]LogModuleManager: Shutting down and abandoning module LogVisualizer (538)
[2020.09.29-22.33.38:213][888]LogModuleManager: Shutting down and abandoning module IntroTutorials (536)
[2020.09.29-22.33.38:213][888]LogModuleManager: Shutting down and abandoning module GameProjectGeneration (535)
[2020.09.29-22.33.38:213][888]LogModuleManager: Shutting down and abandoning module LuminPlatformEditor (532)
[2020.09.29-22.33.38:213][888]LogModuleManager: Shutting down and abandoning module IOSPlatformEditor (530)
[2020.09.29-22.33.38:213][888]LogModuleManager: Shutting down and abandoning module HTML5PlatformEditor (528)
[2020.09.29-22.33.38:213][888]LogModuleManager: Shutting down and abandoning module AndroidPlatformEditor (526)
[2020.09.29-22.33.38:213][888]LogModuleManager: Shutting down and abandoning module AndroidDeviceDetection (525)
[2020.09.29-22.33.38:433][888]LogModuleManager: Shutting down and abandoning module WindowsPlatformEditor (522)
[2020.09.29-22.33.38:433][888]LogModuleManager: Shutting down and abandoning module LuminRuntimeSettings (520)
[2020.09.29-22.33.38:434][888]LogModuleManager: Shutting down and abandoning module IOSRuntimeSettings (518)
[2020.09.29-22.33.38:434][888]LogModuleManager: Shutting down and abandoning module AndroidRuntimeSettings (516)
[2020.09.29-22.33.38:434][888]LogModuleManager: Shutting down and abandoning module TimeManagementEditor (514)
[2020.09.29-22.33.38:434][888]LogModuleManager: Shutting down and abandoning module InputBindingEditor (512)
[2020.09.29-22.33.38:434][888]LogModuleManager: Shutting down and abandoning module MergeActors (510)
[2020.09.29-22.33.38:434][888]LogModuleManager: Shutting down and abandoning module LocalizationDashboard (508)
[2020.09.29-22.33.38:434][888]LogModuleManager: Shutting down and abandoning module LocalizationService (507)
[2020.09.29-22.33.38:434][888]LogModuleManager: Shutting down and abandoning module HardwareTargeting (504)
[2020.09.29-22.33.38:434][888]LogModuleManager: Shutting down and abandoning module DeviceProfileEditor (502)
[2020.09.29-22.33.38:434][888]LogModuleManager: Shutting down and abandoning module UndoHistory (500)
[2020.09.29-22.33.38:434][888]LogModuleManager: Shutting down and abandoning module XmlParser (498)
[2020.09.29-22.33.38:434][888]LogModuleManager: Shutting down and abandoning module Blutility (496)
[2020.09.29-22.33.38:434][888]LogModuleManager: Shutting down and abandoning module ProjectSettingsViewer (494)
[2020.09.29-22.33.38:434][888]LogModuleManager: Shutting down and abandoning module ProjectTargetPlatformEditor (493)
[2020.09.29-22.33.38:434][888]LogModuleManager: Shutting down and abandoning module EditorSettingsViewer (490)
[2020.09.29-22.33.38:434][888]LogModuleManager: Shutting down and abandoning module SettingsEditor (488)
[2020.09.29-22.33.38:434][888]LogModuleManager: Shutting down and abandoning module ProjectLauncher (486)
[2020.09.29-22.33.38:434][888]LogModuleManager: Shutting down and abandoning module SessionFrontend (484)
[2020.09.29-22.33.38:434][888]LogModuleManager: Shutting down and abandoning module ProfilerClient (482)
[2020.09.29-22.33.38:434][888]LogModuleManager: Shutting down and abandoning module DeviceManager (480)
[2020.09.29-22.33.38:434][888]LogModuleManager: Shutting down and abandoning module TargetDeviceServices (479)
[2020.09.29-22.33.38:476][888]LogModuleManager: Shutting down and abandoning module AutomationController (476)
[2020.09.29-22.33.38:476][888]LogModuleManager: Shutting down and abandoning module AutomationWindow (474)
[2020.09.29-22.33.38:476][888]LogModuleManager: Shutting down and abandoning module Layers (472)
[2020.09.29-22.33.38:476][888]LogModuleManager: Shutting down and abandoning module ComponentVisualizers (470)
[2020.09.29-22.33.38:476][888]LogModuleManager: Shutting down and abandoning module DetailCustomizations (468)
[2020.09.29-22.33.38:476][888]LogModuleManager: Shutting down and abandoning module PackagesDialog (466)
[2020.09.29-22.33.38:476][888]LogModuleManager: Shutting down and abandoning module AnimationBlueprintEditor (464)
[2020.09.29-22.33.38:476][888]LogModuleManager: Shutting down and abandoning module Persona (462)
[2020.09.29-22.33.38:476][888]LogModuleManager: Shutting down and abandoning module AdvancedPreviewScene (461)
[2020.09.29-22.33.38:476][888]LogModuleManager: Shutting down and abandoning module AnimGraph (459)
[2020.09.29-22.33.38:476][888]LogModuleManager: Shutting down and abandoning module Kismet (456)
[2020.09.29-22.33.38:481][888]LogModuleManager: Shutting down and abandoning module GraphEditor (454)
[2020.09.29-22.33.38:481][888]LogModuleManager: Shutting down and abandoning module ClassViewer (452)
[2020.09.29-22.33.38:481][888]LogModuleManager: Shutting down and abandoning module Toolbox (450)
[2020.09.29-22.33.38:481][888]LogModuleManager: Shutting down and abandoning module ModuleUI (448)
[2020.09.29-22.33.38:481][888]LogModuleManager: Shutting down and abandoning module MovieSceneTools (446)
[2020.09.29-22.33.38:481][888]LogModuleManager: Shutting down and abandoning module OutputLog (444)
[2020.09.29-22.33.38:481][888]LogModuleManager: Shutting down and abandoning module GammaUI (442)
[2020.09.29-22.33.38:481][888]LogModuleManager: Shutting down and abandoning module Documentation (440)
[2020.09.29-22.33.38:481][888]LogModuleManager: Shutting down and abandoning module LiveCoding (438)
[2020.09.29-22.33.38:481][888]LogModuleManager: Shutting down and abandoning module LevelSequence (436)
[2020.09.29-22.33.38:481][888]LogModuleManager: Shutting down and abandoning module MovieSceneTracks (434)
[2020.09.29-22.33.38:481][888]LogModuleManager: Shutting down and abandoning module MovieScene (432)
[2020.09.29-22.33.38:481][888]LogModuleManager: Shutting down and abandoning module StreamingPauseRendering (430)
[2020.09.29-22.33.38:481][888]LogModuleManager: Shutting down and abandoning module LauncherPlatform (428)
[2020.09.29-22.33.38:481][888]LogModuleManager: Shutting down and abandoning module AnalyticsET (426)
[2020.09.29-22.33.38:481][888]LogModuleManager: Shutting down and abandoning module PortalServices (424)
[2020.09.29-22.33.38:481][888]LogModuleManager: Shutting down and abandoning module PortalRpc (422)
[2020.09.29-22.33.38:481][888]LogModuleManager: Shutting down and abandoning module MessagingRpc (420)
[2020.09.29-22.33.38:481][888]LogModuleManager: Shutting down and abandoning module AIModule (418)
[2020.09.29-22.33.38:481][888]LogModuleManager: Shutting down and abandoning module GameplayDebugger (417)
[2020.09.29-22.33.38:481][888]LogModuleManager: Shutting down and abandoning module AITestSuite (415)
[2020.09.29-22.33.38:481][888]LogModuleManager: Shutting down and abandoning module NavigationSystem (413)
[2020.09.29-22.33.38:481][888]LogModuleManager: Shutting down and abandoning module DesktopPlatform (410)
[2020.09.29-22.33.38:481][888]LogModuleManager: Shutting down and abandoning module ImageWriteQueue (408)
[2020.09.29-22.33.38:485][888]LogModuleManager: Shutting down and abandoning module ProfilerService (406)
[2020.09.29-22.33.38:679][888]LogModuleManager: Shutting down and abandoning module TaskGraph (404)
[2020.09.29-22.33.38:679][888]LogModuleManager: Shutting down and abandoning module SteamVRController (402)
[2020.09.29-22.33.38:679][888]LogModuleManager: Shutting down and abandoning module ProceduralMeshComponentEditor (400)
[2020.09.29-22.33.38:679][888]LogModuleManager: Shutting down and abandoning module ProceduralMeshComponent (398)
[2020.09.29-22.33.38:679][888]LogModuleManager: Shutting down and abandoning module OculusEditor (396)
[2020.09.29-22.33.38:679][888]LogModuleManager: Shutting down and abandoning module OculusInput (394)
[2020.09.29-22.33.38:679][888]LogModuleManager: Shutting down and abandoning module MobilePatchingUtils (392)
[2020.09.29-22.33.38:679][888]LogModuleManager: Shutting down and abandoning module EditableMesh (390)
[2020.09.29-22.33.38:679][888]LogModuleManager: Shutting down and abandoning module CustomMeshComponent (388)
[2020.09.29-22.33.38:679][888]LogModuleManager: Shutting down and abandoning module CableComponent (386)
[2020.09.29-22.33.38:679][888]LogModuleManager: Shutting down and abandoning module AudioCapture (384)
[2020.09.29-22.33.38:679][888]LogModuleManager: Shutting down and abandoning module ArchVisCharacter (382)
[2020.09.29-22.33.38:679][888]LogModuleManager: Shutting down and abandoning module AndroidPermission (380)
[2020.09.29-22.33.38:679][888]LogModuleManager: Shutting down and abandoning module NUTUnrealEngine4 (378)
[2020.09.29-22.33.38:679][888]LogModuleManager: Shutting down and abandoning module NetcodeUnitTest (376)
[2020.09.29-22.33.38:679][888]LogModuleManager: Shutting down and abandoning module MediaCompositing (374)
[2020.09.29-22.33.38:679][888]LogModuleManager: Shutting down and abandoning module LinearTimecode (372)
[2020.09.29-22.33.38:679][888]LogModuleManager: Shutting down and abandoning module ImgMedia (370)
[2020.09.29-22.33.38:679][888]LogModuleManager: Shutting down and abandoning module MagicLeapHelperVulkan (368)
[2020.09.29-22.33.38:679][888]LogModuleManager: Shutting down and abandoning module MagicLeapHelperOpenGL (366)
[2020.09.29-22.33.38:679][888]LogModuleManager: Shutting down and abandoning module MagicLeapAudio (364)
[2020.09.29-22.33.38:679][888]LogModuleManager: Shutting down and abandoning module HTML5Networking (362)
[2020.09.29-22.33.38:679][888]LogModuleManager: Shutting down and abandoning module GeometryCacheTracks (360)
[2020.09.29-22.33.38:679][888]LogModuleManager: Shutting down and abandoning module GeometryCacheSequencer (358)
[2020.09.29-22.33.38:679][888]LogModuleManager: Shutting down and abandoning module BackChannel (356)
[2020.09.29-22.33.38:679][888]LogModuleManager: Shutting down and abandoning module AppleVision (354)
[2020.09.29-22.33.38:679][888]LogModuleManager: Shutting down and abandoning module AppleImageUtilsBlueprintSupport (352)
[2020.09.29-22.33.38:679][888]LogModuleManager: Shutting down and abandoning module AppleImageUtils (350)
[2020.09.29-22.33.38:679][888]LogModuleManager: Shutting down and abandoning module AlembicImporter (348)
[2020.09.29-22.33.38:679][888]LogModuleManager: Shutting down and abandoning module AlembicLibrary (347)
[2020.09.29-22.33.38:679][888]LogModuleManager: Shutting down and abandoning module GeometryCache (346)
[2020.09.29-22.33.38:679][888]LogModuleManager: Shutting down and abandoning module GeometryCacheEd (345)
[2020.09.29-22.33.38:679][888]LogModuleManager: Shutting down and abandoning module VariantManagerContent (340)
[2020.09.29-22.33.38:679][888]LogModuleManager: Shutting down and abandoning module DatasmithContentEditor (338)
[2020.09.29-22.33.38:679][888]LogModuleManager: Shutting down and abandoning module SpeedTreeImporter (336)
[2020.09.29-22.33.38:679][888]LogModuleManager: Shutting down and abandoning module PluginBrowser (334)
[2020.09.29-22.33.38:679][888]LogModuleManager: Shutting down and abandoning module MobileLauncherProfileWizard (332)
[2020.09.29-22.33.38:679][888]LogModuleManager: Shutting down and abandoning module MaterialAnalyzer (330)
[2020.09.29-22.33.38:679][888]LogModuleManager: Shutting down and abandoning module CryptoKeysOpenSSL (328)
[2020.09.29-22.33.38:679][888]LogModuleManager: Shutting down and abandoning module CryptoKeys (326)
[2020.09.29-22.33.38:679][888]LogModuleManager: Shutting down and abandoning module VisualStudioSourceCodeAccess (324)
[2020.09.29-22.33.38:679][888]LogModuleManager: Shutting down and abandoning module VisualStudioCodeSourceCodeAccess (322)
[2020.09.29-22.33.38:679][888]LogModuleManager: Shutting down and abandoning module UObjectPlugin (320)
[2020.09.29-22.33.38:679][888]LogModuleManager: Shutting down and abandoning module SubversionSourceControl (318)
[2020.09.29-22.33.38:679][888]LogModuleManager: Shutting down and abandoning module PerforceSourceControl (316)
[2020.09.29-22.33.38:680][888]LogModuleManager: Shutting down and abandoning module GitSourceControl (314)
[2020.09.29-22.33.38:680][888]LogModuleManager: Shutting down and abandoning module SourceControl (313)
[2020.09.29-22.33.38:680][888]LogModuleManager: Shutting down and abandoning module CLionSourceCodeAccess (310)
[2020.09.29-22.33.38:680][888]LogModuleManager: Shutting down and abandoning module AnimationSharingEd (308)
[2020.09.29-22.33.38:680][888]LogModuleManager: Shutting down and abandoning module ActorLayerUtilitiesEditor (306)
[2020.09.29-22.33.38:680][888]LogModuleManager: Shutting down and abandoning module ActorLayerUtilities (304)
[2020.09.29-22.33.38:680][888]LogModuleManager: Shutting down and abandoning module LightPropagationVolumeEditor (302)
[2020.09.29-22.33.38:680][888]LogModuleManager: Shutting down and abandoning module PaperTiledImporter (300)
[2020.09.29-22.33.38:680][888]LogModuleManager: Shutting down and abandoning module PaperSpriteSheetImporter (298)
[2020.09.29-22.33.38:680][888]LogModuleManager: Shutting down and abandoning module Paper2DEditor (296)
[2020.09.29-22.33.38:680][888]LogModuleManager: Shutting down and abandoning module SignificanceManager (294)
[2020.09.29-22.33.38:680][888]LogModuleManager: Shutting down and abandoning module RuntimePhysXCooking (292)
[2020.09.29-22.33.38:680][888]LogModuleManager: Shutting down and abandoning module PhysXVehiclesEditor (290)
[2020.09.29-22.33.38:680][888]LogModuleManager: Shutting down and abandoning module PhysXVehicles (288)
[2020.09.29-22.33.38:680][888]LogModuleManager: Shutting down and abandoning module LocationServicesBPLibrary (286)
[2020.09.29-22.33.38:680][888]LogModuleManager: Shutting down and abandoning module ActorSequence (284)
[2020.09.29-22.33.38:680][888]LogModuleManager: Shutting down and abandoning module UdpMessaging (282)
[2020.09.29-22.33.38:782][888]LogModuleManager: Shutting down and abandoning module TcpMessaging (280)
[2020.09.29-22.33.38:883][888]LogModuleManager: Shutting down and abandoning module MagicLeapIdentity (278)
[2020.09.29-22.33.38:883][888]LogModuleManager: Shutting down and abandoning module MagicLeapSecureStorage (276)
[2020.09.29-22.33.38:883][888]LogModuleManager: Shutting down and abandoning module MagicLeapHandTracking (274)
[2020.09.29-22.33.38:883][888]LogModuleManager: Shutting down and abandoning module MagicLeapEyeTracker (272)
[2020.09.29-22.33.38:883][888]LogModuleManager: Shutting down and abandoning module MagicLeapController (270)
[2020.09.29-22.33.38:883][888]LogSlate: Slate User Destroyed.  User Index 0, Is Virtual User: 0
[2020.09.29-22.33.38:883][888]LogModuleManager: Shutting down and abandoning module MagicLeapAR (268)
[2020.09.29-22.33.38:883][888]LogModuleManager: Shutting down and abandoning module AugmentedReality (267)
[2020.09.29-22.33.38:883][888]LogModuleManager: Shutting down and abandoning module GameplayTagsEditor (264)
[2020.09.29-22.33.38:883][888]LogModuleManager: Shutting down and abandoning module FacialAnimationEditor (262)
[2020.09.29-22.33.38:883][888]LogModuleManager: Shutting down and abandoning module FacialAnimation (260)
[2020.09.29-22.33.38:883][888]LogModuleManager: Shutting down and abandoning module DataValidation (258)
[2020.09.29-22.33.38:883][888]LogModuleManager: Shutting down and abandoning module AssetManagerEditor (256)
[2020.09.29-22.33.38:883][888]LogModuleManager: Shutting down and abandoning module LevelEditor (255)
[2020.09.29-22.33.38:884][888]LogModuleManager: Shutting down and abandoning module PixelInspectorModule (254)
[2020.09.29-22.33.38:884][888]LogModuleManager: Shutting down and abandoning module CommonMenuExtensions (252)
[2020.09.29-22.33.38:884][888]LogModuleManager: Shutting down and abandoning module MainFrame (250)
[2020.09.29-22.33.38:884][888]LogModuleManager: Shutting down and abandoning module HotReload (249)
[2020.09.29-22.33.38:884][888]LogModuleManager: Shutting down and abandoning module ContentBrowser (245)
[2020.09.29-22.33.38:885][888]LogModuleManager: Shutting down and abandoning module TreeMap (243)
[2020.09.29-22.33.38:885][888]LogModuleManager: Shutting down and abandoning module AnimationSharing (240)
[2020.09.29-22.33.38:885][888]LogModuleManager: Shutting down and abandoning module LightPropagationVolumeRuntime (238)
[2020.09.29-22.33.38:885][888]LogModuleManager: Shutting down and abandoning module AISupportModule (236)
[2020.09.29-22.33.38:885][888]LogModuleManager: Shutting down and abandoning module Paper2D (234)
[2020.09.29-22.33.38:885][888]LogModuleManager: Shutting down and abandoning module WindowsMoviePlayer (232)
[2020.09.29-22.33.38:885][888]LogModuleManager: Shutting down and abandoning module WebMMoviePlayer (230)
[2020.09.29-22.33.38:885][888]LogModuleManager: Shutting down and abandoning module PacketHandler (228)
[2020.09.29-22.33.38:885][888]LogModuleManager: Shutting down and abandoning module ClothingSystemEditor (226)
[2020.09.29-22.33.38:885][888]LogModuleManager: Shutting down and abandoning module ClothingSystemRuntime (224)
[2020.09.29-22.33.38:885][888]LogModuleManager: Shutting down and abandoning module MediaAssets (222)
[2020.09.29-22.33.38:885][888]LogModuleManager: Shutting down and abandoning module Overlay (220)
[2020.09.29-22.33.38:885][888]LogModuleManager: Shutting down and abandoning module OverlayEditor (219)
[2020.09.29-22.33.38:885][888]LogModuleManager: Shutting down and abandoning module VREditor (216)
[2020.09.29-22.33.38:885][888]LogModuleManager: Shutting down and abandoning module StringTableEditor (214)
[2020.09.29-22.33.38:885][888]LogModuleManager: Shutting down and abandoning module GameplayTasksEditor (212)
[2020.09.29-22.33.38:885][888]LogModuleManager: Shutting down and abandoning module BehaviorTreeEditor (210)
[2020.09.29-22.33.38:885][888]LogModuleManager: Shutting down and abandoning module FunctionalTesting (208)
[2020.09.29-22.33.38:885][888]LogModuleManager: Shutting down and abandoning module CollisionAnalyzer (206)
[2020.09.29-22.33.38:886][888]LogModuleManager: Shutting down and abandoning module WorkspaceMenuStructure (205)
[2020.09.29-22.33.38:886][888]LogModuleManager: Shutting down and abandoning module UMG (202)
[2020.09.29-22.33.38:886][888]LogModuleManager: Shutting down and abandoning module UMGEditor (201)
[2020.09.29-22.33.38:886][888]LogModuleManager: Shutting down and abandoning module Sequencer (200)
[2020.09.29-22.33.38:886][888]LogModuleManager: Shutting down and abandoning module MessageLog (197)
[2020.09.29-22.33.38:886][888]LogModuleManager: Shutting down and abandoning module SlateReflector (192)
[2020.09.29-22.33.38:886][888]LogModuleManager: Shutting down and abandoning module Slate (190)
[2020.09.29-22.33.38:886][888]LogModuleManager: Shutting down and abandoning module EditorStyle (188)
[2020.09.29-22.33.38:887][888]LogModuleManager: Shutting down and abandoning module UnrealEd (186)
[2020.09.29-22.33.38:887][888]LogModuleManager: Shutting down and abandoning module MRMesh (184)
[2020.09.29-22.33.38:887][888]LogModuleManager: Shutting down and abandoning module SourceCodeAccess (182)
[2020.09.29-22.33.38:887][888]LogModuleManager: Shutting down and abandoning module HeadMountedDisplay (180)
[2020.09.29-22.33.38:887][888]LogModuleManager: Shutting down and abandoning module XAudio2 (178)
[2020.09.29-22.33.38:887][888]LogModuleManager: Shutting down and abandoning module Networking (176)
[2020.09.29-22.33.38:887][888]LogModuleManager: Shutting down and abandoning module Core (174)
[2020.09.29-22.33.38:887][888]LogModuleManager: Shutting down and abandoning module KismetCompiler (172)
[2020.09.29-22.33.38:887][888]LogModuleManager: Shutting down and abandoning module MeshUtilities (170)
[2020.09.29-22.33.38:887][888]LogModuleManager: Shutting down and abandoning module MeshMergeUtilities (169)
[2020.09.29-22.33.38:887][888]LogModuleManager: Shutting down and abandoning module MeshReductionInterface (168)
[2020.09.29-22.33.38:887][888]LogModuleManager: Shutting down and abandoning module SkeletalMeshReduction (167)
[2020.09.29-22.33.38:887][888]LogModuleManager: Shutting down and abandoning module ProxyLODMeshReduction (165)
[2020.09.29-22.33.38:888][888]LogModuleManager: Shutting down and abandoning module QuadricMeshReduction (163)
[2020.09.29-22.33.38:888][888]LogModuleManager: Shutting down and abandoning module MaterialBaking (159)
[2020.09.29-22.33.38:888][888]LogModuleManager: Shutting down and abandoning module DerivedDataCache (154)
[2020.09.29-22.33.38:897][888]LogDerivedDataCache: Shutdown
[2020.09.29-22.33.38:897][888]LogModuleManager: Shutting down and abandoning module XGEController (152)
[2020.09.29-22.33.38:897][888]LogModuleManager: Shutting down and abandoning module TargetPlatform (150)
[2020.09.29-22.33.38:897][888]LogModuleManager: Shutting down and abandoning module VulkanShaderFormat (149)
[2020.09.29-22.33.38:897][888]LogModuleManager: Shutting down and abandoning module ShaderFormatVectorVM (147)
[2020.09.29-22.33.38:897][888]LogModuleManager: Shutting down and abandoning module ShaderFormatOpenGL (145)
[2020.09.29-22.33.38:897][888]LogModuleManager: Shutting down and abandoning module ShaderFormatD3D (143)
[2020.09.29-22.33.38:897][888]LogModuleManager: Shutting down and abandoning module MetalShaderFormat (141)
[2020.09.29-22.33.38:897][888]LogModuleManager: Shutting down and abandoning module TextureFormatUncompressed (139)
[2020.09.29-22.33.38:897][888]LogModuleManager: Shutting down and abandoning module TextureFormatPVR (137)
[2020.09.29-22.33.38:897][888]LogModuleManager: Shutting down and abandoning module TextureFormatDXT (135)
[2020.09.29-22.33.38:897][888]LogModuleManager: Shutting down and abandoning module TextureFormatIntelISPCTexComp (133)
[2020.09.29-22.33.38:897][888]LogModuleManager: Shutting down and abandoning module TextureFormatASTC (131)
[2020.09.29-22.33.38:897][888]LogModuleManager: Shutting down and abandoning module ImageWrapper (130)
[2020.09.29-22.33.38:897][888]LogModuleManager: Shutting down and abandoning module TextureFormatAndroid (127)
[2020.09.29-22.33.38:897][888]LogModuleManager: Shutting down and abandoning module AudioFormatOpus (125)
[2020.09.29-22.33.38:897][888]LogModuleManager: Shutting down and abandoning module AudioFormatOgg (123)
[2020.09.29-22.33.38:897][888]LogModuleManager: Shutting down and abandoning module AudioFormatADPCM (121)
[2020.09.29-22.33.38:897][888]LogModuleManager: Shutting down and abandoning module LuminTargetPlatform (119)
[2020.09.29-22.33.38:898][888]LogModuleManager: Shutting down and abandoning module LinuxTargetPlatform (117)
[2020.09.29-22.33.38:898][888]LogModuleManager: Shutting down and abandoning module LinuxServerTargetPlatform (115)
[2020.09.29-22.33.38:898][888]LogModuleManager: Shutting down and abandoning module LinuxNoEditorTargetPlatform (113)
[2020.09.29-22.33.38:898][888]LogModuleManager: Shutting down and abandoning module LinuxClientTargetPlatform (111)
[2020.09.29-22.33.38:898][888]LogModuleManager: Shutting down and abandoning module TVOSTargetPlatform (109)
[2020.09.29-22.33.38:899][888]LogModuleManager: Shutting down and abandoning module Messaging (107)
[2020.09.29-22.33.38:899][888]LogModuleManager: Shutting down and abandoning module IOSTargetPlatform (105)
[2020.09.29-22.33.38:901][888]LogModuleManager: Shutting down and abandoning module HTML5TargetPlatform (103)
[2020.09.29-22.33.38:901][888]LogModuleManager: Shutting down and abandoning module AndroidTargetPlatform (101)
[2020.09.29-22.33.38:907][888]LogModuleManager: Shutting down and abandoning module WindowsTargetPlatform (99)
[2020.09.29-22.33.38:907][888]LogModuleManager: Shutting down and abandoning module WindowsServerTargetPlatform (97)
[2020.09.29-22.33.38:907][888]LogModuleManager: Shutting down and abandoning module WindowsNoEditorTargetPlatform (95)
[2020.09.29-22.33.38:907][888]LogModuleManager: Shutting down and abandoning module WindowsClientTargetPlatform (93)
[2020.09.29-22.33.38:907][888]LogModuleManager: Shutting down and abandoning module MacTargetPlatform (91)
[2020.09.29-22.33.38:907][888]LogModuleManager: Shutting down and abandoning module MacServerTargetPlatform (89)
[2020.09.29-22.33.38:907][888]LogModuleManager: Shutting down and abandoning module MacNoEditorTargetPlatform (87)
[2020.09.29-22.33.38:908][888]LogModuleManager: Shutting down and abandoning module MacClientTargetPlatform (85)
[2020.09.29-22.33.38:908][888]LogModuleManager: Shutting down and abandoning module AllDesktopTargetPlatform (83)
[2020.09.29-22.33.38:908][888]LogModuleManager: Shutting down and abandoning module InputCore (80)
[2020.09.29-22.33.38:908][888]LogModuleManager: Shutting down and abandoning module Settings (78)
[2020.09.29-22.33.38:908][888]LogModuleManager: Shutting down and abandoning module DirectoryWatcher (76)
[2020.09.29-22.33.38:908][888]LogModuleManager: Shutting down and abandoning module PhysXCooking (74)
[2020.09.29-22.33.38:908][888]LogModuleManager: Shutting down and abandoning module SteamVR (72)
[2020.09.29-22.33.38:908][888]LogHMD: Freeing OpenVRDLLHandle.
[2020.09.29-22.33.38:908][888]LogModuleManager: Shutting down and abandoning module OculusHMD (70)
[2020.09.29-22.33.38:908][888]LogModuleManager: Shutting down and abandoning module ExampleDeviceProfileSelector (68)
[2020.09.29-22.33.38:908][888]LogModuleManager: Shutting down and abandoning module LauncherChunkInstaller (66)
[2020.09.29-22.33.38:908][888]LogModuleManager: Shutting down and abandoning module OnlineBlueprintSupport (64)
[2020.09.29-22.33.38:908][888]LogModuleManager: Shutting down and abandoning module OnlineSubsystem (60)
[2020.09.29-22.33.38:909][888]LogModuleManager: Shutting down and abandoning module XMPP (55)
[2020.09.29-22.33.38:909][888]LogModuleManager: Shutting down and abandoning module WebSockets (54)
[2020.09.29-22.33.38:923][888]LogModuleManager: Shutting down and abandoning module HTTP (51)
[2020.09.29-22.33.38:923][888]LogHttp: Display: Http module shutting down, but needs to wait on 1 outstanding Http requests:
[2020.09.29-22.33.38:923][888]LogHttp: Display: 	verb=[POST] url=[https://datarouter.ol.epicgames.com/datarouter/api/v1/public/data?SessionID=%7B5B4F3937-4406-B2A4-D3FE-1CB82DD03167%7D&AppID=UEEditor.Rocket.Release&AppVersion=4.22.3-7053642%2B%2B%2BUE4%2BRelease-4.22&UserID=4f37d0974a83b923f19afa88b0fab653%7C15601c4c3a4d4cdf975ec0c21c8cc6a3%7Ccf0c3279-541b-4db1-9c28-a346f708422f&AppEnvironment=datacollector-binary&UploadType=eteventstream] status=Processing
[2020.09.29-22.33.38:950][888]LogModuleManager: Shutting down and abandoning module SSL (50)
[2020.09.29-22.33.38:951][888]LogModuleManager: Shutting down and abandoning module WmfMedia (46)
[2020.09.29-22.33.38:952][888]LogModuleManager: Shutting down and abandoning module Media (45)
[2020.09.29-22.33.38:959][888]LogModuleManager: Shutting down and abandoning module MagicLeap (42)
[2020.09.29-22.33.38:959][888]LogModuleManager: Shutting down and abandoning module DatasmithContent (40)
[2020.09.29-22.33.38:959][888]LogModuleManager: Shutting down and abandoning module AnimationModifiers (38)
[2020.09.29-22.33.38:959][888]LogModuleManager: Shutting down and abandoning module PropertyEditor (37)
[2020.09.29-22.33.38:959][888]LogModuleManager: Shutting down and abandoning module AudioEditor (34)
[2020.09.29-22.33.38:959][888]LogModuleManager: Shutting down and abandoning module TextureCompressor (32)
[2020.09.29-22.33.38:959][888]LogModuleManager: Shutting down and abandoning module RenderCore (30)
[2020.09.29-22.33.38:959][888]LogModuleManager: Shutting down and abandoning module Landscape (28)
[2020.09.29-22.33.38:959][888]LogModuleManager: Shutting down and abandoning module SlateRHIRenderer (26)
[2020.09.29-22.33.38:960][888]LogModuleManager: Shutting down and abandoning module OpenGLDrv (24)
[2020.09.29-22.33.38:960][888]LogModuleManager: Shutting down and abandoning module D3D11RHI (22)
[2020.09.29-22.33.38:960][888]LogModuleManager: Shutting down and abandoning module AnimGraphRuntime (20)
[2020.09.29-22.33.38:960][888]LogModuleManager: Shutting down and abandoning module Renderer (18)
[2020.09.29-22.33.38:960][888]LogModuleManager: Shutting down and abandoning module Engine (16)
[2020.09.29-22.33.38:960][888]LogModuleManager: Shutting down and abandoning module CoreUObject (14)
[2020.09.29-22.33.38:960][888]LogModuleManager: Shutting down and abandoning module NetworkFile (12)
[2020.09.29-22.33.38:960][888]LogModuleManager: Shutting down and abandoning module CookedIterativeFile (10)
[2020.09.29-22.33.38:960][888]LogModuleManager: Shutting down and abandoning module StreamingFile (8)
[2020.09.29-22.33.38:960][888]LogModuleManager: Shutting down and abandoning module SandboxFile (6)
[2020.09.29-22.33.38:960][888]LogModuleManager: Shutting down and abandoning module PakFile (4)
[2020.09.29-22.33.38:960][888]LogModuleManager: Shutting down and abandoning module RSA (3)
[2020.09.29-22.33.38:968][888]LogExit: Exiting.
[2020.09.29-22.33.38:979][888]Log file closed, 09/29/20 18:33:38
