Log file open, 09/29/20 05:12:30
LogWindows: Failed to load 'aqProf.dll' (GetLastError=126)
LogWindows: File 'aqProf.dll' does not exist
LogWindows: Failed to load 'VtuneApi.dll' (GetLastError=126)
LogWindows: File 'VtuneApi.dll' does not exist
LogWindows: Failed to load 'VtuneApi32e.dll' (GetLastError=126)
LogWindows: File 'VtuneApi32e.dll' does not exist
LogConsoleResponse: Display: Failed to find resolution value strings in scalability ini. Falling back to default.
LogInit: Display: Running engine for game: Homework2
LogPakFile: Registered encryption key '00000000000000000000000000000000': 0 pak files mounted, 0 remain pending
LogPlatformFile: Not using cached read wrapper
LogTaskGraph: Started task graph with 5 named threads and 23 total threads with 3 sets of task threads.
LogStats: Stats thread started at 0.280040
LogD3D11RHI: Loaded GFSDK_Aftermath_Lib.x64.dll
LogICUInternationalization: ICU TimeZone Detection - Raw Offset: -5:00, Platform Override: ''
LogPluginManager: Mounting plugin Paper2D
LogPluginManager: Mounting plugin AISupport
LogPluginManager: Mounting plugin LightPropagationVolume
LogPluginManager: Mounting plugin ActorLayerUtilities
LogPluginManager: Mounting plugin AnimationSharing
LogPluginManager: Mounting plugin CLionSourceCodeAccess
LogPluginManager: Mounting plugin CodeLiteSourceCodeAccess
LogPluginManager: Mounting plugin GitSourceControl
LogPluginManager: Mounting plugin KDevelopSourceCodeAccess
LogPluginManager: Mounting plugin NullSourceCodeAccess
LogPluginManager: Mounting plugin PerforceSourceControl
LogPluginManager: Mounting plugin SubversionSourceControl
LogPluginManager: Mounting plugin UObjectPlugin
LogPluginManager: Mounting plugin VisualStudioCodeSourceCodeAccess
LogPluginManager: Mounting plugin VisualStudioSourceCodeAccess
LogPluginManager: Mounting plugin XCodeSourceCodeAccess
LogPluginManager: Mounting plugin AssetManagerEditor
LogPluginManager: Mounting plugin CryptoKeys
LogPluginManager: Mounting plugin DataValidation
LogPluginManager: Mounting plugin FacialAnimation
LogPluginManager: Mounting plugin GameplayTagsEditor
LogPluginManager: Mounting plugin MacGraphicsSwitching
LogPluginManager: Mounting plugin MaterialAnalyzer
LogPluginManager: Mounting plugin MobileLauncherProfileWizard
LogPluginManager: Mounting plugin PluginBrowser
LogPluginManager: Mounting plugin SpeedTreeImporter
LogPluginManager: Mounting plugin DatasmithContent
LogPluginManager: Mounting plugin VariantManagerContent
LogPluginManager: Mounting plugin AlembicImporter
LogPluginManager: Mounting plugin AppleImageUtils
LogPluginManager: Mounting plugin AppleVision
LogPluginManager: Mounting plugin BackChannel
LogPluginManager: Mounting plugin CharacterAI
LogPluginManager: Mounting plugin GeometryCache
LogPluginManager: Mounting plugin HTML5Networking
LogPluginManager: Mounting plugin ProxyLODPlugin
LogPluginManager: Mounting plugin SkeletalReduction
LogPluginManager: Mounting plugin MagicLeap
LogPluginManager: Mounting plugin MagicLeapMedia
LogPluginManager: Mounting plugin AndroidMedia
LogPluginManager: Mounting plugin AvfMedia
LogPluginManager: Mounting plugin ImgMedia
LogPluginManager: Mounting plugin LinearTimecode
LogPluginManager: Mounting plugin MediaCompositing
LogPluginManager: Mounting plugin MediaPlayerEditor
LogPluginManager: Mounting plugin WebMMedia
LogPluginManager: Mounting plugin WmfMedia
LogPluginManager: Mounting plugin TcpMessaging
LogPluginManager: Mounting plugin UdpMessaging
LogPluginManager: Mounting plugin ActorSequence
LogPluginManager: Mounting plugin LevelSequenceEditor
LogPluginManager: Mounting plugin MatineeToLevelSequence
LogPluginManager: Mounting plugin NetcodeUnitTest
LogPluginManager: Mounting plugin NUTUnrealEngine4
LogPluginManager: Mounting plugin OnlineSubsystemGooglePlay
LogPluginManager: Mounting plugin OnlineSubsystemIOS
LogPluginManager: Mounting plugin OnlineSubsystem
LogPluginManager: Mounting plugin OnlineSubsystemNull
LogPluginManager: Mounting plugin OnlineSubsystemUtils
LogPluginManager: Mounting plugin LauncherChunkInstaller
LogPluginManager: Mounting plugin AndroidDeviceProfileSelector
LogPluginManager: Mounting plugin AndroidMoviePlayer
LogPluginManager: Mounting plugin AndroidPermission
LogPluginManager: Mounting plugin AppleMoviePlayer
LogPluginManager: Mounting plugin ArchVisCharacter
LogPluginManager: Mounting plugin AudioCapture
LogPluginManager: Mounting plugin CableComponent
LogPluginManager: Mounting plugin CustomMeshComponent
LogPluginManager: Mounting plugin EditableMesh
LogPluginManager: Mounting plugin ExampleDeviceProfileSelector
LogPluginManager: Mounting plugin Firebase
LogPluginManager: Mounting plugin GoogleCloudMessaging
LogPluginManager: Mounting plugin IOSDeviceProfileSelector
LogPluginManager: Mounting plugin LinuxDeviceProfileSelector
LogPluginManager: Mounting plugin LocationServicesBPLibrary
LogPluginManager: Mounting plugin MobilePatchingUtils
LogPluginManager: Mounting plugin OculusVR
LogPluginManager: Mounting plugin PhysXVehicles
LogPluginManager: Mounting plugin ProceduralMeshComponent
LogPluginManager: Mounting plugin RuntimePhysXCooking
LogPluginManager: Mounting plugin SignificanceManager
LogPluginManager: Mounting plugin SteamVR
LogPluginManager: Mounting plugin WebMMoviePlayer
LogPluginManager: Mounting plugin WindowsMoviePlayer
LogInit: Using libcurl 7.55.1-DEV
LogInit:  - built for x86_64-pc-win32
LogInit:  - supports SSL with OpenSSL/1.1.1
LogInit:  - supports HTTP deflate (compression) using libz 1.2.8
LogInit:  - other features:
LogInit:      CURL_VERSION_SSL
LogInit:      CURL_VERSION_LIBZ
LogInit:      CURL_VERSION_IPV6
LogInit:      CURL_VERSION_ASYNCHDNS
LogInit:      CURL_VERSION_LARGEFILE
LogInit:      CURL_VERSION_IDN
LogInit:  CurlRequestOptions (configurable via config and command line):
LogInit:  - bVerifyPeer = true  - Libcurl will verify peer certificate
LogInit:  - bUseHttpProxy = false  - Libcurl will NOT use HTTP proxy
LogInit:  - bDontReuseConnections = false  - Libcurl will reuse connections
LogInit:  - MaxHostConnections = 16  - Libcurl will limit the number of connections to a host
LogInit:  - LocalHostAddr = Default
LogInit:  - BufferSize = 65536
LogInit: WinSock: version 1.1 (2.2), MaxSocks=32767, MaxUdp=65467
LogInit: Build: ++UE4+Release-4.22-CL-7053642
LogInit: Engine Version: 4.22.3-7053642+++UE4+Release-4.22
LogInit: Compatible Engine Version: 4.22.0-5660361+++UE4+Release-4.22
LogInit: Net CL: 5660361
LogInit: OS: Windows 10 (Release 1909) (), CPU: Intel(R) Core(TM) i7-7700HQ CPU @ 2.80GHz, GPU: Intel(R) HD Graphics 630
LogInit: Compiled (64-bit): Jun 18 2019 03:09:11
LogInit: Compiled with Visual C++: 19.16.27025.01
LogInit: Build Configuration: Development
LogInit: Branch Name: ++UE4+Release-4.22
LogInit: Command Line: 
LogInit: Base Directory: L:/UE_4.22/Engine/Binaries/Win64/
LogInit: Installed Engine Build: 1
LogDevObjectVersion: Number of dev versions registered: 23
LogDevObjectVersion:   Dev-Blueprints (B0D832E4-1F89-4F0D-ACCF-7EB736FD4AA2): 10
LogDevObjectVersion:   Dev-Build (E1C64328-A22C-4D53-A36C-8E866417BD8C): 0
LogDevObjectVersion:   Dev-Core (375EC13C-06E4-48FB-B500-84F0262A717E): 3
LogDevObjectVersion:   Dev-Editor (E4B068ED-F494-42E9-A231-DA0B2E46BB41): 30
LogDevObjectVersion:   Dev-Framework (CFFC743F-43B0-4480-9391-14DF171D2073): 35
LogDevObjectVersion:   Dev-Mobile (B02B49B5-BB20-44E9-A304-32B752E40360): 2
LogDevObjectVersion:   Dev-Networking (A4E4105C-59A1-49B5-A7C5-40C4547EDFEE): 0
LogDevObjectVersion:   Dev-Online (39C831C9-5AE6-47DC-9A44-9C173E1C8E7C): 0
LogDevObjectVersion:   Dev-Physics (78F01B33-EBEA-4F98-B9B4-84EACCB95AA2): 0
LogDevObjectVersion:   Dev-Platform (6631380F-2D4D-43E0-8009-CF276956A95A): 0
LogDevObjectVersion:   Dev-Rendering (12F88B9F-8875-4AFC-A67C-D90C383ABD29): 28
LogDevObjectVersion:   Dev-Sequencer (7B5AE74C-D270-4C10-A958-57980B212A5A): 11
LogDevObjectVersion:   Dev-VR (D7296918-1DD6-4BDD-9DE2-64A83CC13884): 2
LogDevObjectVersion:   Dev-LoadTimes (C2A15278-BFE7-4AFE-6C17-90FF531DF755): 1
LogDevObjectVersion:   Private-Geometry (6EACA3D4-40EC-4CC1-B786-8BED09428FC5): 3
LogDevObjectVersion:   Dev-AnimPhys (29E575DD-E0A3-4627-9D10-D276232CDCEA): 17
LogDevObjectVersion:   Dev-Anim (AF43A65D-7FD3-4947-9873-3E8ED9C1BB05): 2
LogDevObjectVersion:   Dev-ReflectionCapture (6B266CEC-1EC7-4B8F-A30B-E4D90942FC07): 1
LogDevObjectVersion:   Dev-Automation (0DF73D61-A23F-47EA-B727-89E90C41499A): 1
LogDevObjectVersion:   FortniteMain (601D1886-AC64-4F84-AA16-D3DE0DEAC7D6): 25
LogDevObjectVersion:   Dev-Enterprise (9DFFBCD6-494F-0158-E221-12823C92A888): 6
LogDevObjectVersion:   Dev-Niagara (F2AED0AC-9AFE-416F-8664-AA7FFA26D6FC): 1
LogDevObjectVersion:   Dev-Destruction (174F1F0B-B4C6-45A5-B13F-2EE8D0FB917D): 2
LogInit: Presizing for max 16777216 objects, including 0 objects not considered by GC, pre-allocating 0 bytes for permanent pool.
LogInit: Object subsystem initialized
LogConfig: Setting CVar [[con.DebugEarlyDefault:1]]
LogConfig: Setting CVar [[r.setres:1280x720]]
[2020.09.29-09.12.31:042][  0]LogConfig: Setting CVar [[r.VSync:0]]
[2020.09.29-09.12.31:042][  0]LogConfig: Setting CVar [[r.RHICmdBypass:0]]
[2020.09.29-09.12.31:042][  0]LogConfig: Applying CVar settings from Section [/Script/Engine.RendererSettings] File [L:/New folder/Homework2-Group/Homework2 - Copy/Saved/Config/Windows/Engine.ini]
[2020.09.29-09.12.31:042][  0]LogConfig: Setting CVar [[r.GPUCrashDebugging:0]]
[2020.09.29-09.12.31:042][  0]LogConfig: Applying CVar settings from Section [/Script/Engine.RendererOverrideSettings] File [L:/New folder/Homework2-Group/Homework2 - Copy/Saved/Config/Windows/Engine.ini]
[2020.09.29-09.12.31:042][  0]LogConfig: Applying CVar settings from Section [/Script/Engine.StreamingSettings] File [L:/New folder/Homework2-Group/Homework2 - Copy/Saved/Config/Windows/Engine.ini]
[2020.09.29-09.12.31:042][  0]LogConfig: Setting CVar [[s.MinBulkDataSizeForAsyncLoading:131072]]
[2020.09.29-09.12.31:042][  0]LogConfig: Setting CVar [[s.AsyncLoadingThreadEnabled:0]]
[2020.09.29-09.12.31:042][  0]LogConfig: Setting CVar [[s.EventDrivenLoaderEnabled:1]]
[2020.09.29-09.12.31:042][  0]LogConfig: Setting CVar [[s.WarnIfTimeLimitExceeded:0]]
[2020.09.29-09.12.31:042][  0]LogConfig: Setting CVar [[s.TimeLimitExceededMultiplier:1.5]]
[2020.09.29-09.12.31:042][  0]LogConfig: Setting CVar [[s.TimeLimitExceededMinTime:0.005]]
[2020.09.29-09.12.31:042][  0]LogConfig: Setting CVar [[s.UseBackgroundLevelStreaming:1]]
[2020.09.29-09.12.31:042][  0]LogConfig: Setting CVar [[s.PriorityAsyncLoadingExtraTime:15.0]]
[2020.09.29-09.12.31:042][  0]LogConfig: Setting CVar [[s.LevelStreamingActorsUpdateTimeLimit:5.0]]
[2020.09.29-09.12.31:042][  0]LogConfig: Setting CVar [[s.PriorityLevelStreamingActorsUpdateExtraTime:5.0]]
[2020.09.29-09.12.31:042][  0]LogConfig: Setting CVar [[s.LevelStreamingComponentsRegistrationGranularity:10]]
[2020.09.29-09.12.31:042][  0]LogConfig: Setting CVar [[s.UnregisterComponentsTimeLimit:1.0]]
[2020.09.29-09.12.31:042][  0]LogConfig: Setting CVar [[s.LevelStreamingComponentsUnregistrationGranularity:5]]
[2020.09.29-09.12.31:042][  0]LogConfig: Applying CVar settings from Section [/Script/Engine.GarbageCollectionSettings] File [L:/New folder/Homework2-Group/Homework2 - Copy/Saved/Config/Windows/Engine.ini]
[2020.09.29-09.12.31:042][  0]LogConfig: Setting CVar [[gc.MaxObjectsNotConsideredByGC:1]]
[2020.09.29-09.12.31:042][  0]LogConfig: Setting CVar [[gc.SizeOfPermanentObjectPool:0]]
[2020.09.29-09.12.31:042][  0]LogConfig: Setting CVar [[gc.FlushStreamingOnGC:0]]
[2020.09.29-09.12.31:042][  0]LogConfig: Setting CVar [[gc.NumRetriesBeforeForcingGC:10]]
[2020.09.29-09.12.31:042][  0]LogConfig: Setting CVar [[gc.AllowParallelGC:1]]
[2020.09.29-09.12.31:042][  0]LogConfig: Setting CVar [[gc.TimeBetweenPurgingPendingKillObjects:61.1]]
[2020.09.29-09.12.31:042][  0]LogConfig: Setting CVar [[gc.MaxObjectsInEditor:16777216]]
[2020.09.29-09.12.31:042][  0]LogConfig: Setting CVar [[gc.IncrementalBeginDestroyEnabled:1]]
[2020.09.29-09.12.31:042][  0]LogConfig: Setting CVar [[gc.CreateGCClusters:1]]
[2020.09.29-09.12.31:042][  0]LogConfig: Setting CVar [[gc.MinGCClusterSize:5]]
[2020.09.29-09.12.31:042][  0]LogConfig: Setting CVar [[gc.ActorClusteringEnabled:0]]
[2020.09.29-09.12.31:042][  0]LogConfig: Setting CVar [[gc.BlueprintClusteringEnabled:0]]
[2020.09.29-09.12.31:042][  0]LogConfig: Setting CVar [[gc.UseDisregardForGCOnDedicatedServers:0]]
[2020.09.29-09.12.31:042][  0]LogConfig: Applying CVar settings from Section [/Script/Engine.NetworkSettings] File [L:/New folder/Homework2-Group/Homework2 - Copy/Saved/Config/Windows/Engine.ini]
[2020.09.29-09.12.31:042][  0]LogConfig: Applying CVar settings from Section [/Script/UnrealEd.CookerSettings] File [L:/New folder/Homework2-Group/Homework2 - Copy/Saved/Config/Windows/Engine.ini]
[2020.09.29-09.12.31:046][  0]LogConfig: Applying CVar settings from Section [ViewDistanceQuality@3] File [L:/New folder/Homework2-Group/Homework2 - Copy/Saved/Config/Windows/Scalability.ini]
[2020.09.29-09.12.31:046][  0]LogConfig: Setting CVar [[r.SkeletalMeshLODBias:0]]
[2020.09.29-09.12.31:046][  0]LogConfig: Setting CVar [[r.ViewDistanceScale:1.0]]
[2020.09.29-09.12.31:046][  0]LogConfig: Applying CVar settings from Section [AntiAliasingQuality@3] File [L:/New folder/Homework2-Group/Homework2 - Copy/Saved/Config/Windows/Scalability.ini]
[2020.09.29-09.12.31:046][  0]LogConfig: Setting CVar [[r.PostProcessAAQuality:4]]
[2020.09.29-09.12.31:046][  0]LogConfig: Applying CVar settings from Section [ShadowQuality@3] File [L:/New folder/Homework2-Group/Homework2 - Copy/Saved/Config/Windows/Scalability.ini]
[2020.09.29-09.12.31:046][  0]LogConfig: Setting CVar [[r.LightFunctionQuality:1]]
[2020.09.29-09.12.31:046][  0]LogConfig: Setting CVar [[r.ShadowQuality:5]]
[2020.09.29-09.12.31:046][  0]LogConfig: Setting CVar [[r.Shadow.CSM.MaxCascades:10]]
[2020.09.29-09.12.31:046][  0]LogConfig: Setting CVar [[r.Shadow.MaxResolution:2048]]
[2020.09.29-09.12.31:046][  0]LogConfig: Setting CVar [[r.Shadow.MaxCSMResolution:2048]]
[2020.09.29-09.12.31:046][  0]LogConfig: Setting CVar [[r.Shadow.RadiusThreshold:0.01]]
[2020.09.29-09.12.31:046][  0]LogConfig: Setting CVar [[r.Shadow.DistanceScale:1.0]]
[2020.09.29-09.12.31:046][  0]LogConfig: Setting CVar [[r.Shadow.CSM.TransitionScale:1.0]]
[2020.09.29-09.12.31:046][  0]LogConfig: Setting CVar [[r.Shadow.PreShadowResolutionFactor:1.0]]
[2020.09.29-09.12.31:046][  0]LogConfig: Setting CVar [[r.DistanceFieldShadowing:1]]
[2020.09.29-09.12.31:046][  0]LogConfig: Setting CVar [[r.DistanceFieldAO:1]]
[2020.09.29-09.12.31:046][  0]LogConfig: Setting CVar [[r.AOQuality:2]]
[2020.09.29-09.12.31:046][  0]LogConfig: Setting CVar [[r.VolumetricFog:1]]
[2020.09.29-09.12.31:046][  0]LogConfig: Setting CVar [[r.VolumetricFog.GridPixelSize:8]]
[2020.09.29-09.12.31:046][  0]LogConfig: Setting CVar [[r.VolumetricFog.GridSizeZ:128]]
[2020.09.29-09.12.31:046][  0]LogConfig: Setting CVar [[r.VolumetricFog.HistoryMissSupersampleCount:4]]
[2020.09.29-09.12.31:046][  0]LogConfig: Setting CVar [[r.LightMaxDrawDistanceScale:1]]
[2020.09.29-09.12.31:046][  0]LogConfig: Setting CVar [[r.CapsuleShadows:1]]
[2020.09.29-09.12.31:046][  0]LogConfig: Applying CVar settings from Section [PostProcessQuality@3] File [L:/New folder/Homework2-Group/Homework2 - Copy/Saved/Config/Windows/Scalability.ini]
[2020.09.29-09.12.31:046][  0]LogConfig: Setting CVar [[r.MotionBlurQuality:4]]
[2020.09.29-09.12.31:046][  0]LogConfig: Setting CVar [[r.AmbientOcclusionMipLevelFactor:0.4]]
[2020.09.29-09.12.31:046][  0]LogConfig: Setting CVar [[r.AmbientOcclusionMaxQuality:100]]
[2020.09.29-09.12.31:046][  0]LogConfig: Setting CVar [[r.AmbientOcclusionLevels:-1]]
[2020.09.29-09.12.31:046][  0]LogConfig: Setting CVar [[r.AmbientOcclusionRadiusScale:1.0]]
[2020.09.29-09.12.31:046][  0]LogConfig: Setting CVar [[r.DepthOfFieldQuality:2]]
[2020.09.29-09.12.31:046][  0]LogConfig: Setting CVar [[r.RenderTargetPoolMin:400]]
[2020.09.29-09.12.31:046][  0]LogConfig: Setting CVar [[r.LensFlareQuality:2]]
[2020.09.29-09.12.31:046][  0]LogConfig: Setting CVar [[r.SceneColorFringeQuality:1]]
[2020.09.29-09.12.31:046][  0]LogConfig: Setting CVar [[r.EyeAdaptationQuality:2]]
[2020.09.29-09.12.31:046][  0]LogConfig: Setting CVar [[r.BloomQuality:5]]
[2020.09.29-09.12.31:046][  0]LogConfig: Setting CVar [[r.FastBlurThreshold:100]]
[2020.09.29-09.12.31:046][  0]LogConfig: Setting CVar [[r.Upscale.Quality:3]]
[2020.09.29-09.12.31:046][  0]LogConfig: Setting CVar [[r.Tonemapper.GrainQuantization:1]]
[2020.09.29-09.12.31:046][  0]LogConfig: Setting CVar [[r.LightShaftQuality:1]]
[2020.09.29-09.12.31:046][  0]LogConfig: Setting CVar [[r.Filter.SizeScale:1]]
[2020.09.29-09.12.31:046][  0]LogConfig: Setting CVar [[r.Tonemapper.Quality:5]]
[2020.09.29-09.12.31:046][  0]LogConfig: Setting CVar [[r.DOF.Gather.AccumulatorQuality:1        ; higher gathering accumulator quality]]
[2020.09.29-09.12.31:046][  0]LogConfig: Setting CVar [[r.DOF.Gather.PostfilterMethod:1          ; Median3x3 postfilering method]]
[2020.09.29-09.12.31:046][  0]LogConfig: Setting CVar [[r.DOF.Gather.EnableBokehSettings:0       ; no bokeh simulation when gathering]]
[2020.09.29-09.12.31:046][  0]LogConfig: Setting CVar [[r.DOF.Gather.RingCount:4                 ; medium number of samples when gathering]]
[2020.09.29-09.12.31:046][  0]LogConfig: Setting CVar [[r.DOF.Scatter.ForegroundCompositing:1    ; additive foreground scattering]]
[2020.09.29-09.12.31:046][  0]LogConfig: Setting CVar [[r.DOF.Scatter.BackgroundCompositing:2    ; additive background scattering]]
[2020.09.29-09.12.31:046][  0]LogConfig: Setting CVar [[r.DOF.Scatter.EnableBokehSettings:1      ; bokeh simulation when scattering]]
[2020.09.29-09.12.31:046][  0]LogConfig: Setting CVar [[r.DOF.Scatter.MaxSpriteRatio:0.1         ; only a maximum of 10% of scattered bokeh]]
[2020.09.29-09.12.31:046][  0]LogConfig: Setting CVar [[r.DOF.Recombine.Quality:1                ; cheap slight out of focus]]
[2020.09.29-09.12.31:046][  0]LogConfig: Setting CVar [[r.DOF.Recombine.EnableBokehSettings:0    ; no bokeh simulation on slight out of focus]]
[2020.09.29-09.12.31:046][  0]LogConfig: Setting CVar [[r.DOF.TemporalAAQuality:1                ; more stable temporal accumulation]]
[2020.09.29-09.12.31:046][  0]LogConfig: Setting CVar [[r.DOF.Kernel.MaxForegroundRadius:0.025]]
[2020.09.29-09.12.31:046][  0]LogConfig: Setting CVar [[r.DOF.Kernel.MaxBackgroundRadius:0.025]]
[2020.09.29-09.12.31:046][  0]LogConfig: Applying CVar settings from Section [TextureQuality@3] File [L:/New folder/Homework2-Group/Homework2 - Copy/Saved/Config/Windows/Scalability.ini]
[2020.09.29-09.12.31:046][  0]LogConfig: Setting CVar [[r.Streaming.MipBias:0]]
[2020.09.29-09.12.31:046][  0]LogConfig: Setting CVar [[r.Streaming.AmortizeCPUToGPUCopy:0]]
[2020.09.29-09.12.31:046][  0]LogConfig: Setting CVar [[r.Streaming.MaxNumTexturesToStreamPerFrame:0]]
[2020.09.29-09.12.31:046][  0]LogConfig: Setting CVar [[r.Streaming.Boost:1]]
[2020.09.29-09.12.31:046][  0]LogConfig: Setting CVar [[r.MaxAnisotropy:8]]
[2020.09.29-09.12.31:046][  0]LogConfig: Setting CVar [[r.Streaming.LimitPoolSizeToVRAM:0]]
[2020.09.29-09.12.31:046][  0]LogConfig: Setting CVar [[r.Streaming.PoolSize:1000]]
[2020.09.29-09.12.31:046][  0]LogConfig: Setting CVar [[r.Streaming.MaxEffectiveScreenSize:0]]
[2020.09.29-09.12.31:046][  0]LogConfig: Applying CVar settings from Section [EffectsQuality@3] File [L:/New folder/Homework2-Group/Homework2 - Copy/Saved/Config/Windows/Scalability.ini]
[2020.09.29-09.12.31:046][  0]LogConfig: Setting CVar [[r.TranslucencyLightingVolumeDim:64]]
[2020.09.29-09.12.31:047][  0]LogConfig: Setting CVar [[r.RefractionQuality:2]]
[2020.09.29-09.12.31:047][  0]LogConfig: Setting CVar [[r.SSR.Quality:3]]
[2020.09.29-09.12.31:047][  0]LogConfig: Setting CVar [[r.SceneColorFormat:4]]
[2020.09.29-09.12.31:047][  0]LogConfig: Setting CVar [[r.DetailMode:2]]
[2020.09.29-09.12.31:047][  0]LogConfig: Setting CVar [[r.TranslucencyVolumeBlur:1]]
[2020.09.29-09.12.31:047][  0]LogConfig: Setting CVar [[r.MaterialQualityLevel:1 ; High quality]]
[2020.09.29-09.12.31:047][  0]LogConfig: Setting CVar [[r.SSS.Scale:1]]
[2020.09.29-09.12.31:047][  0]LogConfig: Setting CVar [[r.SSS.SampleSet:2]]
[2020.09.29-09.12.31:047][  0]LogConfig: Setting CVar [[r.SSS.Quality:1]]
[2020.09.29-09.12.31:047][  0]LogConfig: Setting CVar [[r.SSS.HalfRes:1]]
[2020.09.29-09.12.31:047][  0]LogConfig: Setting CVar [[r.EmitterSpawnRateScale:1.0]]
[2020.09.29-09.12.31:047][  0]LogConfig: Setting CVar [[r.ParticleLightQuality:2]]
[2020.09.29-09.12.31:047][  0]LogConfig: Applying CVar settings from Section [FoliageQuality@3] File [L:/New folder/Homework2-Group/Homework2 - Copy/Saved/Config/Windows/Scalability.ini]
[2020.09.29-09.12.31:047][  0]LogConfig: Setting CVar [[foliage.DensityScale:1.0]]
[2020.09.29-09.12.31:047][  0]LogConfig: Setting CVar [[grass.DensityScale:1.0]]
[2020.09.29-09.12.31:047][  0]LogInit: Selected Device Profile: [Windows]
[2020.09.29-09.12.31:047][  0]LogInit: Applying CVar settings loaded from the selected device profile: [Windows]
[2020.09.29-09.12.31:063][  0]LogHAL: Display: Platform has ~ 16 GB [17033220096 / 17179869184 / 16], which maps to Larger [LargestMinGB=32, LargerMinGB=12, DefaultMinGB=8, SmallerMinGB=6, SmallestMinGB=0)
[2020.09.29-09.12.31:063][  0]LogConfig: Setting CVar [[r.Vulkan.UseRealUBs:0		; Required until we fix HLR fall-out]]
[2020.09.29-09.12.31:063][  0]LogInit: Going up to parent DeviceProfile []
[2020.09.29-09.12.31:063][  0]LogConfig: Applying CVar settings from Section [ViewDistanceQuality@3] File [L:/New folder/Homework2-Group/Homework2 - Copy/Saved/Config/Windows/Scalability.ini]
[2020.09.29-09.12.31:063][  0]LogConfig: Setting CVar [[r.SkeletalMeshLODBias:0]]
[2020.09.29-09.12.31:063][  0]LogConfig: Setting CVar [[r.ViewDistanceScale:1.0]]
[2020.09.29-09.12.31:063][  0]LogConfig: Applying CVar settings from Section [AntiAliasingQuality@3] File [L:/New folder/Homework2-Group/Homework2 - Copy/Saved/Config/Windows/Scalability.ini]
[2020.09.29-09.12.31:063][  0]LogConfig: Setting CVar [[r.PostProcessAAQuality:4]]
[2020.09.29-09.12.31:063][  0]LogConfig: Applying CVar settings from Section [ShadowQuality@3] File [L:/New folder/Homework2-Group/Homework2 - Copy/Saved/Config/Windows/Scalability.ini]
[2020.09.29-09.12.31:063][  0]LogConfig: Setting CVar [[r.LightFunctionQuality:1]]
[2020.09.29-09.12.31:063][  0]LogConfig: Setting CVar [[r.ShadowQuality:5]]
[2020.09.29-09.12.31:063][  0]LogConfig: Setting CVar [[r.Shadow.CSM.MaxCascades:10]]
[2020.09.29-09.12.31:063][  0]LogConfig: Setting CVar [[r.Shadow.MaxResolution:2048]]
[2020.09.29-09.12.31:063][  0]LogConfig: Setting CVar [[r.Shadow.MaxCSMResolution:2048]]
[2020.09.29-09.12.31:063][  0]LogConfig: Setting CVar [[r.Shadow.RadiusThreshold:0.01]]
[2020.09.29-09.12.31:063][  0]LogConfig: Setting CVar [[r.Shadow.DistanceScale:1.0]]
[2020.09.29-09.12.31:063][  0]LogConfig: Setting CVar [[r.Shadow.CSM.TransitionScale:1.0]]
[2020.09.29-09.12.31:063][  0]LogConfig: Setting CVar [[r.Shadow.PreShadowResolutionFactor:1.0]]
[2020.09.29-09.12.31:063][  0]LogConfig: Setting CVar [[r.DistanceFieldShadowing:1]]
[2020.09.29-09.12.31:063][  0]LogConfig: Setting CVar [[r.DistanceFieldAO:1]]
[2020.09.29-09.12.31:063][  0]LogConfig: Setting CVar [[r.AOQuality:2]]
[2020.09.29-09.12.31:063][  0]LogConfig: Setting CVar [[r.VolumetricFog:1]]
[2020.09.29-09.12.31:063][  0]LogConfig: Setting CVar [[r.VolumetricFog.GridPixelSize:8]]
[2020.09.29-09.12.31:063][  0]LogConfig: Setting CVar [[r.VolumetricFog.GridSizeZ:128]]
[2020.09.29-09.12.31:063][  0]LogConfig: Setting CVar [[r.VolumetricFog.HistoryMissSupersampleCount:4]]
[2020.09.29-09.12.31:063][  0]LogConfig: Setting CVar [[r.LightMaxDrawDistanceScale:1]]
[2020.09.29-09.12.31:063][  0]LogConfig: Setting CVar [[r.CapsuleShadows:1]]
[2020.09.29-09.12.31:063][  0]LogConfig: Applying CVar settings from Section [PostProcessQuality@3] File [L:/New folder/Homework2-Group/Homework2 - Copy/Saved/Config/Windows/Scalability.ini]
[2020.09.29-09.12.31:063][  0]LogConfig: Setting CVar [[r.MotionBlurQuality:4]]
[2020.09.29-09.12.31:063][  0]LogConfig: Setting CVar [[r.AmbientOcclusionMipLevelFactor:0.4]]
[2020.09.29-09.12.31:063][  0]LogConfig: Setting CVar [[r.AmbientOcclusionMaxQuality:100]]
[2020.09.29-09.12.31:063][  0]LogConfig: Setting CVar [[r.AmbientOcclusionLevels:-1]]
[2020.09.29-09.12.31:063][  0]LogConfig: Setting CVar [[r.AmbientOcclusionRadiusScale:1.0]]
[2020.09.29-09.12.31:063][  0]LogConfig: Setting CVar [[r.DepthOfFieldQuality:2]]
[2020.09.29-09.12.31:063][  0]LogConfig: Setting CVar [[r.RenderTargetPoolMin:400]]
[2020.09.29-09.12.31:063][  0]LogConfig: Setting CVar [[r.LensFlareQuality:2]]
[2020.09.29-09.12.31:063][  0]LogConfig: Setting CVar [[r.SceneColorFringeQuality:1]]
[2020.09.29-09.12.31:063][  0]LogConfig: Setting CVar [[r.EyeAdaptationQuality:2]]
[2020.09.29-09.12.31:063][  0]LogConfig: Setting CVar [[r.BloomQuality:5]]
[2020.09.29-09.12.31:063][  0]LogConfig: Setting CVar [[r.FastBlurThreshold:100]]
[2020.09.29-09.12.31:063][  0]LogConfig: Setting CVar [[r.Upscale.Quality:3]]
[2020.09.29-09.12.31:063][  0]LogConfig: Setting CVar [[r.Tonemapper.GrainQuantization:1]]
[2020.09.29-09.12.31:063][  0]LogConfig: Setting CVar [[r.LightShaftQuality:1]]
[2020.09.29-09.12.31:063][  0]LogConfig: Setting CVar [[r.Filter.SizeScale:1]]
[2020.09.29-09.12.31:063][  0]LogConfig: Setting CVar [[r.Tonemapper.Quality:5]]
[2020.09.29-09.12.31:063][  0]LogConfig: Setting CVar [[r.DOF.Gather.AccumulatorQuality:1        ; higher gathering accumulator quality]]
[2020.09.29-09.12.31:063][  0]LogConfig: Setting CVar [[r.DOF.Gather.PostfilterMethod:1          ; Median3x3 postfilering method]]
[2020.09.29-09.12.31:063][  0]LogConfig: Setting CVar [[r.DOF.Gather.EnableBokehSettings:0       ; no bokeh simulation when gathering]]
[2020.09.29-09.12.31:063][  0]LogConfig: Setting CVar [[r.DOF.Gather.RingCount:4                 ; medium number of samples when gathering]]
[2020.09.29-09.12.31:063][  0]LogConfig: Setting CVar [[r.DOF.Scatter.ForegroundCompositing:1    ; additive foreground scattering]]
[2020.09.29-09.12.31:063][  0]LogConfig: Setting CVar [[r.DOF.Scatter.BackgroundCompositing:2    ; additive background scattering]]
[2020.09.29-09.12.31:063][  0]LogConfig: Setting CVar [[r.DOF.Scatter.EnableBokehSettings:1      ; bokeh simulation when scattering]]
[2020.09.29-09.12.31:063][  0]LogConfig: Setting CVar [[r.DOF.Scatter.MaxSpriteRatio:0.1         ; only a maximum of 10% of scattered bokeh]]
[2020.09.29-09.12.31:063][  0]LogConfig: Setting CVar [[r.DOF.Recombine.Quality:1                ; cheap slight out of focus]]
[2020.09.29-09.12.31:063][  0]LogConfig: Setting CVar [[r.DOF.Recombine.EnableBokehSettings:0    ; no bokeh simulation on slight out of focus]]
[2020.09.29-09.12.31:063][  0]LogConfig: Setting CVar [[r.DOF.TemporalAAQuality:1                ; more stable temporal accumulation]]
[2020.09.29-09.12.31:063][  0]LogConfig: Setting CVar [[r.DOF.Kernel.MaxForegroundRadius:0.025]]
[2020.09.29-09.12.31:063][  0]LogConfig: Setting CVar [[r.DOF.Kernel.MaxBackgroundRadius:0.025]]
[2020.09.29-09.12.31:063][  0]LogConfig: Applying CVar settings from Section [TextureQuality@3] File [L:/New folder/Homework2-Group/Homework2 - Copy/Saved/Config/Windows/Scalability.ini]
[2020.09.29-09.12.31:063][  0]LogConfig: Setting CVar [[r.Streaming.MipBias:0]]
[2020.09.29-09.12.31:063][  0]LogConfig: Setting CVar [[r.Streaming.AmortizeCPUToGPUCopy:0]]
[2020.09.29-09.12.31:064][  0]LogConfig: Setting CVar [[r.Streaming.MaxNumTexturesToStreamPerFrame:0]]
[2020.09.29-09.12.31:064][  0]LogConfig: Setting CVar [[r.Streaming.Boost:1]]
[2020.09.29-09.12.31:064][  0]LogConfig: Setting CVar [[r.MaxAnisotropy:8]]
[2020.09.29-09.12.31:064][  0]LogConfig: Setting CVar [[r.Streaming.LimitPoolSizeToVRAM:0]]
[2020.09.29-09.12.31:064][  0]LogConfig: Setting CVar [[r.Streaming.PoolSize:1000]]
[2020.09.29-09.12.31:064][  0]LogConfig: Setting CVar [[r.Streaming.MaxEffectiveScreenSize:0]]
[2020.09.29-09.12.31:064][  0]LogConfig: Applying CVar settings from Section [EffectsQuality@3] File [L:/New folder/Homework2-Group/Homework2 - Copy/Saved/Config/Windows/Scalability.ini]
[2020.09.29-09.12.31:064][  0]LogConfig: Setting CVar [[r.TranslucencyLightingVolumeDim:64]]
[2020.09.29-09.12.31:064][  0]LogConfig: Setting CVar [[r.RefractionQuality:2]]
[2020.09.29-09.12.31:064][  0]LogConfig: Setting CVar [[r.SSR.Quality:3]]
[2020.09.29-09.12.31:064][  0]LogConfig: Setting CVar [[r.SceneColorFormat:4]]
[2020.09.29-09.12.31:064][  0]LogConfig: Setting CVar [[r.DetailMode:2]]
[2020.09.29-09.12.31:064][  0]LogConfig: Setting CVar [[r.TranslucencyVolumeBlur:1]]
[2020.09.29-09.12.31:064][  0]LogConfig: Setting CVar [[r.MaterialQualityLevel:1 ; High quality]]
[2020.09.29-09.12.31:064][  0]LogConfig: Setting CVar [[r.SSS.Scale:1]]
[2020.09.29-09.12.31:064][  0]LogConfig: Setting CVar [[r.SSS.SampleSet:2]]
[2020.09.29-09.12.31:064][  0]LogConfig: Setting CVar [[r.SSS.Quality:1]]
[2020.09.29-09.12.31:064][  0]LogConfig: Setting CVar [[r.SSS.HalfRes:1]]
[2020.09.29-09.12.31:064][  0]LogConfig: Setting CVar [[r.EmitterSpawnRateScale:1.0]]
[2020.09.29-09.12.31:064][  0]LogConfig: Setting CVar [[r.ParticleLightQuality:2]]
[2020.09.29-09.12.31:064][  0]LogConfig: Applying CVar settings from Section [FoliageQuality@3] File [L:/New folder/Homework2-Group/Homework2 - Copy/Saved/Config/Windows/Scalability.ini]
[2020.09.29-09.12.31:064][  0]LogConfig: Setting CVar [[foliage.DensityScale:1.0]]
[2020.09.29-09.12.31:064][  0]LogConfig: Setting CVar [[grass.DensityScale:1.0]]
[2020.09.29-09.12.31:064][  0]LogConfig: Applying CVar settings from Section [Startup] File [../../../Engine/Config/ConsoleVariables.ini]
[2020.09.29-09.12.31:064][  0]LogConfig: Setting CVar [[net.UseAdaptiveNetUpdateFrequency:0]]
[2020.09.29-09.12.31:064][  0]LogConfig: Setting CVar [[p.chaos.AllowCreatePhysxBodies:1]]
[2020.09.29-09.12.31:064][  0]LogConfig: Applying CVar settings from Section [ConsoleVariables] File [L:/New folder/Homework2-Group/Homework2 - Copy/Saved/Config/Windows/Engine.ini]
[2020.09.29-09.12.31:064][  0]LogInit: Computer: KEN
[2020.09.29-09.12.31:064][  0]LogInit: User: kenng
[2020.09.29-09.12.31:064][  0]LogInit: CPU Page size=4096, Cores=4
[2020.09.29-09.12.31:064][  0]LogInit: High frequency timer resolution =10.000000 MHz
[2020.09.29-09.12.31:064][  0]LogMemory: Memory total: Physical=15.9GB (16GB approx)
[2020.09.29-09.12.31:064][  0]LogMemory: Platform Memory Stats for Windows
[2020.09.29-09.12.31:064][  0]LogMemory: Process Physical Memory: 97.18 MB used, 97.18 MB peak
[2020.09.29-09.12.31:064][  0]LogMemory: Process Virtual Memory: 88.88 MB used, 88.88 MB peak
[2020.09.29-09.12.31:064][  0]LogMemory: Physical Memory: 10760.66 MB used,  5483.48 MB free, 16244.14 MB total
[2020.09.29-09.12.31:064][  0]LogMemory: Virtual Memory: 4642.32 MB used,  134213088.00 MB free, 134217728.00 MB total
[2020.09.29-09.12.31:085][  0]LogInit: Using OS detected language (en-GB).
[2020.09.29-09.12.31:085][  0]LogInit: Using OS detected locale (en-CA).
[2020.09.29-09.12.31:086][  0]LogTextLocalizationManager: No specific localization for 'en-GB' exists, so the 'en' localization will be used.
[2020.09.29-09.12.31:256][  0]LogInit: Setting process to per monitor DPI aware
[2020.09.29-09.12.31:297][  0]LogSlate: New Slate User Created.  User Index 0, Is Virtual User: 0
[2020.09.29-09.12.31:297][  0]LogSlate: Slate User Registered.  User Index 0, Is Virtual User: 0
[2020.09.29-09.12.31:503][  0]LogHMD: Failed to initialize OpenVR with code 110
[2020.09.29-09.12.31:503][  0]LogD3D11RHI: D3D11 adapters:
[2020.09.29-09.12.31:571][  0]LogD3D11RHI:    0. 'NVIDIA GeForce GTX 1060' (Feature Level 11_0)
[2020.09.29-09.12.31:571][  0]LogD3D11RHI:       6052/0/8122 MB DedicatedVideo/DedicatedSystem/SharedSystem, Outputs:1, VendorId:0x10de
[2020.09.29-09.12.31:596][  0]LogD3D11RHI:    1. 'Intel(R) HD Graphics 630' (Feature Level 11_0)
[2020.09.29-09.12.31:596][  0]LogD3D11RHI:       128/0/8122 MB DedicatedVideo/DedicatedSystem/SharedSystem, Outputs:0, VendorId:0x8086
[2020.09.29-09.12.31:598][  0]LogD3D11RHI:    2. 'Microsoft Basic Render Driver' (Feature Level 11_0)
[2020.09.29-09.12.31:598][  0]LogD3D11RHI:       0/0/8122 MB DedicatedVideo/DedicatedSystem/SharedSystem, Outputs:0, VendorId:0x1414
[2020.09.29-09.12.31:598][  0]LogD3D11RHI: Chosen D3D11 Adapter: 0
[2020.09.29-09.12.31:633][  0]LogD3D11RHI: Creating new Direct3DDevice
[2020.09.29-09.12.31:633][  0]LogD3D11RHI:     GPU DeviceId: 0x1c20 (for the marketing name, search the web for "GPU Device Id")
[2020.09.29-09.12.31:633][  0]LogWindows: EnumDisplayDevices:
[2020.09.29-09.12.31:633][  0]LogWindows:    0. 'Intel(R) HD Graphics 630' (P:1 D:1)
[2020.09.29-09.12.31:634][  0]LogWindows:    1. 'Intel(R) HD Graphics 630' (P:0 D:0)
[2020.09.29-09.12.31:634][  0]LogWindows:    2. 'Intel(R) HD Graphics 630' (P:0 D:0)
[2020.09.29-09.12.31:634][  0]LogWindows:    3. 'NVIDIA GeForce GTX 1060' (P:0 D:0)
[2020.09.29-09.12.31:634][  0]LogWindows:    4. 'NVIDIA GeForce GTX 1060' (P:0 D:0)
[2020.09.29-09.12.31:635][  0]LogWindows:    5. 'NVIDIA GeForce GTX 1060' (P:0 D:0)
[2020.09.29-09.12.31:635][  0]LogWindows:    6. 'NVIDIA GeForce GTX 1060' (P:0 D:0)
[2020.09.29-09.12.31:635][  0]LogWindows: DebugString: PrimaryIsNotTheChoosenAdapter PrimaryIsNotTheChoosenAdapter PrimaryIsNotTheChoosenAdapter FoundDriverCount:4 
[2020.09.29-09.12.31:635][  0]LogD3D11RHI:     Adapter Name: NVIDIA GeForce GTX 1060
[2020.09.29-09.12.31:635][  0]LogD3D11RHI:   Driver Version: 419.71 (internal:25.21.14.1971, unified:419.71)
[2020.09.29-09.12.31:635][  0]LogD3D11RHI:      Driver Date: 3-18-2019
[2020.09.29-09.12.31:635][  0]LogRHI: Texture pool is 4236 MB (70% of 6052 MB)
[2020.09.29-09.12.31:693][  0]LogD3D11RHI: Async texture creation enabled
[2020.09.29-09.12.31:696][  0]LogRendererCore: FGlobalReadBuffer::InitRHI
[2020.09.29-09.12.31:697][  0]LogRendererCore: FGlobalReadBuffer::InitRHI
[2020.09.29-09.12.31:697][  0]LogRendererCore: FGlobalReadBuffer::InitRHI
[2020.09.29-09.12.31:711][  0]LogD3D11RHI: GPU Timing Frequency: 1000.000000 (Debug: 2 2)
[2020.09.29-09.12.32:042][  0]LogTemp: Display: Module 'AllDesktopTargetPlatform' loaded TargetPlatform 'AllDesktop'
[2020.09.29-09.12.32:055][  0]LogTemp: Display: Module 'MacClientTargetPlatform' loaded TargetPlatform 'MacClient'
[2020.09.29-09.12.32:072][  0]LogTemp: Display: Module 'MacNoEditorTargetPlatform' loaded TargetPlatform 'MacNoEditor'
[2020.09.29-09.12.32:086][  0]LogTemp: Display: Module 'MacServerTargetPlatform' loaded TargetPlatform 'MacServer'
[2020.09.29-09.12.32:100][  0]LogTemp: Display: Module 'MacTargetPlatform' loaded TargetPlatform 'Mac'
[2020.09.29-09.12.32:113][  0]LogTemp: Display: Module 'WindowsClientTargetPlatform' loaded TargetPlatform 'WindowsClient'
[2020.09.29-09.12.32:128][  0]LogTemp: Display: Module 'WindowsNoEditorTargetPlatform' loaded TargetPlatform 'WindowsNoEditor'
[2020.09.29-09.12.32:142][  0]LogTemp: Display: Module 'WindowsServerTargetPlatform' loaded TargetPlatform 'WindowsServer'
[2020.09.29-09.12.32:147][  0]LogTemp: Display: Module 'WindowsTargetPlatform' loaded TargetPlatform 'Windows'
[2020.09.29-09.12.32:229][  0]LogTemp: Display: Module 'AndroidTargetPlatform' loaded TargetPlatform 'Android'
[2020.09.29-09.12.32:229][  0]LogTemp: Display: Module 'AndroidTargetPlatform' loaded TargetPlatform 'Android_ASTC'
[2020.09.29-09.12.32:229][  0]LogTemp: Display: Module 'AndroidTargetPlatform' loaded TargetPlatform 'Android_ATC'
[2020.09.29-09.12.32:229][  0]LogTemp: Display: Module 'AndroidTargetPlatform' loaded TargetPlatform 'Android_DXT'
[2020.09.29-09.12.32:229][  0]LogTemp: Display: Module 'AndroidTargetPlatform' loaded TargetPlatform 'Android_ETC1'
[2020.09.29-09.12.32:229][  0]LogTemp: Display: Module 'AndroidTargetPlatform' loaded TargetPlatform 'Android_ETC1a'
[2020.09.29-09.12.32:229][  0]LogTemp: Display: Module 'AndroidTargetPlatform' loaded TargetPlatform 'Android_ETC2'
[2020.09.29-09.12.32:229][  0]LogTemp: Display: Module 'AndroidTargetPlatform' loaded TargetPlatform 'Android_PVRTC'
[2020.09.29-09.12.32:229][  0]LogTemp: Display: Module 'AndroidTargetPlatform' loaded TargetPlatform 'AndroidClient'
[2020.09.29-09.12.32:229][  0]LogTemp: Display: Module 'AndroidTargetPlatform' loaded TargetPlatform 'Android_ASTCClient'
[2020.09.29-09.12.32:229][  0]LogTemp: Display: Module 'AndroidTargetPlatform' loaded TargetPlatform 'Android_ATCClient'
[2020.09.29-09.12.32:229][  0]LogTemp: Display: Module 'AndroidTargetPlatform' loaded TargetPlatform 'Android_DXTClient'
[2020.09.29-09.12.32:229][  0]LogTemp: Display: Module 'AndroidTargetPlatform' loaded TargetPlatform 'Android_ETC1Client'
[2020.09.29-09.12.32:229][  0]LogTemp: Display: Module 'AndroidTargetPlatform' loaded TargetPlatform 'Android_ETC1aClient'
[2020.09.29-09.12.32:229][  0]LogTemp: Display: Module 'AndroidTargetPlatform' loaded TargetPlatform 'Android_ETC2Client'
[2020.09.29-09.12.32:229][  0]LogTemp: Display: Module 'AndroidTargetPlatform' loaded TargetPlatform 'Android_PVRTCClient'
[2020.09.29-09.12.32:229][  0]LogTemp: Display: Module 'AndroidTargetPlatform' loaded TargetPlatform 'Android_Multi'
[2020.09.29-09.12.32:229][  0]LogTemp: Display: Module 'AndroidTargetPlatform' loaded TargetPlatform 'Android_MultiClient'
[2020.09.29-09.12.32:230][  0]LogTemp: Display: Module 'HTML5TargetPlatform' loaded TargetPlatform 'HTML5'
[2020.09.29-09.12.32:278][  0]LogTemp: Display: Module 'IOSTargetPlatform' loaded TargetPlatform 'IOSClient'
[2020.09.29-09.12.32:278][  0]LogTemp: Display: Module 'IOSTargetPlatform' loaded TargetPlatform 'IOS'
[2020.09.29-09.12.32:303][  0]LogTemp: Display: Module 'TVOSTargetPlatform' loaded TargetPlatform 'TVOSClient'
[2020.09.29-09.12.32:303][  0]LogTemp: Display: Module 'TVOSTargetPlatform' loaded TargetPlatform 'TVOS'
[2020.09.29-09.12.32:317][  0]LogTemp: Display: Module 'LinuxClientTargetPlatform' loaded TargetPlatform 'LinuxClient'
[2020.09.29-09.12.32:333][  0]LogTemp: Display: Module 'LinuxNoEditorTargetPlatform' loaded TargetPlatform 'LinuxNoEditor'
[2020.09.29-09.12.32:351][  0]LogTemp: Display: Module 'LinuxServerTargetPlatform' loaded TargetPlatform 'LinuxServer'
[2020.09.29-09.12.32:369][  0]LogTemp: Display: Module 'LinuxTargetPlatform' loaded TargetPlatform 'Linux'
[2020.09.29-09.12.32:416][  0]LogTemp: Display: Module 'LuminTargetPlatform' loaded TargetPlatform 'Lumin'
[2020.09.29-09.12.32:416][  0]LogTemp: Display: Module 'LuminTargetPlatform' loaded TargetPlatform 'LuminClient'
[2020.09.29-09.12.32:416][  0]LogTargetPlatformManager: Display: Building Assets For Windows
[2020.09.29-09.12.32:423][  0]LogAudioDebug: Display: Lib vorbis DLL was dynamically loaded.
[2020.09.29-09.12.32:462][  0]LogShaderCompilers: Guid format shader working directory is -9 characters bigger than the processId version (../../../../New folder/Homework2-Group/Homework2 - Copy/Intermediate/Shaders/WorkingDirectory/3104/).
[2020.09.29-09.12.32:462][  0]LogShaderCompilers: Cleaned the shader compiler working directory 'C:/Users/kenng/AppData/Local/Temp/UnrealShaderWorkingDir/A28FE8784B667EC94D181FAF94BFCC94/'.
[2020.09.29-09.12.32:464][  0]LogXGEController: Cannot use XGE Controller as Incredibuild is not installed on this machine.
[2020.09.29-09.12.32:464][  0]LogShaderCompilers: Cannot use XGE Shader Compiler as Incredibuild is not installed on this machine.
[2020.09.29-09.12.32:464][  0]LogShaderCompilers: Display: Using Local Shader Compiler.
[2020.09.29-09.12.33:074][  0]LogDerivedDataCache: Display: Max Cache Size: 512 MB
[2020.09.29-09.12.33:125][  0]LogDerivedDataCache: Loaded boot cache 0.05s 71MB C:/Users/kenng/AppData/Local/UnrealEngine/4.22/DerivedDataCache/Boot.ddc.
[2020.09.29-09.12.33:125][  0]LogDerivedDataCache: Display: Loaded Boot cache: C:/Users/kenng/AppData/Local/UnrealEngine/4.22/DerivedDataCache/Boot.ddc
[2020.09.29-09.12.33:125][  0]LogDerivedDataCache: FDerivedDataBackendGraph:  Pak pak cache file ../../../../New folder/Homework2-Group/Homework2 - Copy/DerivedDataCache/DDC.ddp not found, will not use a pak cache.
[2020.09.29-09.12.33:125][  0]LogDerivedDataCache: Unable to find inner node Pak for hierarchical cache Hierarchy.
[2020.09.29-09.12.33:125][  0]LogDerivedDataCache: FDerivedDataBackendGraph:  CompressedPak pak cache file ../../../../New folder/Homework2-Group/Homework2 - Copy/DerivedDataCache/Compressed.ddp not found, will not use a pak cache.
[2020.09.29-09.12.33:125][  0]LogDerivedDataCache: Unable to find inner node CompressedPak for hierarchical cache Hierarchy.
[2020.09.29-09.12.33:136][  0]LogDerivedDataCache: Display: Pak cache opened for reading ../../../Engine/DerivedDataCache/Compressed.ddp.
[2020.09.29-09.12.33:137][  0]LogDerivedDataCache: FDerivedDataBackendGraph:  EnterprisePak pak cache file ../../../Enterprise/DerivedDataCache/Compressed.ddp not found, will not use a pak cache.
[2020.09.29-09.12.33:137][  0]LogDerivedDataCache: Unable to find inner node EnterprisePak for hierarchical cache Hierarchy.
[2020.09.29-09.12.33:149][  0]LogDerivedDataCache: Using Local data cache path C:/Users/kenng/AppData/Local/UnrealEngine/Common/DerivedDataCache: Writable
[2020.09.29-09.12.33:149][  0]LogDerivedDataCache: Shared data cache path not found in *engine.ini, will not use an Shared cache.
[2020.09.29-09.12.33:149][  0]LogDerivedDataCache: Unable to find inner node Shared for hierarchical cache Hierarchy.
[2020.09.29-09.12.33:176][  0]LogMaterial: Verifying Global Shaders for PCD3D_SM5
[2020.09.29-09.12.33:177][  0]LogSlate: Using FreeType 2.6.0
[2020.09.29-09.12.33:178][  0]LogSlate: SlateFontServices - WITH_FREETYPE: 1, WITH_HARFBUZZ: 1
[2020.09.29-09.12.33:264][  0]LogAssetRegistry: FAssetRegistry took 0.0339 seconds to start up
[2020.09.29-09.12.33:610][  0]LogInit: Selected Device Profile: [Windows]
[2020.09.29-09.12.33:758][  0]LogMeshReduction: Using QuadricMeshReduction for automatic static mesh reduction
[2020.09.29-09.12.33:758][  0]LogMeshReduction: Using SimplygonMeshReduction for automatic skeletal mesh reduction
[2020.09.29-09.12.33:758][  0]LogMeshReduction: Using ProxyLODMeshReduction for automatic mesh merging
[2020.09.29-09.12.33:758][  0]LogMeshReduction: No distributed automatic mesh merging module available
[2020.09.29-09.12.33:758][  0]LogMeshMerging: No distributed automatic mesh merging module available
[2020.09.29-09.12.33:770][  0]LogNetVersion: Homework2 1.0.0, NetCL: 5660361, EngineNetVer: 10, GameNetVer: 0 (Checksum: 1281741258)
[2020.09.29-09.12.34:227][  0]LogPackageLocalizationCache: Processed 10 localized package path(s) for 1 prioritized culture(s) in 0.043635 seconds
[2020.09.29-09.12.34:234][  0]LogUObjectArray: 42205 objects as part of root set at end of initial load.
[2020.09.29-09.12.34:234][  0]LogUObjectAllocator: 7325032 out of 0 bytes used by permanent object pool.
[2020.09.29-09.12.34:234][  0]LogUObjectArray: CloseDisregardForGC: 0/0 objects in disregard for GC pool
[2020.09.29-09.12.35:046][  0]LogTcpMessaging: Initializing TcpMessaging bridge
[2020.09.29-09.12.35:060][  0]LogUdpMessaging: Initializing bridge on interface 0.0.0.0:0 to multicast group 230.0.0.1:6666.
[2020.09.29-09.12.35:169][  0]SourceControl: Source control is disabled
[2020.09.29-09.12.35:169][  0]SourceControl: Source control is disabled
[2020.09.29-09.12.35:170][  0]SourceControl: Source control is disabled
[2020.09.29-09.12.35:171][  0]SourceControl: Source control is disabled
[2020.09.29-09.12.35:240][  0]LogAndroidPermission: UAndroidPermissionCallbackProxy::GetInstance
[2020.09.29-09.12.35:313][  0]LogOcInput: OculusInput pre-init called
[2020.09.29-09.12.35:989][  0]LogEngine: Initializing Engine...
[2020.09.29-09.12.35:990][  0]LogHMD: Failed to initialize OpenVR with code 110
[2020.09.29-09.12.35:992][  0]LogStats: UGameplayTagsManager::InitializeManager -  0.000 s
[2020.09.29-09.12.36:208][  0]LogInit: Initializing FReadOnlyCVARCache
[2020.09.29-09.12.36:217][  0]LogAIModule: Creating AISystem for world Untitled
[2020.09.29-09.12.36:298][  0]LogInit: XAudio2 using 'Speakers (Realtek High Definition Audio)' : 2 channels at 48 kHz using 32 bits per sample (channel mask 0x3)
[2020.09.29-09.12.36:365][  0]LogInit: FAudioDevice initialized.
[2020.09.29-09.12.36:366][  0]LogNetVersion: Set ProjectVersion to 1.0.0.0. Version Checksum will be recalculated on next use.
[2020.09.29-09.12.36:416][  0]LogDerivedDataCache: Saved boot cache 0.05s 71MB C:/Users/kenng/AppData/Local/UnrealEngine/4.22/DerivedDataCache/Boot.ddc.
[2020.09.29-09.12.36:422][  0]LogInit: Texture streaming: Enabled
[2020.09.29-09.12.36:435][  0]LogEngineSessionManager: EngineSessionManager initialized
[2020.09.29-09.12.36:454][  0]LogInit: Transaction tracking system initialized
[2020.09.29-09.12.36:470][  0]BlueprintLog: New page: Editor Load
[2020.09.29-09.12.36:530][  0]LocalizationService: Localization service is disabled
[2020.09.29-09.12.36:635][  0]LogLinker: Warning: Can't find file '/Game/FirstPersonBP/FirstPersonOverview'
[2020.09.29-09.12.36:635][  0]LogLinker: Warning: Can't find file '/Game/FirstPersonBP/FirstPersonOverview'
[2020.09.29-09.12.36:635][  0]LogUObjectGlobals: Warning: Failed to find object 'Class /Game/FirstPersonBP/FirstPersonOverview.FirstPersonOverview_C'
[2020.09.29-09.12.36:824][  0]LogFileCache: Scanning file cache for directory 'L:/New folder/Homework2-Group/Homework2 - Copy/Content/' took 0.01s
[2020.09.29-09.12.36:824][  0]LogCook: Display: Max memory allowance for cook 16384mb min free memory 0mb
[2020.09.29-09.12.36:824][  0]LogCook: Display: Mobile HDR setting 1
[2020.09.29-09.12.36:980][  0]SourceControl: Source control is disabled
[2020.09.29-09.12.36:981][  0]Cmd: MAP LOAD FILE="../../../Engine/Content/Maps/Templates/Template_Default.umap" TEMPLATE=1 SHOWPROGRESS=1 FEATURELEVEL=3
[2020.09.29-09.12.36:981][  0]LightingResults: New page: Lighting Build
[2020.09.29-09.12.36:983][  0]MapCheck: New page: Map Check
[2020.09.29-09.12.36:983][  0]LightingResults: New page: Lighting Build
[2020.09.29-09.12.37:010][  0]LogUObjectHash: Compacting FUObjectHashTables data took   1.59ms
[2020.09.29-09.12.37:086][  0]LogAIModule: Creating AISystem for world Untitled_1
[2020.09.29-09.12.37:092][  0]LogEditorServer: Finished looking for orphan Actors (0.000 secs)
[2020.09.29-09.12.37:117][  0]LogUObjectHash: Compacting FUObjectHashTables data took   1.87ms
[2020.09.29-09.12.37:117][  0]Cmd: MAP CHECKDEP NOCLEARLOG
[2020.09.29-09.12.37:117][  0]MapCheck: Map check complete: 0 Error(s), 0 Warning(s), took 0.108ms to complete.
[2020.09.29-09.12.37:117][  0]LogFileHelpers: Loading map 'Template_Default' took 0.136
[2020.09.29-09.12.37:245][  0]LogSlate: Updating window title bar state: overlay mode, drag disabled, window buttons hidden, title bar hidden
[2020.09.29-09.12.37:253][  0]LogSlate: Updating window title bar state: overlay mode, drag disabled, window buttons hidden, title bar hidden
[2020.09.29-09.12.37:261][  0]LogSlate: Updating window title bar state: overlay mode, drag disabled, window buttons hidden, title bar hidden
[2020.09.29-09.12.37:269][  0]LogSlate: Updating window title bar state: overlay mode, drag disabled, window buttons hidden, title bar hidden
[2020.09.29-09.12.37:275][  0]LogCollectionManager: Loaded 0 collections in 0.001554 seconds
[2020.09.29-09.12.37:292][  0]LogFileCache: Scanning file cache for directory 'L:/New folder/Homework2-Group/Homework2 - Copy/Saved/Collections/' took 0.01s
[2020.09.29-09.12.37:292][  0]LogFileCache: Scanning file cache for directory 'L:/New folder/Homework2-Group/Homework2 - Copy/Content/Developers/kenng/Collections/' took 0.00s
[2020.09.29-09.12.37:292][  0]LogFileCache: Scanning file cache for directory 'L:/New folder/Homework2-Group/Homework2 - Copy/Content/Collections/' took 0.00s
[2020.09.29-09.12.37:292][  0]LogCollectionManager: Rebuilt the GUID cache for 0 collections in 0.000000 seconds
[2020.09.29-09.12.37:302][  0]LogContentBrowser: Native class hierarchy populated in 0.0090 seconds. Added 2732 classes and 659 folders.
[2020.09.29-09.12.37:310][  0]LogContentBrowser: Native class hierarchy updated for 'WidgetCarousel' in 0.0002 seconds. Added 0 classes and 0 folders.
[2020.09.29-09.12.37:313][  0]LogPakFile: Registered encryption key '00000000000000000000000000000000': 0 pak files mounted, 0 remain pending
[2020.09.29-09.12.37:325][  0]LogPakFile: Registered encryption key '00000000000000000000000000000000': 0 pak files mounted, 0 remain pending
[2020.09.29-09.12.37:344][  0]LogPakFile: Registered encryption key '00000000000000000000000000000000': 0 pak files mounted, 0 remain pending
[2020.09.29-09.12.37:351][  0]LogPakFile: Registered encryption key '00000000000000000000000000000000': 0 pak files mounted, 0 remain pending
[2020.09.29-09.12.37:359][  0]LogPakFile: Registered encryption key '00000000000000000000000000000000': 0 pak files mounted, 0 remain pending
[2020.09.29-09.12.37:366][  0]LogPakFile: Registered encryption key '00000000000000000000000000000000': 0 pak files mounted, 0 remain pending
[2020.09.29-09.12.37:374][  0]LogPakFile: Registered encryption key '00000000000000000000000000000000': 0 pak files mounted, 0 remain pending
[2020.09.29-09.12.37:381][  0]LogPakFile: Registered encryption key '00000000000000000000000000000000': 0 pak files mounted, 0 remain pending
[2020.09.29-09.12.37:389][  0]LogPakFile: Registered encryption key '00000000000000000000000000000000': 0 pak files mounted, 0 remain pending
[2020.09.29-09.12.37:397][  0]LogPakFile: Registered encryption key '00000000000000000000000000000000': 0 pak files mounted, 0 remain pending
[2020.09.29-09.12.37:405][  0]LogPakFile: Registered encryption key '00000000000000000000000000000000': 0 pak files mounted, 0 remain pending
[2020.09.29-09.12.37:415][  0]LogPakFile: Registered encryption key '00000000000000000000000000000000': 0 pak files mounted, 0 remain pending
[2020.09.29-09.12.37:422][  0]LogPakFile: Registered encryption key '00000000000000000000000000000000': 0 pak files mounted, 0 remain pending
[2020.09.29-09.12.37:429][  0]LogPakFile: Registered encryption key '00000000000000000000000000000000': 0 pak files mounted, 0 remain pending
[2020.09.29-09.12.37:436][  0]LogPakFile: Registered encryption key '00000000000000000000000000000000': 0 pak files mounted, 0 remain pending
[2020.09.29-09.12.37:444][  0]LogPakFile: Registered encryption key '00000000000000000000000000000000': 0 pak files mounted, 0 remain pending
[2020.09.29-09.12.37:477][  0]LogPakFile: Registered encryption key '00000000000000000000000000000000': 0 pak files mounted, 0 remain pending
[2020.09.29-09.12.37:484][  0]LogPakFile: Registered encryption key '00000000000000000000000000000000': 0 pak files mounted, 0 remain pending
[2020.09.29-09.12.37:491][  0]LogPakFile: Registered encryption key '00000000000000000000000000000000': 0 pak files mounted, 0 remain pending
[2020.09.29-09.12.37:498][  0]LogPakFile: Registered encryption key '00000000000000000000000000000000': 0 pak files mounted, 0 remain pending
[2020.09.29-09.12.37:506][  0]LogPakFile: Registered encryption key '00000000000000000000000000000000': 0 pak files mounted, 0 remain pending
[2020.09.29-09.12.37:513][  0]LogPakFile: Registered encryption key '00000000000000000000000000000000': 0 pak files mounted, 0 remain pending
[2020.09.29-09.12.37:520][  0]LogPakFile: Registered encryption key '00000000000000000000000000000000': 0 pak files mounted, 0 remain pending
[2020.09.29-09.12.37:527][  0]LogPakFile: Registered encryption key '00000000000000000000000000000000': 0 pak files mounted, 0 remain pending
[2020.09.29-09.12.37:536][  0]LogPakFile: Registered encryption key '00000000000000000000000000000000': 0 pak files mounted, 0 remain pending
[2020.09.29-09.12.37:545][  0]LogPakFile: Registered encryption key '00000000000000000000000000000000': 0 pak files mounted, 0 remain pending
[2020.09.29-09.12.37:596][  0]LogContentBrowser: Native class hierarchy updated for 'AddContentDialog' in 0.0003 seconds. Added 0 classes and 0 folders.
[2020.09.29-09.12.37:649][  0]LogContentBrowser: Native class hierarchy updated for 'SceneOutliner' in 0.0003 seconds. Added 1 classes and 2 folders.
[2020.09.29-09.12.37:670][  0]LogSlate: Took 0.000155 seconds to synchronously load lazily loaded font '../../../Engine/Content/Slate/Fonts/Roboto-Regular.ttf' (155K)
[2020.09.29-09.12.37:673][  0]LogSlate: Took 0.000206 seconds to synchronously load lazily loaded font '../../../Engine/Content/Slate/Fonts/Roboto-Bold.ttf' (160K)
[2020.09.29-09.12.37:679][  0]LogSlate: Took 0.000552 seconds to synchronously load lazily loaded font '../../../Engine/Content/Editor/Slate/Fonts/FontAwesome.ttf' (139K)
[2020.09.29-09.12.37:749][  0]LogRenderer: Reallocating scene render targets to support 916x420 Format 10 NumSamples 1 (Frame:1).
[2020.09.29-09.12.37:956][  0]LogContentBrowser: Native class hierarchy updated for 'HierarchicalLODOutliner' in 0.0002 seconds. Added 0 classes and 0 folders.
[2020.09.29-09.12.37:956][  0]LogLoad: (Engine Initialization) Total time: 8.32 seconds
[2020.09.29-09.12.37:956][  0]LogLoad: (Engine Initialization) Total Blueprint compile time: 0.00 seconds
[2020.09.29-09.12.37:997][  0]LogAssetRegistry: Asset discovery search completed in 4.7556 seconds
[2020.09.29-09.12.37:999][  0]LogCollectionManager: Rebuilt the object cache for 0 collections in 0.000000 seconds (found 0 objects)
[2020.09.29-09.12.38:000][  0]LogCollectionManager: Fixed up redirectors for 0 collections in 0.000089 seconds (updated 0 objects)
[2020.09.29-09.12.38:001][  0]LogContentStreaming: Texture pool size now 1000 MB
[2020.09.29-09.12.38:029][  0]LogSlate: Took 0.000085 seconds to synchronously load lazily loaded font '../../../Engine/Content/Slate/Fonts/Roboto-Light.ttf' (167K)
[2020.09.29-09.12.39:158][126]LogSlate: FSceneViewport::OnFocusLost() reason 0
[2020.09.29-09.12.39:329][146]LogSlate: Took 0.000163 seconds to synchronously load lazily loaded font '../../../Engine/Content/Slate/Fonts/Roboto-Light.ttf' (167K)
[2020.09.29-09.12.39:722][146]LogAIModule: Creating AISystem for world ThirdPersonExampleMap
[2020.09.29-09.12.39:793][146]LogAssetEditorManager: Opening Asset editor for World /Game/ThirdPersonBP/Maps/ThirdPersonExampleMap.ThirdPersonExampleMap
[2020.09.29-09.12.39:821][146]LogUObjectHash: Compacting FUObjectHashTables data took   2.31ms
[2020.09.29-09.12.39:823][146]Cmd: MAP LOAD FILE="../../../../New folder/Homework2-Group/Homework2 - Copy/Content/ThirdPersonBP/Maps/ThirdPersonExampleMap.umap" TEMPLATE=0 SHOWPROGRESS=1 FEATURELEVEL=3
[2020.09.29-09.12.39:823][146]LightingResults: New page: Lighting Build
[2020.09.29-09.12.39:823][146]LoadErrors: New page: Loading map: ThirdPersonExampleMap.umap
[2020.09.29-09.12.39:825][146]MapCheck: New page: Map Check
[2020.09.29-09.12.39:825][146]LightingResults: New page: Lighting Build
[2020.09.29-09.12.39:847][146]LogUObjectHash: Compacting FUObjectHashTables data took   2.35ms
[2020.09.29-09.12.39:956][146]LogEditorServer: Finished looking for orphan Actors (0.000 secs)
[2020.09.29-09.12.39:986][146]LogUObjectHash: Compacting FUObjectHashTables data took   2.06ms
[2020.09.29-09.12.40:023][146]Cmd: MAP CHECKDEP NOCLEARLOG
[2020.09.29-09.12.40:024][146]MapCheck: Map check complete: 0 Error(s), 0 Warning(s), took 1.011ms to complete.
[2020.09.29-09.12.40:024][146]LogFileHelpers: Loading map 'ThirdPersonExampleMap' took 0.202
[2020.09.29-09.12.59:041][135]LogEditorViewport: Clicking on Actor (LMB): RoomIndicator_Blueprint1_C (RoomIndicator_Blueprint4)
[2020.09.29-09.13.04:446][760]LogSlate: FSceneViewport::OnFocusLost() reason 0
[2020.09.29-09.13.56:788][164]LogSlate: FSceneViewport::OnFocusLost() reason 0
[2020.09.29-09.14.00:627][431]LogAssetEditorManager: Opening Asset editor for Blueprint /Game/RoomIndicator_Blueprint.RoomIndicator_Blueprint
[2020.09.29-09.14.01:171][431]LogContentBrowser: Native class hierarchy updated for 'BlueprintGraph' in 0.0007 seconds. Added 121 classes and 0 folders.
[2020.09.29-09.14.02:367][431]LogSlate: Took 0.010423 seconds to synchronously load lazily loaded font '../../../Engine/Content/Slate/Fonts/Roboto-BoldCondensed.ttf' (158K)
[2020.09.29-09.14.04:173][551]LogRenderer: Reallocating scene render targets to support 992x536 Format 10 NumSamples 1 (Frame:1).
[2020.09.29-09.14.05:928][657]LogSlate: FSceneViewport::OnFocusLost() reason 0
[2020.09.29-09.14.06:024][665]LogSlate: Window 'RoomIndicator_Blueprint' being destroyed
[2020.09.29-09.14.06:034][665]LogSlate: Window 'RoomIndicator_Blueprint' being destroyed
[2020.09.29-09.14.15:661][446]LogEditorViewport: Clicking on Actor (LMB): RoomIndicator_Blueprint1_C (RoomIndicator_Blueprint2)
[2020.09.29-09.14.19:221][777]LogSlate: FSceneViewport::OnFocusLost() reason 0
[2020.09.29-09.14.19:353][791]LogAssetEditorManager: Opening Asset editor for Blueprint /Game/RoomIndicator_Blueprint1.RoomIndicator_Blueprint1
[2020.09.29-09.14.21:497][903]LogSlate: Window 'RoomIndicator_Blueprint1' being destroyed
[2020.09.29-09.14.21:507][903]LogSlate: Window 'RoomIndicator_Blueprint1' being destroyed
[2020.09.29-09.14.28:403][595]LogSlate: FSceneViewport::OnFocusLost() reason 0
[2020.09.29-09.15.11:049][559]LogSlate: Window 'Pick Parent Class' being destroyed
[2020.09.29-09.15.21:023][456]LogAssetEditorManager: Opening Asset editor for Blueprint /Game/TextRender.TextRender
[2020.09.29-09.15.25:453][779]LogAssetEditorManager: Opening Asset editor for Blueprint /Game/RoomIndicator_Blueprint.RoomIndicator_Blueprint
[2020.09.29-09.15.26:544][825]LogSlate: Took 0.000158 seconds to synchronously load lazily loaded font '../../../Engine/Content/Slate/Fonts/Roboto-Italic.ttf' (157K)
[2020.09.29-09.15.28:250][967]LogSlate: Window 'RoomIndicator_Blueprint' being destroyed
[2020.09.29-09.15.28:259][967]LogSlate: Window 'RoomIndicator_Blueprint' being destroyed
[2020.09.29-09.15.28:340][967]LogActorComponent: UnregisterComponent: (/Engine/Transient.EditorFloorComp) Not registered. Aborting.
[2020.09.29-09.15.30:032][114]LogSlate: FSceneViewport::OnFocusLost() reason 2
[2020.09.29-09.15.31:722][302]Cmd: DELETE
[2020.09.29-09.15.31:722][302]Cmd: ACTOR DELETE
[2020.09.29-09.15.31:728][302]LogEditorActor: Deleted Actor: RoomIndicator_Blueprint_C
[2020.09.29-09.15.31:763][302]LogUObjectHash: Compacting FUObjectHashTables data took   3.07ms
[2020.09.29-09.15.31:764][302]LogEditorActor: Deleted 1 Actors (0.041 secs)
[2020.09.29-09.15.34:165][574]LogEditorViewport: Clicking on Actor (LMB): RoomIndicator_Blueprint1_C (RoomIndicator_Blueprint5)
[2020.09.29-09.15.37:323][916]LogEditorViewport: Clicking on Actor (LMB): RoomIndicator_Blueprint1_C (RoomIndicator_Blueprint5)
[2020.09.29-09.15.42:170][440]LogSlate: FSceneViewport::OnFocusLost() reason 0
[2020.09.29-09.15.42:644][478]LogUObjectHash: Compacting FUObjectHashTables data took   2.56ms
[2020.09.29-09.15.43:950][478]LogSlate: Window 'Delete Assets' being destroyed
[2020.09.29-09.15.44:051][478]LogUObjectHash: Compacting FUObjectHashTables data took   2.20ms
[2020.09.29-09.16.24:607][706]LogSlate: FSceneViewport::OnFocusLost() reason 0
[2020.09.29-09.16.31:367][435]Cmd: DELETE
[2020.09.29-09.16.31:367][435]Cmd: ACTOR DELETE
[2020.09.29-09.16.31:372][435]LogEditorActor: Deleted Actor: TextRenderActor
[2020.09.29-09.16.31:404][435]LogUObjectHash: Compacting FUObjectHashTables data took   2.28ms
[2020.09.29-09.16.31:405][435]LogEditorActor: Deleted 1 Actors (0.038 secs)
[2020.09.29-09.16.31:959][495]LogSlate: FSceneViewport::OnFocusLost() reason 0
[2020.09.29-09.16.32:820][585]LogSlate: FSceneViewport::OnFocusLost() reason 2
[2020.09.29-09.16.34:218][727]LogEditorViewport: Clicking on Actor (LMB): RoomIndicator_Blueprint1_C (RoomIndicator_Blueprint4)
[2020.09.29-09.16.37:057][  4]LogEditorViewport: Clicking on Actor (LMB): RoomIndicator_Blueprint1_C (RoomIndicator_Blueprint4)
[2020.09.29-09.16.40:916][416]LogEditorViewport: Clicking on Actor (LMB): TextRenderActor (TextRenderActor2)
[2020.09.29-09.16.51:769][503]LogSlate: FSceneViewport::OnFocusLost() reason 0
[2020.09.29-09.17.09:318][301]LogSlate: Window 'Select Path' being destroyed
[2020.09.29-09.17.09:372][301]LogUObjectHash: Compacting FUObjectHashTables data took   3.02ms
[2020.09.29-09.17.09:396][301]LogSlate: FSceneViewport::OnFocusLost() reason 2
[2020.09.29-09.17.09:403][301]LogAssetEditorManager: Opening Asset editor for Blueprint /Game/TextRendererActor.TextRendererActor
[2020.09.29-09.17.13:568][581]LogSlate: FSceneViewport::OnFocusLost() reason 0
[2020.09.29-09.17.42:792][216]LogSlate: FSceneViewport::OnFocusLost() reason 0
[2020.09.29-09.17.50:804][810]LogSlate: FSceneViewport::OnFocusLost() reason 0
[2020.09.29-09.17.55:324][145]Cmd: OBJ SAVEPACKAGE PACKAGE="/Game/TextRendererActor" FILE="../../../../New folder/Homework2-Group/Homework2 - Copy/Content/TextRendererActor.uasset" SILENT=true
[2020.09.29-09.17.55:344][145]LogSavePackage: Moving '../../../../New folder/Homework2-Group/Homework2 - Copy/Saved/TextRendererActorE7D526A7472995ADB43B6D9147336094.tmp' to '../../../../New folder/Homework2-Group/Homework2 - Copy/Content/TextRendererActor.uasset'
[2020.09.29-09.17.56:150][204]LogSlate: FSceneViewport::OnFocusLost() reason 2
[2020.09.29-09.17.56:905][250]LogSlate: FSceneViewport::OnFocusLost() reason 0
[2020.09.29-09.18.01:924][604]BlueprintLog: New page: Compile TextRendererActor
[2020.09.29-09.18.02:148][604]LogUObjectHash: Compacting FUObjectHashTables data took   3.24ms
[2020.09.29-09.18.02:745][653]LogSlate: Window 'TextRendererActor' being destroyed
[2020.09.29-09.18.02:753][653]LogSlate: Window 'TextRendererActor' being destroyed
[2020.09.29-09.18.17:748][172]LogSlate: FSceneViewport::OnFocusLost() reason 0
[2020.09.29-09.18.30:583][375]Cmd: DUPLICATE
[2020.09.29-09.18.30:583][375]Cmd: ACTOR DUPLICATE
[2020.09.29-09.18.33:152][635]LogSlate: FSceneViewport::OnFocusLost() reason 0
[2020.09.29-09.18.45:755][835]LogEditorViewport: Clicking on Actor (LMB): RoomIndicator_Blueprint1_C (RoomIndicator_Blueprint4)
[2020.09.29-09.18.46:887][952]Cmd: DELETE
[2020.09.29-09.18.46:888][952]Cmd: ACTOR DELETE
[2020.09.29-09.18.46:895][952]LogEditorActor: Deleted Actor: RoomIndicator_Blueprint1_C
[2020.09.29-09.18.46:930][952]LogUObjectHash: Compacting FUObjectHashTables data took   2.51ms
[2020.09.29-09.18.46:931][952]LogEditorActor: Deleted 1 Actors (0.043 secs)
[2020.09.29-09.18.49:063][169]LogEditorViewport: Clicking on Actor (LMB): RoomIndicator_Blueprint1_C (RoomIndicator_Blueprint3)
[2020.09.29-09.18.49:602][221]Cmd: DELETE
[2020.09.29-09.18.49:602][221]Cmd: ACTOR DELETE
[2020.09.29-09.18.49:608][221]LogEditorActor: Deleted Actor: RoomIndicator_Blueprint1_C
[2020.09.29-09.18.49:644][221]LogUObjectHash: Compacting FUObjectHashTables data took   1.72ms
[2020.09.29-09.18.49:644][221]LogEditorActor: Deleted 1 Actors (0.042 secs)
[2020.09.29-09.18.51:288][389]LogSlate: FSceneViewport::OnFocusLost() reason 0
[2020.09.29-09.18.59:034][219]Cmd: DELETE
[2020.09.29-09.18.59:034][219]Cmd: ACTOR DELETE
[2020.09.29-09.18.59:039][219]LogEditorActor: Deleted Actor: RoomIndicator_Blueprint1_C
[2020.09.29-09.18.59:078][219]LogUObjectHash: Compacting FUObjectHashTables data took   1.62ms
[2020.09.29-09.18.59:078][219]LogEditorActor: Deleted 1 Actors (0.044 secs)
[2020.09.29-09.19.00:820][410]Cmd: DELETE
[2020.09.29-09.19.00:820][410]Cmd: ACTOR DELETE
[2020.09.29-09.19.00:825][410]LogEditorActor: Deleted Actor: RoomIndicator_Blueprint1_C
[2020.09.29-09.19.00:858][410]LogUObjectHash: Compacting FUObjectHashTables data took   1.61ms
[2020.09.29-09.19.00:859][410]LogEditorActor: Deleted 1 Actors (0.038 secs)
[2020.09.29-09.19.02:459][580]Cmd: DELETE
[2020.09.29-09.19.02:459][580]Cmd: ACTOR DELETE
[2020.09.29-09.19.02:468][580]LogEditorActor: Deleted Actor: RoomIndicator_Blueprint1_C
[2020.09.29-09.19.02:506][580]LogUObjectHash: Compacting FUObjectHashTables data took   1.79ms
[2020.09.29-09.19.02:506][580]LogEditorActor: Deleted 1 Actors (0.047 secs)
[2020.09.29-09.19.03:303][661]Cmd: DELETE
[2020.09.29-09.19.03:303][661]Cmd: ACTOR DELETE
[2020.09.29-09.19.03:310][661]LogEditorActor: Deleted Actor: RoomIndicator_Blueprint1_C
[2020.09.29-09.19.03:346][661]LogUObjectHash: Compacting FUObjectHashTables data took   1.90ms
[2020.09.29-09.19.03:347][661]LogEditorActor: Deleted 1 Actors (0.043 secs)
[2020.09.29-09.19.04:935][821]Cmd: DELETE
[2020.09.29-09.19.04:935][821]Cmd: ACTOR DELETE
[2020.09.29-09.19.04:942][821]LogEditorActor: Deleted Actor: RoomIndicator_Blueprint1_C
[2020.09.29-09.19.04:974][821]LogUObjectHash: Compacting FUObjectHashTables data took   1.62ms
[2020.09.29-09.19.04:975][821]LogEditorActor: Deleted 1 Actors (0.039 secs)
[2020.09.29-09.21.26:812][ 99]LogSlate: FSceneViewport::OnFocusLost() reason 0
[2020.09.29-09.21.31:300][546]LogAssetEditorManager: Opening Asset editor for Blueprint /Game/DoorA_Blueprint_Original.DoorA_Blueprint_Original
[2020.09.29-09.22.01:249][814]LogTemp: Repeating last play command: New Editor Window (PIE)
[2020.09.29-09.22.01:284][814]LogBlueprintUserMessages: Early PlayInEditor Detection: Level '/Game/ThirdPersonBP/Maps/ThirdPersonExampleMap.ThirdPersonExampleMap:PersistentLevel' has LevelScriptBlueprint '/Game/ThirdPersonBP/Maps/ThirdPersonExampleMap.ThirdPersonExampleMap:PersistentLevel.ThirdPersonExampleMap' with GeneratedClass '/Game/ThirdPersonBP/Maps/ThirdPersonExampleMap.ThirdPersonExampleMap_C' with ClassGeneratedBy '/Game/ThirdPersonBP/Maps/ThirdPersonExampleMap.ThirdPersonExampleMap:PersistentLevel.ThirdPersonExampleMap'
[2020.09.29-09.22.01:284][814]LogPlayLevel: PlayLevel: No blueprints needed recompiling
[2020.09.29-09.22.01:284][814]PIE: New page: PIE session: ThirdPersonExampleMap (Sep 29, 2020, 1:22:01 AM)
[2020.09.29-09.22.01:296][814]LogPlayLevel: Creating play world package: /Game/ThirdPersonBP/Maps/UEDPIE_0_ThirdPersonExampleMap
[2020.09.29-09.22.01:323][814]LogPlayLevel: PIE: StaticDuplicateObject took: (0.026190s)
[2020.09.29-09.22.01:323][814]LogAIModule: Creating AISystem for world ThirdPersonExampleMap
[2020.09.29-09.22.01:324][814]LogPlayLevel: PIE: World Init took: (0.000833s)
[2020.09.29-09.22.01:324][814]LogPlayLevel: PIE: Created PIE world by copying editor world from /Game/ThirdPersonBP/Maps/ThirdPersonExampleMap.ThirdPersonExampleMap to /Game/ThirdPersonBP/Maps/UEDPIE_0_ThirdPersonExampleMap.ThirdPersonExampleMap (0.027369s)
[2020.09.29-09.22.01:353][814]LogUObjectHash: Compacting FUObjectHashTables data took   2.98ms
[2020.09.29-09.22.01:365][814]LogInit: XAudio2 using 'Speakers (Realtek High Definition Audio)' : 2 channels at 48 kHz using 32 bits per sample (channel mask 0x3)
[2020.09.29-09.22.01:387][814]LogInit: FAudioDevice initialized.
[2020.09.29-09.22.01:396][814]LogSlate: Updating window title bar state: overlay mode, drag disabled, window buttons hidden, title bar hidden
[2020.09.29-09.22.01:438][814]LogLoad: Game class is 'GameModeBase'
[2020.09.29-09.22.01:445][814]LogWorld: Bringing World /Game/ThirdPersonBP/Maps/UEDPIE_0_ThirdPersonExampleMap.ThirdPersonExampleMap up for play (max tick rate 0) at 2020.09.29-05.22.01
[2020.09.29-09.22.01:446][814]LogWorld: Bringing up level for play took: 0.005777
[2020.09.29-09.22.01:460][814]LogBlueprintActionDatabase: Requesting refresh due to module change: Voice (loaded)
[2020.09.29-09.22.01:462][814]LogBlueprintActionDatabase: Requesting refresh due to module change: MovieSceneCapture (loaded)
[2020.09.29-09.22.01:462][814]LogContentBrowser: Native class hierarchy updated for 'MovieSceneCapture' in 0.0004 seconds. Added 20 classes and 0 folders.
[2020.09.29-09.22.01:467][814]PIE: Play in editor start time for /Game/ThirdPersonBP/Maps/UEDPIE_0_ThirdPersonExampleMap -0.518
[2020.09.29-09.22.01:468][814]LogBlueprintUserMessages: Late PlayInEditor Detection: Level '/Game/ThirdPersonBP/Maps/ThirdPersonExampleMap.ThirdPersonExampleMap:PersistentLevel' has LevelScriptBlueprint '/Game/ThirdPersonBP/Maps/ThirdPersonExampleMap.ThirdPersonExampleMap:PersistentLevel.ThirdPersonExampleMap' with GeneratedClass '/Game/ThirdPersonBP/Maps/ThirdPersonExampleMap.ThirdPersonExampleMap_C' with ClassGeneratedBy '/Game/ThirdPersonBP/Maps/ThirdPersonExampleMap.ThirdPersonExampleMap:PersistentLevel.ThirdPersonExampleMap'
[2020.09.29-09.22.01:578][815]LogRenderer: Reallocating scene render targets to support 1016x544 Format 10 NumSamples 1 (Frame:1).
[2020.09.29-09.22.26:805][311]LogBlueprintUserMessages: [DoorA_Blueprint_Original] Door locked!
[2020.09.29-09.22.27:302][340]LogBlueprintUserMessages: [DoorA_Blueprint_Original] Door locked!
[2020.09.29-09.22.27:516][353]LogBlueprintUserMessages: [DoorA_Blueprint_Original] Door locked!
[2020.09.29-09.22.27:711][365]LogBlueprintUserMessages: [DoorA_Blueprint_Original] Door locked!
[2020.09.29-09.22.28:095][388]LogBlueprintUserMessages: Early EndPlayMap Detection: Level '/Game/ThirdPersonBP/Maps/ThirdPersonExampleMap.ThirdPersonExampleMap:PersistentLevel' has LevelScriptBlueprint '/Game/ThirdPersonBP/Maps/ThirdPersonExampleMap.ThirdPersonExampleMap:PersistentLevel.ThirdPersonExampleMap' with GeneratedClass '/Game/ThirdPersonBP/Maps/ThirdPersonExampleMap.ThirdPersonExampleMap_C' with ClassGeneratedBy '/Game/ThirdPersonBP/Maps/ThirdPersonExampleMap.ThirdPersonExampleMap:PersistentLevel.ThirdPersonExampleMap'
[2020.09.29-09.22.28:096][388]LogSlate: Updating window title bar state: overlay mode, drag disabled, window buttons hidden, title bar hidden
[2020.09.29-09.22.28:119][388]LogSlate: Window 'Homework2 Game Preview Standalone (64-bit/PCD3D_SM5)' being destroyed
[2020.09.29-09.22.28:167][388]LogPlayLevel: Display: Shutting down PIE online subsystems
[2020.09.29-09.22.28:167][388]LogBlueprintUserMessages: Late EndPlayMap Detection: Level '/Game/ThirdPersonBP/Maps/ThirdPersonExampleMap.ThirdPersonExampleMap:PersistentLevel' has LevelScriptBlueprint '/Game/ThirdPersonBP/Maps/ThirdPersonExampleMap.ThirdPersonExampleMap:PersistentLevel.ThirdPersonExampleMap' with GeneratedClass '/Game/ThirdPersonBP/Maps/ThirdPersonExampleMap.ThirdPersonExampleMap_C' with ClassGeneratedBy '/Game/ThirdPersonBP/Maps/ThirdPersonExampleMap.ThirdPersonExampleMap:PersistentLevel.ThirdPersonExampleMap'
[2020.09.29-09.22.28:237][388]LogUObjectHash: Compacting FUObjectHashTables data took   6.28ms
[2020.09.29-09.22.28:357][389]LogPlayLevel: Display: Destroying online subsystem :Context_18
[2020.09.29-09.23.03:872][119]LogTemp: Repeating last play command: New Editor Window (PIE)
[2020.09.29-09.23.03:890][119]LogBlueprintUserMessages: Early PlayInEditor Detection: Level '/Game/ThirdPersonBP/Maps/ThirdPersonExampleMap.ThirdPersonExampleMap:PersistentLevel' has LevelScriptBlueprint '/Game/ThirdPersonBP/Maps/ThirdPersonExampleMap.ThirdPersonExampleMap:PersistentLevel.ThirdPersonExampleMap' with GeneratedClass '/Game/ThirdPersonBP/Maps/ThirdPersonExampleMap.ThirdPersonExampleMap_C' with ClassGeneratedBy '/Game/ThirdPersonBP/Maps/ThirdPersonExampleMap.ThirdPersonExampleMap:PersistentLevel.ThirdPersonExampleMap'
[2020.09.29-09.23.03:891][119]BlueprintLog: New page: Pre-Play auto-recompile
[2020.09.29-09.23.03:894][119]LogPlayLevel: [PlayLevel] Compiling DoorA_Blueprint_Original before play...
[2020.09.29-09.23.04:143][119]LogUObjectHash: Compacting FUObjectHashTables data took   5.09ms
[2020.09.29-09.23.04:143][119]LogPlayLevel: PlayLevel: Blueprint regeneration took 252 ms (1 blueprints)
[2020.09.29-09.23.04:143][119]PIE: New page: PIE session: ThirdPersonExampleMap (Sep 29, 2020, 1:23:04 AM)
[2020.09.29-09.23.04:143][119]LogPlayLevel: Creating play world package: /Game/ThirdPersonBP/Maps/UEDPIE_0_ThirdPersonExampleMap
[2020.09.29-09.23.04:169][119]LogPlayLevel: PIE: StaticDuplicateObject took: (0.025216s)
[2020.09.29-09.23.04:170][119]LogAIModule: Creating AISystem for world ThirdPersonExampleMap
[2020.09.29-09.23.04:170][119]LogPlayLevel: PIE: World Init took: (0.001075s)
[2020.09.29-09.23.04:170][119]LogPlayLevel: PIE: Created PIE world by copying editor world from /Game/ThirdPersonBP/Maps/ThirdPersonExampleMap.ThirdPersonExampleMap to /Game/ThirdPersonBP/Maps/UEDPIE_0_ThirdPersonExampleMap.ThirdPersonExampleMap (0.026480s)
[2020.09.29-09.23.04:211][119]LogUObjectHash: Compacting FUObjectHashTables data took   2.52ms
[2020.09.29-09.23.04:226][119]LogInit: XAudio2 using 'Speakers (Realtek High Definition Audio)' : 2 channels at 48 kHz using 32 bits per sample (channel mask 0x3)
[2020.09.29-09.23.04:249][119]LogInit: FAudioDevice initialized.
[2020.09.29-09.23.04:257][119]LogSlate: Updating window title bar state: overlay mode, drag disabled, window buttons hidden, title bar hidden
[2020.09.29-09.23.04:288][119]LogLoad: Game class is 'GameModeBase'
[2020.09.29-09.23.04:293][119]LogWorld: Bringing World /Game/ThirdPersonBP/Maps/UEDPIE_0_ThirdPersonExampleMap.ThirdPersonExampleMap up for play (max tick rate 0) at 2020.09.29-05.23.04
[2020.09.29-09.23.04:294][119]LogWorld: Bringing up level for play took: 0.005175
[2020.09.29-09.23.04:310][119]PIE: Play in editor start time for /Game/ThirdPersonBP/Maps/UEDPIE_0_ThirdPersonExampleMap 0.325
[2020.09.29-09.23.04:310][119]LogBlueprintUserMessages: Late PlayInEditor Detection: Level '/Game/ThirdPersonBP/Maps/ThirdPersonExampleMap.ThirdPersonExampleMap:PersistentLevel' has LevelScriptBlueprint '/Game/ThirdPersonBP/Maps/ThirdPersonExampleMap.ThirdPersonExampleMap:PersistentLevel.ThirdPersonExampleMap' with GeneratedClass '/Game/ThirdPersonBP/Maps/ThirdPersonExampleMap.ThirdPersonExampleMap_C' with ClassGeneratedBy '/Game/ThirdPersonBP/Maps/ThirdPersonExampleMap.ThirdPersonExampleMap:PersistentLevel.ThirdPersonExampleMap'
[2020.09.29-09.23.26:947][707]LogBlueprintUserMessages: Early EndPlayMap Detection: Level '/Game/ThirdPersonBP/Maps/ThirdPersonExampleMap.ThirdPersonExampleMap:PersistentLevel' has LevelScriptBlueprint '/Game/ThirdPersonBP/Maps/ThirdPersonExampleMap.ThirdPersonExampleMap:PersistentLevel.ThirdPersonExampleMap' with GeneratedClass '/Game/ThirdPersonBP/Maps/ThirdPersonExampleMap.ThirdPersonExampleMap_C' with ClassGeneratedBy '/Game/ThirdPersonBP/Maps/ThirdPersonExampleMap.ThirdPersonExampleMap:PersistentLevel.ThirdPersonExampleMap'
[2020.09.29-09.23.26:948][707]LogSlate: Updating window title bar state: overlay mode, drag disabled, window buttons hidden, title bar hidden
[2020.09.29-09.23.26:968][707]LogSlate: Window 'Homework2 Game Preview Standalone (64-bit/PCD3D_SM5)' being destroyed
[2020.09.29-09.23.27:010][707]LogPlayLevel: Display: Shutting down PIE online subsystems
[2020.09.29-09.23.27:010][707]LogBlueprintUserMessages: Late EndPlayMap Detection: Level '/Game/ThirdPersonBP/Maps/ThirdPersonExampleMap.ThirdPersonExampleMap:PersistentLevel' has LevelScriptBlueprint '/Game/ThirdPersonBP/Maps/ThirdPersonExampleMap.ThirdPersonExampleMap:PersistentLevel.ThirdPersonExampleMap' with GeneratedClass '/Game/ThirdPersonBP/Maps/ThirdPersonExampleMap.ThirdPersonExampleMap_C' with ClassGeneratedBy '/Game/ThirdPersonBP/Maps/ThirdPersonExampleMap.ThirdPersonExampleMap:PersistentLevel.ThirdPersonExampleMap'
[2020.09.29-09.23.27:063][707]LogUObjectHash: Compacting FUObjectHashTables data took   2.82ms
[2020.09.29-09.23.27:087][708]LogPlayLevel: Display: Destroying online subsystem :Context_19
[2020.09.29-09.23.27:729][755]LogTemp: Repeating last play command: New Editor Window (PIE)
[2020.09.29-09.23.27:759][755]LogBlueprintUserMessages: Early PlayInEditor Detection: Level '/Game/ThirdPersonBP/Maps/ThirdPersonExampleMap.ThirdPersonExampleMap:PersistentLevel' has LevelScriptBlueprint '/Game/ThirdPersonBP/Maps/ThirdPersonExampleMap.ThirdPersonExampleMap:PersistentLevel.ThirdPersonExampleMap' with GeneratedClass '/Game/ThirdPersonBP/Maps/ThirdPersonExampleMap.ThirdPersonExampleMap_C' with ClassGeneratedBy '/Game/ThirdPersonBP/Maps/ThirdPersonExampleMap.ThirdPersonExampleMap:PersistentLevel.ThirdPersonExampleMap'
[2020.09.29-09.23.27:759][755]LogPlayLevel: PlayLevel: No blueprints needed recompiling
[2020.09.29-09.23.27:759][755]PIE: New page: PIE session: ThirdPersonExampleMap (Sep 29, 2020, 1:23:27 AM)
[2020.09.29-09.23.27:759][755]LogPlayLevel: Creating play world package: /Game/ThirdPersonBP/Maps/UEDPIE_0_ThirdPersonExampleMap
[2020.09.29-09.23.27:784][755]LogPlayLevel: PIE: StaticDuplicateObject took: (0.024785s)
[2020.09.29-09.23.27:785][755]LogAIModule: Creating AISystem for world ThirdPersonExampleMap
[2020.09.29-09.23.27:785][755]LogPlayLevel: PIE: World Init took: (0.000703s)
[2020.09.29-09.23.27:785][755]LogPlayLevel: PIE: Created PIE world by copying editor world from /Game/ThirdPersonBP/Maps/ThirdPersonExampleMap.ThirdPersonExampleMap to /Game/ThirdPersonBP/Maps/UEDPIE_0_ThirdPersonExampleMap.ThirdPersonExampleMap (0.025677s)
[2020.09.29-09.23.27:825][755]LogUObjectHash: Compacting FUObjectHashTables data took   2.27ms
[2020.09.29-09.23.27:839][755]LogInit: XAudio2 using 'Speakers (Realtek High Definition Audio)' : 2 channels at 48 kHz using 32 bits per sample (channel mask 0x3)
[2020.09.29-09.23.27:863][755]LogInit: FAudioDevice initialized.
[2020.09.29-09.23.27:873][755]LogSlate: Updating window title bar state: overlay mode, drag disabled, window buttons hidden, title bar hidden
[2020.09.29-09.23.27:906][755]LogLoad: Game class is 'GameModeBase'
[2020.09.29-09.23.27:911][755]LogWorld: Bringing World /Game/ThirdPersonBP/Maps/UEDPIE_0_ThirdPersonExampleMap.ThirdPersonExampleMap up for play (max tick rate 0) at 2020.09.29-05.23.27
[2020.09.29-09.23.27:912][755]LogWorld: Bringing up level for play took: 0.004399
[2020.09.29-09.23.27:928][755]PIE: Play in editor start time for /Game/ThirdPersonBP/Maps/UEDPIE_0_ThirdPersonExampleMap -0.057
[2020.09.29-09.23.27:928][755]LogBlueprintUserMessages: Late PlayInEditor Detection: Level '/Game/ThirdPersonBP/Maps/ThirdPersonExampleMap.ThirdPersonExampleMap:PersistentLevel' has LevelScriptBlueprint '/Game/ThirdPersonBP/Maps/ThirdPersonExampleMap.ThirdPersonExampleMap:PersistentLevel.ThirdPersonExampleMap' with GeneratedClass '/Game/ThirdPersonBP/Maps/ThirdPersonExampleMap.ThirdPersonExampleMap_C' with ClassGeneratedBy '/Game/ThirdPersonBP/Maps/ThirdPersonExampleMap.ThirdPersonExampleMap:PersistentLevel.ThirdPersonExampleMap'
[2020.09.29-09.23.44:657][880]LogBlueprintUserMessages: [DoorA_Blueprint_Original] The door is out of order. 
[2020.09.29-09.23.45:178][913]LogBlueprintUserMessages: [DoorA_Blueprint_Original] The door is out of order. 
[2020.09.29-09.23.45:429][929]LogBlueprintUserMessages: [DoorA_Blueprint_Original] The door is out of order. 
[2020.09.29-09.23.46:063][971]LogBlueprintUserMessages: Early EndPlayMap Detection: Level '/Game/ThirdPersonBP/Maps/ThirdPersonExampleMap.ThirdPersonExampleMap:PersistentLevel' has LevelScriptBlueprint '/Game/ThirdPersonBP/Maps/ThirdPersonExampleMap.ThirdPersonExampleMap:PersistentLevel.ThirdPersonExampleMap' with GeneratedClass '/Game/ThirdPersonBP/Maps/ThirdPersonExampleMap.ThirdPersonExampleMap_C' with ClassGeneratedBy '/Game/ThirdPersonBP/Maps/ThirdPersonExampleMap.ThirdPersonExampleMap:PersistentLevel.ThirdPersonExampleMap'
[2020.09.29-09.23.46:063][971]LogSlate: Updating window title bar state: overlay mode, drag disabled, window buttons hidden, title bar hidden
[2020.09.29-09.23.46:086][971]LogSlate: Window 'Homework2 Game Preview Standalone (64-bit/PCD3D_SM5)' being destroyed
[2020.09.29-09.23.46:140][971]LogPlayLevel: Display: Shutting down PIE online subsystems
[2020.09.29-09.23.46:140][971]LogBlueprintUserMessages: Late EndPlayMap Detection: Level '/Game/ThirdPersonBP/Maps/ThirdPersonExampleMap.ThirdPersonExampleMap:PersistentLevel' has LevelScriptBlueprint '/Game/ThirdPersonBP/Maps/ThirdPersonExampleMap.ThirdPersonExampleMap:PersistentLevel.ThirdPersonExampleMap' with GeneratedClass '/Game/ThirdPersonBP/Maps/ThirdPersonExampleMap.ThirdPersonExampleMap_C' with ClassGeneratedBy '/Game/ThirdPersonBP/Maps/ThirdPersonExampleMap.ThirdPersonExampleMap:PersistentLevel.ThirdPersonExampleMap'
[2020.09.29-09.23.46:192][971]LogUObjectHash: Compacting FUObjectHashTables data took   2.38ms
[2020.09.29-09.23.46:312][972]LogPlayLevel: Display: Destroying online subsystem :Context_20
[2020.09.29-09.23.56:662][862]LogEditorViewport: Clicking on Actor (LMB): DoorA_Blueprint_Original_C (DoorA_Blueprint_Original)
[2020.09.29-09.24.00:984][204]LogSlate: FSceneViewport::OnFocusLost() reason 0
[2020.09.29-09.24.13:229][381]LogSlate: FSceneViewport::OnFocusLost() reason 0
[2020.09.29-09.24.13:327][392]LogTemp: Repeating last play command: New Editor Window (PIE)
[2020.09.29-09.24.13:353][392]LogBlueprintUserMessages: Early PlayInEditor Detection: Level '/Game/ThirdPersonBP/Maps/ThirdPersonExampleMap.ThirdPersonExampleMap:PersistentLevel' has LevelScriptBlueprint '/Game/ThirdPersonBP/Maps/ThirdPersonExampleMap.ThirdPersonExampleMap:PersistentLevel.ThirdPersonExampleMap' with GeneratedClass '/Game/ThirdPersonBP/Maps/ThirdPersonExampleMap.ThirdPersonExampleMap_C' with ClassGeneratedBy '/Game/ThirdPersonBP/Maps/ThirdPersonExampleMap.ThirdPersonExampleMap:PersistentLevel.ThirdPersonExampleMap'
[2020.09.29-09.24.13:353][392]LogPlayLevel: PlayLevel: No blueprints needed recompiling
[2020.09.29-09.24.13:353][392]PIE: New page: PIE session: ThirdPersonExampleMap (Sep 29, 2020, 1:24:13 AM)
[2020.09.29-09.24.13:353][392]LogPlayLevel: Creating play world package: /Game/ThirdPersonBP/Maps/UEDPIE_0_ThirdPersonExampleMap
[2020.09.29-09.24.13:384][392]LogPlayLevel: PIE: StaticDuplicateObject took: (0.030822s)
[2020.09.29-09.24.13:385][392]LogAIModule: Creating AISystem for world ThirdPersonExampleMap
[2020.09.29-09.24.13:385][392]LogPlayLevel: PIE: World Init took: (0.000665s)
[2020.09.29-09.24.13:385][392]LogPlayLevel: PIE: Created PIE world by copying editor world from /Game/ThirdPersonBP/Maps/ThirdPersonExampleMap.ThirdPersonExampleMap to /Game/ThirdPersonBP/Maps/UEDPIE_0_ThirdPersonExampleMap.ThirdPersonExampleMap (0.031689s)
[2020.09.29-09.24.13:428][392]LogUObjectHash: Compacting FUObjectHashTables data took   2.54ms
[2020.09.29-09.24.13:440][392]LogInit: XAudio2 using 'Speakers (Realtek High Definition Audio)' : 2 channels at 48 kHz using 32 bits per sample (channel mask 0x3)
[2020.09.29-09.24.13:465][392]LogInit: FAudioDevice initialized.
[2020.09.29-09.24.13:476][392]LogSlate: Updating window title bar state: overlay mode, drag disabled, window buttons hidden, title bar hidden
[2020.09.29-09.24.13:516][392]LogLoad: Game class is 'GameModeBase'
[2020.09.29-09.24.13:522][392]LogWorld: Bringing World /Game/ThirdPersonBP/Maps/UEDPIE_0_ThirdPersonExampleMap.ThirdPersonExampleMap up for play (max tick rate 0) at 2020.09.29-05.24.13
[2020.09.29-09.24.13:523][392]LogWorld: Bringing up level for play took: 0.005750
[2020.09.29-09.24.13:540][392]PIE: Play in editor start time for /Game/ThirdPersonBP/Maps/UEDPIE_0_ThirdPersonExampleMap -0.445
[2020.09.29-09.24.13:540][392]LogBlueprintUserMessages: Late PlayInEditor Detection: Level '/Game/ThirdPersonBP/Maps/ThirdPersonExampleMap.ThirdPersonExampleMap:PersistentLevel' has LevelScriptBlueprint '/Game/ThirdPersonBP/Maps/ThirdPersonExampleMap.ThirdPersonExampleMap:PersistentLevel.ThirdPersonExampleMap' with GeneratedClass '/Game/ThirdPersonBP/Maps/ThirdPersonExampleMap.ThirdPersonExampleMap_C' with ClassGeneratedBy '/Game/ThirdPersonBP/Maps/ThirdPersonExampleMap.ThirdPersonExampleMap:PersistentLevel.ThirdPersonExampleMap'
[2020.09.29-09.24.42:072][808]LogBlueprintUserMessages: [DoorA_Blueprint_Original] The door is out of order. 
[2020.09.29-09.24.42:454][841]LogBlueprintUserMessages: [DoorA_Blueprint_Original] The door is out of order. 
[2020.09.29-09.24.42:946][883]LogBlueprintUserMessages: Early EndPlayMap Detection: Level '/Game/ThirdPersonBP/Maps/ThirdPersonExampleMap.ThirdPersonExampleMap:PersistentLevel' has LevelScriptBlueprint '/Game/ThirdPersonBP/Maps/ThirdPersonExampleMap.ThirdPersonExampleMap:PersistentLevel.ThirdPersonExampleMap' with GeneratedClass '/Game/ThirdPersonBP/Maps/ThirdPersonExampleMap.ThirdPersonExampleMap_C' with ClassGeneratedBy '/Game/ThirdPersonBP/Maps/ThirdPersonExampleMap.ThirdPersonExampleMap:PersistentLevel.ThirdPersonExampleMap'
[2020.09.29-09.24.42:946][883]LogSlate: Updating window title bar state: overlay mode, drag disabled, window buttons hidden, title bar hidden
[2020.09.29-09.24.42:970][883]LogSlate: Window 'Homework2 Game Preview Standalone (64-bit/PCD3D_SM5)' being destroyed
[2020.09.29-09.24.43:018][883]LogPlayLevel: Display: Shutting down PIE online subsystems
[2020.09.29-09.24.43:019][883]LogBlueprintUserMessages: Late EndPlayMap Detection: Level '/Game/ThirdPersonBP/Maps/ThirdPersonExampleMap.ThirdPersonExampleMap:PersistentLevel' has LevelScriptBlueprint '/Game/ThirdPersonBP/Maps/ThirdPersonExampleMap.ThirdPersonExampleMap:PersistentLevel.ThirdPersonExampleMap' with GeneratedClass '/Game/ThirdPersonBP/Maps/ThirdPersonExampleMap.ThirdPersonExampleMap_C' with ClassGeneratedBy '/Game/ThirdPersonBP/Maps/ThirdPersonExampleMap.ThirdPersonExampleMap:PersistentLevel.ThirdPersonExampleMap'
[2020.09.29-09.24.43:079][883]LogUObjectHash: Compacting FUObjectHashTables data took   2.47ms
[2020.09.29-09.24.43:096][884]LogPlayLevel: Display: Destroying online subsystem :Context_21
[2020.09.29-09.24.43:662][934]LogSlate: FSceneViewport::OnFocusLost() reason 2
[2020.09.29-09.24.43:726][934]LogUObjectHash: Compacting FUObjectHashTables data took   0.87ms
[2020.09.29-09.24.44:125][934]LogSavePackage: Moving '../../../../New folder/Homework2-Group/Homework2 - Copy/Saved/ThirdPersonExampleMap63FE73E544C1AED1F7FF59BA72AB8393.tmp' to '../../../../New folder/Homework2-Group/Homework2 - Copy/Content/ThirdPersonBP/Maps/ThirdPersonExampleMap.umap'
[2020.09.29-09.24.44:364][934]LogSavePackage: Moving '../../../../New folder/Homework2-Group/Homework2 - Copy/Saved/ThirdPersonExampleMap_BuiltData336CA53643EDCFEFB79097B0260FE302.tmp' to '../../../../New folder/Homework2-Group/Homework2 - Copy/Content/ThirdPersonBP/Maps/ThirdPersonExampleMap_BuiltData.uasset'
