Log file open, 09/23/20 10:12:08
LogWindows: Failed to load 'aqProf.dll' (GetLastError=126)
LogWindows: File 'aqProf.dll' does not exist
LogWindows: Failed to load 'VtuneApi.dll' (GetLastError=126)
LogWindows: File 'VtuneApi.dll' does not exist
LogWindows: Failed to load 'VtuneApi32e.dll' (GetLastError=126)
LogWindows: File 'VtuneApi32e.dll' does not exist
LogConsoleResponse: Display: Failed to find resolution value strings in scalability ini. Falling back to default.
LogInit: Display: Running engine for game: Homework2
LogPakFile: Registered encryption key '00000000000000000000000000000000': 0 pak files mounted, 0 remain pending
LogPlatformFile: Not using cached read wrapper
LogTaskGraph: Started task graph with 5 named threads and 23 total threads with 3 sets of task threads.
LogStats: Stats thread started at 0.297899
LogD3D11RHI: Loaded GFSDK_Aftermath_Lib.x64.dll
LogICUInternationalization: ICU TimeZone Detection - Raw Offset: -5:00, Platform Override: ''
LogPluginManager: Mounting plugin Paper2D
LogPluginManager: Mounting plugin AISupport
LogPluginManager: Mounting plugin LightPropagationVolume
LogPluginManager: Mounting plugin ActorLayerUtilities
LogPluginManager: Mounting plugin AnimationSharing
LogPluginManager: Mounting plugin CLionSourceCodeAccess
LogPluginManager: Mounting plugin CodeLiteSourceCodeAccess
LogPluginManager: Mounting plugin GitSourceControl
LogPluginManager: Mounting plugin KDevelopSourceCodeAccess
LogPluginManager: Mounting plugin NullSourceCodeAccess
LogPluginManager: Mounting plugin PerforceSourceControl
LogPluginManager: Mounting plugin SubversionSourceControl
LogPluginManager: Mounting plugin UObjectPlugin
LogPluginManager: Mounting plugin VisualStudioCodeSourceCodeAccess
LogPluginManager: Mounting plugin VisualStudioSourceCodeAccess
LogPluginManager: Mounting plugin XCodeSourceCodeAccess
LogPluginManager: Mounting plugin AssetManagerEditor
LogPluginManager: Mounting plugin CryptoKeys
LogPluginManager: Mounting plugin DataValidation
LogPluginManager: Mounting plugin FacialAnimation
LogPluginManager: Mounting plugin GameplayTagsEditor
LogPluginManager: Mounting plugin MacGraphicsSwitching
LogPluginManager: Mounting plugin MaterialAnalyzer
LogPluginManager: Mounting plugin MobileLauncherProfileWizard
LogPluginManager: Mounting plugin PluginBrowser
LogPluginManager: Mounting plugin SpeedTreeImporter
LogPluginManager: Mounting plugin DatasmithContent
LogPluginManager: Mounting plugin VariantManagerContent
LogPluginManager: Mounting plugin AlembicImporter
LogPluginManager: Mounting plugin AppleImageUtils
LogPluginManager: Mounting plugin AppleVision
LogPluginManager: Mounting plugin BackChannel
LogPluginManager: Mounting plugin CharacterAI
LogPluginManager: Mounting plugin GeometryCache
LogPluginManager: Mounting plugin HTML5Networking
LogPluginManager: Mounting plugin ProxyLODPlugin
LogPluginManager: Mounting plugin SkeletalReduction
LogPluginManager: Mounting plugin MagicLeap
LogPluginManager: Mounting plugin MagicLeapMedia
LogPluginManager: Mounting plugin AndroidMedia
LogPluginManager: Mounting plugin AvfMedia
LogPluginManager: Mounting plugin ImgMedia
LogPluginManager: Mounting plugin LinearTimecode
LogPluginManager: Mounting plugin MediaCompositing
LogPluginManager: Mounting plugin MediaPlayerEditor
LogPluginManager: Mounting plugin WebMMedia
LogPluginManager: Mounting plugin WmfMedia
LogPluginManager: Mounting plugin TcpMessaging
LogPluginManager: Mounting plugin UdpMessaging
LogPluginManager: Mounting plugin ActorSequence
LogPluginManager: Mounting plugin LevelSequenceEditor
LogPluginManager: Mounting plugin MatineeToLevelSequence
LogPluginManager: Mounting plugin NetcodeUnitTest
LogPluginManager: Mounting plugin NUTUnrealEngine4
LogPluginManager: Mounting plugin OnlineSubsystemGooglePlay
LogPluginManager: Mounting plugin OnlineSubsystemIOS
LogPluginManager: Mounting plugin OnlineSubsystem
LogPluginManager: Mounting plugin OnlineSubsystemNull
LogPluginManager: Mounting plugin OnlineSubsystemUtils
LogPluginManager: Mounting plugin LauncherChunkInstaller
LogPluginManager: Mounting plugin AndroidDeviceProfileSelector
LogPluginManager: Mounting plugin AndroidMoviePlayer
LogPluginManager: Mounting plugin AndroidPermission
LogPluginManager: Mounting plugin AppleMoviePlayer
LogPluginManager: Mounting plugin ArchVisCharacter
LogPluginManager: Mounting plugin AudioCapture
LogPluginManager: Mounting plugin CableComponent
LogPluginManager: Mounting plugin CustomMeshComponent
LogPluginManager: Mounting plugin EditableMesh
LogPluginManager: Mounting plugin ExampleDeviceProfileSelector
LogPluginManager: Mounting plugin Firebase
LogPluginManager: Mounting plugin GoogleCloudMessaging
LogPluginManager: Mounting plugin IOSDeviceProfileSelector
LogPluginManager: Mounting plugin LinuxDeviceProfileSelector
LogPluginManager: Mounting plugin LocationServicesBPLibrary
LogPluginManager: Mounting plugin MobilePatchingUtils
LogPluginManager: Mounting plugin OculusVR
LogPluginManager: Mounting plugin PhysXVehicles
LogPluginManager: Mounting plugin ProceduralMeshComponent
LogPluginManager: Mounting plugin RuntimePhysXCooking
LogPluginManager: Mounting plugin SignificanceManager
LogPluginManager: Mounting plugin SteamVR
LogPluginManager: Mounting plugin WebMMoviePlayer
LogPluginManager: Mounting plugin WindowsMoviePlayer
LogInit: Using libcurl 7.55.1-DEV
LogInit:  - built for x86_64-pc-win32
LogInit:  - supports SSL with OpenSSL/1.1.1
LogInit:  - supports HTTP deflate (compression) using libz 1.2.8
LogInit:  - other features:
LogInit:      CURL_VERSION_SSL
LogInit:      CURL_VERSION_LIBZ
LogInit:      CURL_VERSION_IPV6
LogInit:      CURL_VERSION_ASYNCHDNS
LogInit:      CURL_VERSION_LARGEFILE
LogInit:      CURL_VERSION_IDN
LogInit:  CurlRequestOptions (configurable via config and command line):
LogInit:  - bVerifyPeer = true  - Libcurl will verify peer certificate
LogInit:  - bUseHttpProxy = false  - Libcurl will NOT use HTTP proxy
LogInit:  - bDontReuseConnections = false  - Libcurl will reuse connections
LogInit:  - MaxHostConnections = 16  - Libcurl will limit the number of connections to a host
LogInit:  - LocalHostAddr = Default
LogInit:  - BufferSize = 65536
LogInit: WinSock: version 1.1 (2.2), MaxSocks=32767, MaxUdp=65467
LogInit: Build: ++UE4+Release-4.22-CL-7053642
LogInit: Engine Version: 4.22.3-7053642+++UE4+Release-4.22
LogInit: Compatible Engine Version: 4.22.0-5660361+++UE4+Release-4.22
LogInit: Net CL: 5660361
LogInit: OS: Windows 10 (Release 1909) (), CPU: Intel(R) Core(TM) i7-7700HQ CPU @ 2.80GHz, GPU: Intel(R) HD Graphics 630
LogInit: Compiled (64-bit): Jun 18 2019 03:09:11
LogInit: Compiled with Visual C++: 19.16.27025.01
LogInit: Build Configuration: Development
LogInit: Branch Name: ++UE4+Release-4.22
LogInit: Command Line: 
LogInit: Base Directory: D:/UE_4.22/Engine/Binaries/Win64/
LogInit: Installed Engine Build: 1
LogDevObjectVersion: Number of dev versions registered: 23
LogDevObjectVersion:   Dev-Blueprints (B0D832E4-1F89-4F0D-ACCF-7EB736FD4AA2): 10
LogDevObjectVersion:   Dev-Build (E1C64328-A22C-4D53-A36C-8E866417BD8C): 0
LogDevObjectVersion:   Dev-Core (375EC13C-06E4-48FB-B500-84F0262A717E): 3
LogDevObjectVersion:   Dev-Editor (E4B068ED-F494-42E9-A231-DA0B2E46BB41): 30
LogDevObjectVersion:   Dev-Framework (CFFC743F-43B0-4480-9391-14DF171D2073): 35
LogDevObjectVersion:   Dev-Mobile (B02B49B5-BB20-44E9-A304-32B752E40360): 2
LogDevObjectVersion:   Dev-Networking (A4E4105C-59A1-49B5-A7C5-40C4547EDFEE): 0
LogDevObjectVersion:   Dev-Online (39C831C9-5AE6-47DC-9A44-9C173E1C8E7C): 0
LogDevObjectVersion:   Dev-Physics (78F01B33-EBEA-4F98-B9B4-84EACCB95AA2): 0
LogDevObjectVersion:   Dev-Platform (6631380F-2D4D-43E0-8009-CF276956A95A): 0
LogDevObjectVersion:   Dev-Rendering (12F88B9F-8875-4AFC-A67C-D90C383ABD29): 28
LogDevObjectVersion:   Dev-Sequencer (7B5AE74C-D270-4C10-A958-57980B212A5A): 11
LogDevObjectVersion:   Dev-VR (D7296918-1DD6-4BDD-9DE2-64A83CC13884): 2
LogDevObjectVersion:   Dev-LoadTimes (C2A15278-BFE7-4AFE-6C17-90FF531DF755): 1
LogDevObjectVersion:   Private-Geometry (6EACA3D4-40EC-4CC1-B786-8BED09428FC5): 3
LogDevObjectVersion:   Dev-AnimPhys (29E575DD-E0A3-4627-9D10-D276232CDCEA): 17
LogDevObjectVersion:   Dev-Anim (AF43A65D-7FD3-4947-9873-3E8ED9C1BB05): 2
LogDevObjectVersion:   Dev-ReflectionCapture (6B266CEC-1EC7-4B8F-A30B-E4D90942FC07): 1
LogDevObjectVersion:   Dev-Automation (0DF73D61-A23F-47EA-B727-89E90C41499A): 1
LogDevObjectVersion:   FortniteMain (601D1886-AC64-4F84-AA16-D3DE0DEAC7D6): 25
LogDevObjectVersion:   Dev-Enterprise (9DFFBCD6-494F-0158-E221-12823C92A888): 6
LogDevObjectVersion:   Dev-Niagara (F2AED0AC-9AFE-416F-8664-AA7FFA26D6FC): 1
LogDevObjectVersion:   Dev-Destruction (174F1F0B-B4C6-45A5-B13F-2EE8D0FB917D): 2
LogInit: Presizing for max 16777216 objects, including 0 objects not considered by GC, pre-allocating 0 bytes for permanent pool.
LogInit: Object subsystem initialized
LogConfig: Setting CVar [[con.DebugEarlyDefault:1]]
LogConfig: Setting CVar [[r.setres:1280x720]]
[2020.09.23-14.12.08:488][  0]LogConfig: Setting CVar [[r.VSync:0]]
[2020.09.23-14.12.08:488][  0]LogConfig: Setting CVar [[r.RHICmdBypass:0]]
[2020.09.23-14.12.08:488][  0]LogConfig: Applying CVar settings from Section [/Script/Engine.RendererSettings] File [E:/UnrealGit/Homework2-Group/Homework2 - Copy/Saved/Config/Windows/Engine.ini]
[2020.09.23-14.12.08:488][  0]LogConfig: Setting CVar [[r.GPUCrashDebugging:0]]
[2020.09.23-14.12.08:488][  0]LogConfig: Applying CVar settings from Section [/Script/Engine.RendererOverrideSettings] File [E:/UnrealGit/Homework2-Group/Homework2 - Copy/Saved/Config/Windows/Engine.ini]
[2020.09.23-14.12.08:488][  0]LogConfig: Applying CVar settings from Section [/Script/Engine.StreamingSettings] File [E:/UnrealGit/Homework2-Group/Homework2 - Copy/Saved/Config/Windows/Engine.ini]
[2020.09.23-14.12.08:488][  0]LogConfig: Setting CVar [[s.MinBulkDataSizeForAsyncLoading:131072]]
[2020.09.23-14.12.08:488][  0]LogConfig: Setting CVar [[s.AsyncLoadingThreadEnabled:0]]
[2020.09.23-14.12.08:488][  0]LogConfig: Setting CVar [[s.EventDrivenLoaderEnabled:1]]
[2020.09.23-14.12.08:488][  0]LogConfig: Setting CVar [[s.WarnIfTimeLimitExceeded:0]]
[2020.09.23-14.12.08:488][  0]LogConfig: Setting CVar [[s.TimeLimitExceededMultiplier:1.5]]
[2020.09.23-14.12.08:488][  0]LogConfig: Setting CVar [[s.TimeLimitExceededMinTime:0.005]]
[2020.09.23-14.12.08:488][  0]LogConfig: Setting CVar [[s.UseBackgroundLevelStreaming:1]]
[2020.09.23-14.12.08:488][  0]LogConfig: Setting CVar [[s.PriorityAsyncLoadingExtraTime:15.0]]
[2020.09.23-14.12.08:488][  0]LogConfig: Setting CVar [[s.LevelStreamingActorsUpdateTimeLimit:5.0]]
[2020.09.23-14.12.08:488][  0]LogConfig: Setting CVar [[s.PriorityLevelStreamingActorsUpdateExtraTime:5.0]]
[2020.09.23-14.12.08:488][  0]LogConfig: Setting CVar [[s.LevelStreamingComponentsRegistrationGranularity:10]]
[2020.09.23-14.12.08:488][  0]LogConfig: Setting CVar [[s.UnregisterComponentsTimeLimit:1.0]]
[2020.09.23-14.12.08:488][  0]LogConfig: Setting CVar [[s.LevelStreamingComponentsUnregistrationGranularity:5]]
[2020.09.23-14.12.08:488][  0]LogConfig: Applying CVar settings from Section [/Script/Engine.GarbageCollectionSettings] File [E:/UnrealGit/Homework2-Group/Homework2 - Copy/Saved/Config/Windows/Engine.ini]
[2020.09.23-14.12.08:488][  0]LogConfig: Setting CVar [[gc.MaxObjectsNotConsideredByGC:1]]
[2020.09.23-14.12.08:488][  0]LogConfig: Setting CVar [[gc.SizeOfPermanentObjectPool:0]]
[2020.09.23-14.12.08:488][  0]LogConfig: Setting CVar [[gc.FlushStreamingOnGC:0]]
[2020.09.23-14.12.08:488][  0]LogConfig: Setting CVar [[gc.NumRetriesBeforeForcingGC:10]]
[2020.09.23-14.12.08:488][  0]LogConfig: Setting CVar [[gc.AllowParallelGC:1]]
[2020.09.23-14.12.08:488][  0]LogConfig: Setting CVar [[gc.TimeBetweenPurgingPendingKillObjects:61.1]]
[2020.09.23-14.12.08:488][  0]LogConfig: Setting CVar [[gc.MaxObjectsInEditor:16777216]]
[2020.09.23-14.12.08:488][  0]LogConfig: Setting CVar [[gc.IncrementalBeginDestroyEnabled:1]]
[2020.09.23-14.12.08:488][  0]LogConfig: Setting CVar [[gc.CreateGCClusters:1]]
[2020.09.23-14.12.08:488][  0]LogConfig: Setting CVar [[gc.MinGCClusterSize:5]]
[2020.09.23-14.12.08:488][  0]LogConfig: Setting CVar [[gc.ActorClusteringEnabled:0]]
[2020.09.23-14.12.08:488][  0]LogConfig: Setting CVar [[gc.BlueprintClusteringEnabled:0]]
[2020.09.23-14.12.08:488][  0]LogConfig: Setting CVar [[gc.UseDisregardForGCOnDedicatedServers:0]]
[2020.09.23-14.12.08:488][  0]LogConfig: Applying CVar settings from Section [/Script/Engine.NetworkSettings] File [E:/UnrealGit/Homework2-Group/Homework2 - Copy/Saved/Config/Windows/Engine.ini]
[2020.09.23-14.12.08:488][  0]LogConfig: Applying CVar settings from Section [/Script/UnrealEd.CookerSettings] File [E:/UnrealGit/Homework2-Group/Homework2 - Copy/Saved/Config/Windows/Engine.ini]
[2020.09.23-14.12.08:494][  0]LogConfig: Applying CVar settings from Section [ViewDistanceQuality@3] File [E:/UnrealGit/Homework2-Group/Homework2 - Copy/Saved/Config/Windows/Scalability.ini]
[2020.09.23-14.12.08:494][  0]LogConfig: Setting CVar [[r.SkeletalMeshLODBias:0]]
[2020.09.23-14.12.08:494][  0]LogConfig: Setting CVar [[r.ViewDistanceScale:1.0]]
[2020.09.23-14.12.08:494][  0]LogConfig: Applying CVar settings from Section [AntiAliasingQuality@3] File [E:/UnrealGit/Homework2-Group/Homework2 - Copy/Saved/Config/Windows/Scalability.ini]
[2020.09.23-14.12.08:494][  0]LogConfig: Setting CVar [[r.PostProcessAAQuality:4]]
[2020.09.23-14.12.08:494][  0]LogConfig: Applying CVar settings from Section [ShadowQuality@3] File [E:/UnrealGit/Homework2-Group/Homework2 - Copy/Saved/Config/Windows/Scalability.ini]
[2020.09.23-14.12.08:494][  0]LogConfig: Setting CVar [[r.LightFunctionQuality:1]]
[2020.09.23-14.12.08:494][  0]LogConfig: Setting CVar [[r.ShadowQuality:5]]
[2020.09.23-14.12.08:494][  0]LogConfig: Setting CVar [[r.Shadow.CSM.MaxCascades:10]]
[2020.09.23-14.12.08:494][  0]LogConfig: Setting CVar [[r.Shadow.MaxResolution:2048]]
[2020.09.23-14.12.08:494][  0]LogConfig: Setting CVar [[r.Shadow.MaxCSMResolution:2048]]
[2020.09.23-14.12.08:494][  0]LogConfig: Setting CVar [[r.Shadow.RadiusThreshold:0.01]]
[2020.09.23-14.12.08:494][  0]LogConfig: Setting CVar [[r.Shadow.DistanceScale:1.0]]
[2020.09.23-14.12.08:494][  0]LogConfig: Setting CVar [[r.Shadow.CSM.TransitionScale:1.0]]
[2020.09.23-14.12.08:494][  0]LogConfig: Setting CVar [[r.Shadow.PreShadowResolutionFactor:1.0]]
[2020.09.23-14.12.08:494][  0]LogConfig: Setting CVar [[r.DistanceFieldShadowing:1]]
[2020.09.23-14.12.08:494][  0]LogConfig: Setting CVar [[r.DistanceFieldAO:1]]
[2020.09.23-14.12.08:494][  0]LogConfig: Setting CVar [[r.AOQuality:2]]
[2020.09.23-14.12.08:494][  0]LogConfig: Setting CVar [[r.VolumetricFog:1]]
[2020.09.23-14.12.08:494][  0]LogConfig: Setting CVar [[r.VolumetricFog.GridPixelSize:8]]
[2020.09.23-14.12.08:494][  0]LogConfig: Setting CVar [[r.VolumetricFog.GridSizeZ:128]]
[2020.09.23-14.12.08:494][  0]LogConfig: Setting CVar [[r.VolumetricFog.HistoryMissSupersampleCount:4]]
[2020.09.23-14.12.08:494][  0]LogConfig: Setting CVar [[r.LightMaxDrawDistanceScale:1]]
[2020.09.23-14.12.08:494][  0]LogConfig: Setting CVar [[r.CapsuleShadows:1]]
[2020.09.23-14.12.08:494][  0]LogConfig: Applying CVar settings from Section [PostProcessQuality@3] File [E:/UnrealGit/Homework2-Group/Homework2 - Copy/Saved/Config/Windows/Scalability.ini]
[2020.09.23-14.12.08:494][  0]LogConfig: Setting CVar [[r.MotionBlurQuality:4]]
[2020.09.23-14.12.08:494][  0]LogConfig: Setting CVar [[r.AmbientOcclusionMipLevelFactor:0.4]]
[2020.09.23-14.12.08:494][  0]LogConfig: Setting CVar [[r.AmbientOcclusionMaxQuality:100]]
[2020.09.23-14.12.08:494][  0]LogConfig: Setting CVar [[r.AmbientOcclusionLevels:-1]]
[2020.09.23-14.12.08:494][  0]LogConfig: Setting CVar [[r.AmbientOcclusionRadiusScale:1.0]]
[2020.09.23-14.12.08:494][  0]LogConfig: Setting CVar [[r.DepthOfFieldQuality:2]]
[2020.09.23-14.12.08:494][  0]LogConfig: Setting CVar [[r.RenderTargetPoolMin:400]]
[2020.09.23-14.12.08:494][  0]LogConfig: Setting CVar [[r.LensFlareQuality:2]]
[2020.09.23-14.12.08:494][  0]LogConfig: Setting CVar [[r.SceneColorFringeQuality:1]]
[2020.09.23-14.12.08:494][  0]LogConfig: Setting CVar [[r.EyeAdaptationQuality:2]]
[2020.09.23-14.12.08:494][  0]LogConfig: Setting CVar [[r.BloomQuality:5]]
[2020.09.23-14.12.08:494][  0]LogConfig: Setting CVar [[r.FastBlurThreshold:100]]
[2020.09.23-14.12.08:494][  0]LogConfig: Setting CVar [[r.Upscale.Quality:3]]
[2020.09.23-14.12.08:494][  0]LogConfig: Setting CVar [[r.Tonemapper.GrainQuantization:1]]
[2020.09.23-14.12.08:495][  0]LogConfig: Setting CVar [[r.LightShaftQuality:1]]
[2020.09.23-14.12.08:495][  0]LogConfig: Setting CVar [[r.Filter.SizeScale:1]]
[2020.09.23-14.12.08:495][  0]LogConfig: Setting CVar [[r.Tonemapper.Quality:5]]
[2020.09.23-14.12.08:495][  0]LogConfig: Setting CVar [[r.DOF.Gather.AccumulatorQuality:1        ; higher gathering accumulator quality]]
[2020.09.23-14.12.08:495][  0]LogConfig: Setting CVar [[r.DOF.Gather.PostfilterMethod:1          ; Median3x3 postfilering method]]
[2020.09.23-14.12.08:495][  0]LogConfig: Setting CVar [[r.DOF.Gather.EnableBokehSettings:0       ; no bokeh simulation when gathering]]
[2020.09.23-14.12.08:495][  0]LogConfig: Setting CVar [[r.DOF.Gather.RingCount:4                 ; medium number of samples when gathering]]
[2020.09.23-14.12.08:495][  0]LogConfig: Setting CVar [[r.DOF.Scatter.ForegroundCompositing:1    ; additive foreground scattering]]
[2020.09.23-14.12.08:495][  0]LogConfig: Setting CVar [[r.DOF.Scatter.BackgroundCompositing:2    ; additive background scattering]]
[2020.09.23-14.12.08:495][  0]LogConfig: Setting CVar [[r.DOF.Scatter.EnableBokehSettings:1      ; bokeh simulation when scattering]]
[2020.09.23-14.12.08:495][  0]LogConfig: Setting CVar [[r.DOF.Scatter.MaxSpriteRatio:0.1         ; only a maximum of 10% of scattered bokeh]]
[2020.09.23-14.12.08:495][  0]LogConfig: Setting CVar [[r.DOF.Recombine.Quality:1                ; cheap slight out of focus]]
[2020.09.23-14.12.08:495][  0]LogConfig: Setting CVar [[r.DOF.Recombine.EnableBokehSettings:0    ; no bokeh simulation on slight out of focus]]
[2020.09.23-14.12.08:495][  0]LogConfig: Setting CVar [[r.DOF.TemporalAAQuality:1                ; more stable temporal accumulation]]
[2020.09.23-14.12.08:495][  0]LogConfig: Setting CVar [[r.DOF.Kernel.MaxForegroundRadius:0.025]]
[2020.09.23-14.12.08:495][  0]LogConfig: Setting CVar [[r.DOF.Kernel.MaxBackgroundRadius:0.025]]
[2020.09.23-14.12.08:495][  0]LogConfig: Applying CVar settings from Section [TextureQuality@3] File [E:/UnrealGit/Homework2-Group/Homework2 - Copy/Saved/Config/Windows/Scalability.ini]
[2020.09.23-14.12.08:495][  0]LogConfig: Setting CVar [[r.Streaming.MipBias:0]]
[2020.09.23-14.12.08:495][  0]LogConfig: Setting CVar [[r.Streaming.AmortizeCPUToGPUCopy:0]]
[2020.09.23-14.12.08:495][  0]LogConfig: Setting CVar [[r.Streaming.MaxNumTexturesToStreamPerFrame:0]]
[2020.09.23-14.12.08:495][  0]LogConfig: Setting CVar [[r.Streaming.Boost:1]]
[2020.09.23-14.12.08:495][  0]LogConfig: Setting CVar [[r.MaxAnisotropy:8]]
[2020.09.23-14.12.08:495][  0]LogConfig: Setting CVar [[r.Streaming.LimitPoolSizeToVRAM:0]]
[2020.09.23-14.12.08:495][  0]LogConfig: Setting CVar [[r.Streaming.PoolSize:1000]]
[2020.09.23-14.12.08:495][  0]LogConfig: Setting CVar [[r.Streaming.MaxEffectiveScreenSize:0]]
[2020.09.23-14.12.08:495][  0]LogConfig: Applying CVar settings from Section [EffectsQuality@3] File [E:/UnrealGit/Homework2-Group/Homework2 - Copy/Saved/Config/Windows/Scalability.ini]
[2020.09.23-14.12.08:495][  0]LogConfig: Setting CVar [[r.TranslucencyLightingVolumeDim:64]]
[2020.09.23-14.12.08:495][  0]LogConfig: Setting CVar [[r.RefractionQuality:2]]
[2020.09.23-14.12.08:495][  0]LogConfig: Setting CVar [[r.SSR.Quality:3]]
[2020.09.23-14.12.08:495][  0]LogConfig: Setting CVar [[r.SceneColorFormat:4]]
[2020.09.23-14.12.08:495][  0]LogConfig: Setting CVar [[r.DetailMode:2]]
[2020.09.23-14.12.08:495][  0]LogConfig: Setting CVar [[r.TranslucencyVolumeBlur:1]]
[2020.09.23-14.12.08:495][  0]LogConfig: Setting CVar [[r.MaterialQualityLevel:1 ; High quality]]
[2020.09.23-14.12.08:495][  0]LogConfig: Setting CVar [[r.SSS.Scale:1]]
[2020.09.23-14.12.08:495][  0]LogConfig: Setting CVar [[r.SSS.SampleSet:2]]
[2020.09.23-14.12.08:495][  0]LogConfig: Setting CVar [[r.SSS.Quality:1]]
[2020.09.23-14.12.08:495][  0]LogConfig: Setting CVar [[r.SSS.HalfRes:1]]
[2020.09.23-14.12.08:495][  0]LogConfig: Setting CVar [[r.EmitterSpawnRateScale:1.0]]
[2020.09.23-14.12.08:495][  0]LogConfig: Setting CVar [[r.ParticleLightQuality:2]]
[2020.09.23-14.12.08:495][  0]LogConfig: Applying CVar settings from Section [FoliageQuality@3] File [E:/UnrealGit/Homework2-Group/Homework2 - Copy/Saved/Config/Windows/Scalability.ini]
[2020.09.23-14.12.08:495][  0]LogConfig: Setting CVar [[foliage.DensityScale:1.0]]
[2020.09.23-14.12.08:495][  0]LogConfig: Setting CVar [[grass.DensityScale:1.0]]
[2020.09.23-14.12.08:495][  0]LogInit: Selected Device Profile: [Windows]
[2020.09.23-14.12.08:495][  0]LogInit: Applying CVar settings loaded from the selected device profile: [Windows]
[2020.09.23-14.12.08:503][  0]LogHAL: Display: Platform has ~ 8 GB [8506167296 / 8589934592 / 8], which maps to Default [LargestMinGB=32, LargerMinGB=12, DefaultMinGB=8, SmallerMinGB=6, SmallestMinGB=0)
[2020.09.23-14.12.08:503][  0]LogConfig: Setting CVar [[r.Vulkan.UseRealUBs:0		; Required until we fix HLR fall-out]]
[2020.09.23-14.12.08:503][  0]LogInit: Going up to parent DeviceProfile []
[2020.09.23-14.12.08:503][  0]LogConfig: Applying CVar settings from Section [ViewDistanceQuality@3] File [E:/UnrealGit/Homework2-Group/Homework2 - Copy/Saved/Config/Windows/Scalability.ini]
[2020.09.23-14.12.08:503][  0]LogConfig: Setting CVar [[r.SkeletalMeshLODBias:0]]
[2020.09.23-14.12.08:503][  0]LogConfig: Setting CVar [[r.ViewDistanceScale:1.0]]
[2020.09.23-14.12.08:503][  0]LogConfig: Applying CVar settings from Section [AntiAliasingQuality@3] File [E:/UnrealGit/Homework2-Group/Homework2 - Copy/Saved/Config/Windows/Scalability.ini]
[2020.09.23-14.12.08:503][  0]LogConfig: Setting CVar [[r.PostProcessAAQuality:4]]
[2020.09.23-14.12.08:503][  0]LogConfig: Applying CVar settings from Section [ShadowQuality@3] File [E:/UnrealGit/Homework2-Group/Homework2 - Copy/Saved/Config/Windows/Scalability.ini]
[2020.09.23-14.12.08:503][  0]LogConfig: Setting CVar [[r.LightFunctionQuality:1]]
[2020.09.23-14.12.08:503][  0]LogConfig: Setting CVar [[r.ShadowQuality:5]]
[2020.09.23-14.12.08:503][  0]LogConfig: Setting CVar [[r.Shadow.CSM.MaxCascades:10]]
[2020.09.23-14.12.08:503][  0]LogConfig: Setting CVar [[r.Shadow.MaxResolution:2048]]
[2020.09.23-14.12.08:503][  0]LogConfig: Setting CVar [[r.Shadow.MaxCSMResolution:2048]]
[2020.09.23-14.12.08:503][  0]LogConfig: Setting CVar [[r.Shadow.RadiusThreshold:0.01]]
[2020.09.23-14.12.08:503][  0]LogConfig: Setting CVar [[r.Shadow.DistanceScale:1.0]]
[2020.09.23-14.12.08:503][  0]LogConfig: Setting CVar [[r.Shadow.CSM.TransitionScale:1.0]]
[2020.09.23-14.12.08:503][  0]LogConfig: Setting CVar [[r.Shadow.PreShadowResolutionFactor:1.0]]
[2020.09.23-14.12.08:503][  0]LogConfig: Setting CVar [[r.DistanceFieldShadowing:1]]
[2020.09.23-14.12.08:503][  0]LogConfig: Setting CVar [[r.DistanceFieldAO:1]]
[2020.09.23-14.12.08:503][  0]LogConfig: Setting CVar [[r.AOQuality:2]]
[2020.09.23-14.12.08:503][  0]LogConfig: Setting CVar [[r.VolumetricFog:1]]
[2020.09.23-14.12.08:503][  0]LogConfig: Setting CVar [[r.VolumetricFog.GridPixelSize:8]]
[2020.09.23-14.12.08:503][  0]LogConfig: Setting CVar [[r.VolumetricFog.GridSizeZ:128]]
[2020.09.23-14.12.08:503][  0]LogConfig: Setting CVar [[r.VolumetricFog.HistoryMissSupersampleCount:4]]
[2020.09.23-14.12.08:503][  0]LogConfig: Setting CVar [[r.LightMaxDrawDistanceScale:1]]
[2020.09.23-14.12.08:503][  0]LogConfig: Setting CVar [[r.CapsuleShadows:1]]
[2020.09.23-14.12.08:503][  0]LogConfig: Applying CVar settings from Section [PostProcessQuality@3] File [E:/UnrealGit/Homework2-Group/Homework2 - Copy/Saved/Config/Windows/Scalability.ini]
[2020.09.23-14.12.08:503][  0]LogConfig: Setting CVar [[r.MotionBlurQuality:4]]
[2020.09.23-14.12.08:503][  0]LogConfig: Setting CVar [[r.AmbientOcclusionMipLevelFactor:0.4]]
[2020.09.23-14.12.08:503][  0]LogConfig: Setting CVar [[r.AmbientOcclusionMaxQuality:100]]
[2020.09.23-14.12.08:503][  0]LogConfig: Setting CVar [[r.AmbientOcclusionLevels:-1]]
[2020.09.23-14.12.08:503][  0]LogConfig: Setting CVar [[r.AmbientOcclusionRadiusScale:1.0]]
[2020.09.23-14.12.08:503][  0]LogConfig: Setting CVar [[r.DepthOfFieldQuality:2]]
[2020.09.23-14.12.08:503][  0]LogConfig: Setting CVar [[r.RenderTargetPoolMin:400]]
[2020.09.23-14.12.08:503][  0]LogConfig: Setting CVar [[r.LensFlareQuality:2]]
[2020.09.23-14.12.08:503][  0]LogConfig: Setting CVar [[r.SceneColorFringeQuality:1]]
[2020.09.23-14.12.08:503][  0]LogConfig: Setting CVar [[r.EyeAdaptationQuality:2]]
[2020.09.23-14.12.08:504][  0]LogConfig: Setting CVar [[r.BloomQuality:5]]
[2020.09.23-14.12.08:504][  0]LogConfig: Setting CVar [[r.FastBlurThreshold:100]]
[2020.09.23-14.12.08:504][  0]LogConfig: Setting CVar [[r.Upscale.Quality:3]]
[2020.09.23-14.12.08:504][  0]LogConfig: Setting CVar [[r.Tonemapper.GrainQuantization:1]]
[2020.09.23-14.12.08:504][  0]LogConfig: Setting CVar [[r.LightShaftQuality:1]]
[2020.09.23-14.12.08:504][  0]LogConfig: Setting CVar [[r.Filter.SizeScale:1]]
[2020.09.23-14.12.08:504][  0]LogConfig: Setting CVar [[r.Tonemapper.Quality:5]]
[2020.09.23-14.12.08:504][  0]LogConfig: Setting CVar [[r.DOF.Gather.AccumulatorQuality:1        ; higher gathering accumulator quality]]
[2020.09.23-14.12.08:504][  0]LogConfig: Setting CVar [[r.DOF.Gather.PostfilterMethod:1          ; Median3x3 postfilering method]]
[2020.09.23-14.12.08:504][  0]LogConfig: Setting CVar [[r.DOF.Gather.EnableBokehSettings:0       ; no bokeh simulation when gathering]]
[2020.09.23-14.12.08:504][  0]LogConfig: Setting CVar [[r.DOF.Gather.RingCount:4                 ; medium number of samples when gathering]]
[2020.09.23-14.12.08:504][  0]LogConfig: Setting CVar [[r.DOF.Scatter.ForegroundCompositing:1    ; additive foreground scattering]]
[2020.09.23-14.12.08:504][  0]LogConfig: Setting CVar [[r.DOF.Scatter.BackgroundCompositing:2    ; additive background scattering]]
[2020.09.23-14.12.08:504][  0]LogConfig: Setting CVar [[r.DOF.Scatter.EnableBokehSettings:1      ; bokeh simulation when scattering]]
[2020.09.23-14.12.08:504][  0]LogConfig: Setting CVar [[r.DOF.Scatter.MaxSpriteRatio:0.1         ; only a maximum of 10% of scattered bokeh]]
[2020.09.23-14.12.08:504][  0]LogConfig: Setting CVar [[r.DOF.Recombine.Quality:1                ; cheap slight out of focus]]
[2020.09.23-14.12.08:504][  0]LogConfig: Setting CVar [[r.DOF.Recombine.EnableBokehSettings:0    ; no bokeh simulation on slight out of focus]]
[2020.09.23-14.12.08:504][  0]LogConfig: Setting CVar [[r.DOF.TemporalAAQuality:1                ; more stable temporal accumulation]]
[2020.09.23-14.12.08:504][  0]LogConfig: Setting CVar [[r.DOF.Kernel.MaxForegroundRadius:0.025]]
[2020.09.23-14.12.08:504][  0]LogConfig: Setting CVar [[r.DOF.Kernel.MaxBackgroundRadius:0.025]]
[2020.09.23-14.12.08:504][  0]LogConfig: Applying CVar settings from Section [TextureQuality@3] File [E:/UnrealGit/Homework2-Group/Homework2 - Copy/Saved/Config/Windows/Scalability.ini]
[2020.09.23-14.12.08:504][  0]LogConfig: Setting CVar [[r.Streaming.MipBias:0]]
[2020.09.23-14.12.08:504][  0]LogConfig: Setting CVar [[r.Streaming.AmortizeCPUToGPUCopy:0]]
[2020.09.23-14.12.08:504][  0]LogConfig: Setting CVar [[r.Streaming.MaxNumTexturesToStreamPerFrame:0]]
[2020.09.23-14.12.08:504][  0]LogConfig: Setting CVar [[r.Streaming.Boost:1]]
[2020.09.23-14.12.08:504][  0]LogConfig: Setting CVar [[r.MaxAnisotropy:8]]
[2020.09.23-14.12.08:504][  0]LogConfig: Setting CVar [[r.Streaming.LimitPoolSizeToVRAM:0]]
[2020.09.23-14.12.08:504][  0]LogConfig: Setting CVar [[r.Streaming.PoolSize:1000]]
[2020.09.23-14.12.08:504][  0]LogConfig: Setting CVar [[r.Streaming.MaxEffectiveScreenSize:0]]
[2020.09.23-14.12.08:504][  0]LogConfig: Applying CVar settings from Section [EffectsQuality@3] File [E:/UnrealGit/Homework2-Group/Homework2 - Copy/Saved/Config/Windows/Scalability.ini]
[2020.09.23-14.12.08:504][  0]LogConfig: Setting CVar [[r.TranslucencyLightingVolumeDim:64]]
[2020.09.23-14.12.08:504][  0]LogConfig: Setting CVar [[r.RefractionQuality:2]]
[2020.09.23-14.12.08:504][  0]LogConfig: Setting CVar [[r.SSR.Quality:3]]
[2020.09.23-14.12.08:504][  0]LogConfig: Setting CVar [[r.SceneColorFormat:4]]
[2020.09.23-14.12.08:504][  0]LogConfig: Setting CVar [[r.DetailMode:2]]
[2020.09.23-14.12.08:504][  0]LogConfig: Setting CVar [[r.TranslucencyVolumeBlur:1]]
[2020.09.23-14.12.08:504][  0]LogConfig: Setting CVar [[r.MaterialQualityLevel:1 ; High quality]]
[2020.09.23-14.12.08:504][  0]LogConfig: Setting CVar [[r.SSS.Scale:1]]
[2020.09.23-14.12.08:504][  0]LogConfig: Setting CVar [[r.SSS.SampleSet:2]]
[2020.09.23-14.12.08:504][  0]LogConfig: Setting CVar [[r.SSS.Quality:1]]
[2020.09.23-14.12.08:504][  0]LogConfig: Setting CVar [[r.SSS.HalfRes:1]]
[2020.09.23-14.12.08:504][  0]LogConfig: Setting CVar [[r.EmitterSpawnRateScale:1.0]]
[2020.09.23-14.12.08:504][  0]LogConfig: Setting CVar [[r.ParticleLightQuality:2]]
[2020.09.23-14.12.08:504][  0]LogConfig: Applying CVar settings from Section [FoliageQuality@3] File [E:/UnrealGit/Homework2-Group/Homework2 - Copy/Saved/Config/Windows/Scalability.ini]
[2020.09.23-14.12.08:504][  0]LogConfig: Setting CVar [[foliage.DensityScale:1.0]]
[2020.09.23-14.12.08:504][  0]LogConfig: Setting CVar [[grass.DensityScale:1.0]]
[2020.09.23-14.12.08:504][  0]LogConfig: Applying CVar settings from Section [Startup] File [../../../Engine/Config/ConsoleVariables.ini]
[2020.09.23-14.12.08:504][  0]LogConfig: Setting CVar [[net.UseAdaptiveNetUpdateFrequency:0]]
[2020.09.23-14.12.08:504][  0]LogConfig: Setting CVar [[p.chaos.AllowCreatePhysxBodies:1]]
[2020.09.23-14.12.08:504][  0]LogConfig: Applying CVar settings from Section [ConsoleVariables] File [E:/UnrealGit/Homework2-Group/Homework2 - Copy/Saved/Config/Windows/Engine.ini]
[2020.09.23-14.12.08:504][  0]LogInit: Computer: DESKTOP-AR41PVV
[2020.09.23-14.12.08:504][  0]LogInit: User: CutieCutie
[2020.09.23-14.12.08:504][  0]LogInit: CPU Page size=4096, Cores=4
[2020.09.23-14.12.08:504][  0]LogInit: High frequency timer resolution =10.000000 MHz
[2020.09.23-14.12.08:505][  0]LogMemory: Memory total: Physical=7.9GB (8GB approx)
[2020.09.23-14.12.08:505][  0]LogMemory: Platform Memory Stats for Windows
[2020.09.23-14.12.08:505][  0]LogMemory: Process Physical Memory: 97.18 MB used, 97.18 MB peak
[2020.09.23-14.12.08:505][  0]LogMemory: Process Virtual Memory: 88.84 MB used, 88.84 MB peak
[2020.09.23-14.12.08:505][  0]LogMemory: Physical Memory: 6611.09 MB used,  1501.02 MB free, 8112.11 MB total
[2020.09.23-14.12.08:505][  0]LogMemory: Virtual Memory: 4642.29 MB used,  134213088.00 MB free, 134217728.00 MB total
[2020.09.23-14.12.08:518][  0]LogInit: Using OS detected language (en-US).
[2020.09.23-14.12.08:518][  0]LogInit: Using OS detected locale (en-CA).
[2020.09.23-14.12.08:518][  0]LogTextLocalizationManager: No specific localization for 'en-US' exists, so the 'en' localization will be used.
[2020.09.23-14.12.08:669][  0]LogInit: Setting process to per monitor DPI aware
[2020.09.23-14.12.08:709][  0]LogSlate: New Slate User Created.  User Index 0, Is Virtual User: 0
[2020.09.23-14.12.08:709][  0]LogSlate: Slate User Registered.  User Index 0, Is Virtual User: 0
[2020.09.23-14.12.08:905][  0]LogHMD: Failed to initialize OpenVR with code 110
[2020.09.23-14.12.08:905][  0]LogD3D11RHI: D3D11 adapters:
[2020.09.23-14.12.08:982][  0]LogD3D11RHI:    0. 'NVIDIA GeForce GTX 1050' (Feature Level 11_0)
[2020.09.23-14.12.08:982][  0]LogD3D11RHI:       1979/0/4056 MB DedicatedVideo/DedicatedSystem/SharedSystem, Outputs:1, VendorId:0x10de
[2020.09.23-14.12.08:998][  0]LogD3D11RHI:    1. 'Intel(R) HD Graphics 630' (Feature Level 11_0)
[2020.09.23-14.12.08:998][  0]LogD3D11RHI:       128/0/4056 MB DedicatedVideo/DedicatedSystem/SharedSystem, Outputs:0, VendorId:0x8086
[2020.09.23-14.12.09:001][  0]LogD3D11RHI:    2. 'Microsoft Basic Render Driver' (Feature Level 11_0)
[2020.09.23-14.12.09:001][  0]LogD3D11RHI:       0/0/4056 MB DedicatedVideo/DedicatedSystem/SharedSystem, Outputs:0, VendorId:0x1414
[2020.09.23-14.12.09:001][  0]LogD3D11RHI: Chosen D3D11 Adapter: 0
[2020.09.23-14.12.09:030][  0]LogD3D11RHI: Creating new Direct3DDevice
[2020.09.23-14.12.09:030][  0]LogD3D11RHI:     GPU DeviceId: 0x1c8d (for the marketing name, search the web for "GPU Device Id")
[2020.09.23-14.12.09:030][  0]LogWindows: EnumDisplayDevices:
[2020.09.23-14.12.09:030][  0]LogWindows:    0. 'Intel(R) HD Graphics 630' (P:1 D:1)
[2020.09.23-14.12.09:031][  0]LogWindows:    1. 'Intel(R) HD Graphics 630' (P:0 D:0)
[2020.09.23-14.12.09:031][  0]LogWindows:    2. 'Intel(R) HD Graphics 630' (P:0 D:0)
[2020.09.23-14.12.09:031][  0]LogWindows: DebugString: PrimaryIsNotTheChoosenAdapter PrimaryIsNotTheChoosenAdapter PrimaryIsNotTheChoosenAdapter FoundDriverCount:0 
[2020.09.23-14.12.09:031][  0]LogD3D11RHI:     Adapter Name: NVIDIA GeForce GTX 1050
[2020.09.23-14.12.09:031][  0]LogD3D11RHI:   Driver Version: Unknown (internal:Unknown, unified:Unknown)
[2020.09.23-14.12.09:031][  0]LogD3D11RHI:      Driver Date: Unknown
[2020.09.23-14.12.09:031][  0]LogRHI: Texture pool is 1385 MB (70% of 1979 MB)
[2020.09.23-14.12.09:077][  0]LogD3D11RHI: Async texture creation enabled
[2020.09.23-14.12.09:081][  0]LogRendererCore: FGlobalReadBuffer::InitRHI
[2020.09.23-14.12.09:081][  0]LogRendererCore: FGlobalReadBuffer::InitRHI
[2020.09.23-14.12.09:081][  0]LogRendererCore: FGlobalReadBuffer::InitRHI
[2020.09.23-14.12.09:089][  0]LogD3D11RHI: GPU Timing Frequency: 1000.000000 (Debug: 2 1)
[2020.09.23-14.12.09:425][  0]LogTemp: Display: Module 'AllDesktopTargetPlatform' loaded TargetPlatform 'AllDesktop'
[2020.09.23-14.12.09:438][  0]LogTemp: Display: Module 'MacClientTargetPlatform' loaded TargetPlatform 'MacClient'
[2020.09.23-14.12.09:450][  0]LogTemp: Display: Module 'MacNoEditorTargetPlatform' loaded TargetPlatform 'MacNoEditor'
[2020.09.23-14.12.09:463][  0]LogTemp: Display: Module 'MacServerTargetPlatform' loaded TargetPlatform 'MacServer'
[2020.09.23-14.12.09:475][  0]LogTemp: Display: Module 'MacTargetPlatform' loaded TargetPlatform 'Mac'
[2020.09.23-14.12.09:488][  0]LogTemp: Display: Module 'WindowsClientTargetPlatform' loaded TargetPlatform 'WindowsClient'
[2020.09.23-14.12.09:500][  0]LogTemp: Display: Module 'WindowsNoEditorTargetPlatform' loaded TargetPlatform 'WindowsNoEditor'
[2020.09.23-14.12.09:513][  0]LogTemp: Display: Module 'WindowsServerTargetPlatform' loaded TargetPlatform 'WindowsServer'
[2020.09.23-14.12.09:518][  0]LogTemp: Display: Module 'WindowsTargetPlatform' loaded TargetPlatform 'Windows'
[2020.09.23-14.12.09:592][  0]LogTemp: Display: Module 'AndroidTargetPlatform' loaded TargetPlatform 'Android'
[2020.09.23-14.12.09:592][  0]LogTemp: Display: Module 'AndroidTargetPlatform' loaded TargetPlatform 'Android_ASTC'
[2020.09.23-14.12.09:592][  0]LogTemp: Display: Module 'AndroidTargetPlatform' loaded TargetPlatform 'Android_ATC'
[2020.09.23-14.12.09:592][  0]LogTemp: Display: Module 'AndroidTargetPlatform' loaded TargetPlatform 'Android_DXT'
[2020.09.23-14.12.09:592][  0]LogTemp: Display: Module 'AndroidTargetPlatform' loaded TargetPlatform 'Android_ETC1'
[2020.09.23-14.12.09:592][  0]LogTemp: Display: Module 'AndroidTargetPlatform' loaded TargetPlatform 'Android_ETC1a'
[2020.09.23-14.12.09:592][  0]LogTemp: Display: Module 'AndroidTargetPlatform' loaded TargetPlatform 'Android_ETC2'
[2020.09.23-14.12.09:592][  0]LogTemp: Display: Module 'AndroidTargetPlatform' loaded TargetPlatform 'Android_PVRTC'
[2020.09.23-14.12.09:592][  0]LogTemp: Display: Module 'AndroidTargetPlatform' loaded TargetPlatform 'AndroidClient'
[2020.09.23-14.12.09:592][  0]LogTemp: Display: Module 'AndroidTargetPlatform' loaded TargetPlatform 'Android_ASTCClient'
[2020.09.23-14.12.09:592][  0]LogTemp: Display: Module 'AndroidTargetPlatform' loaded TargetPlatform 'Android_ATCClient'
[2020.09.23-14.12.09:592][  0]LogTemp: Display: Module 'AndroidTargetPlatform' loaded TargetPlatform 'Android_DXTClient'
[2020.09.23-14.12.09:592][  0]LogTemp: Display: Module 'AndroidTargetPlatform' loaded TargetPlatform 'Android_ETC1Client'
[2020.09.23-14.12.09:592][  0]LogTemp: Display: Module 'AndroidTargetPlatform' loaded TargetPlatform 'Android_ETC1aClient'
[2020.09.23-14.12.09:592][  0]LogTemp: Display: Module 'AndroidTargetPlatform' loaded TargetPlatform 'Android_ETC2Client'
[2020.09.23-14.12.09:592][  0]LogTemp: Display: Module 'AndroidTargetPlatform' loaded TargetPlatform 'Android_PVRTCClient'
[2020.09.23-14.12.09:592][  0]LogTemp: Display: Module 'AndroidTargetPlatform' loaded TargetPlatform 'Android_Multi'
[2020.09.23-14.12.09:592][  0]LogTemp: Display: Module 'AndroidTargetPlatform' loaded TargetPlatform 'Android_MultiClient'
[2020.09.23-14.12.09:594][  0]LogTemp: Display: Module 'HTML5TargetPlatform' loaded TargetPlatform 'HTML5'
[2020.09.23-14.12.09:639][  0]LogTemp: Display: Module 'IOSTargetPlatform' loaded TargetPlatform 'IOSClient'
[2020.09.23-14.12.09:639][  0]LogTemp: Display: Module 'IOSTargetPlatform' loaded TargetPlatform 'IOS'
[2020.09.23-14.12.09:660][  0]LogTemp: Display: Module 'TVOSTargetPlatform' loaded TargetPlatform 'TVOSClient'
[2020.09.23-14.12.09:660][  0]LogTemp: Display: Module 'TVOSTargetPlatform' loaded TargetPlatform 'TVOS'
[2020.09.23-14.12.09:672][  0]LogTemp: Display: Module 'LinuxClientTargetPlatform' loaded TargetPlatform 'LinuxClient'
[2020.09.23-14.12.09:683][  0]LogTemp: Display: Module 'LinuxNoEditorTargetPlatform' loaded TargetPlatform 'LinuxNoEditor'
[2020.09.23-14.12.09:694][  0]LogTemp: Display: Module 'LinuxServerTargetPlatform' loaded TargetPlatform 'LinuxServer'
[2020.09.23-14.12.09:707][  0]LogTemp: Display: Module 'LinuxTargetPlatform' loaded TargetPlatform 'Linux'
[2020.09.23-14.12.09:754][  0]LogTemp: Display: Module 'LuminTargetPlatform' loaded TargetPlatform 'Lumin'
[2020.09.23-14.12.09:754][  0]LogTemp: Display: Module 'LuminTargetPlatform' loaded TargetPlatform 'LuminClient'
[2020.09.23-14.12.09:754][  0]LogTargetPlatformManager: Display: Building Assets For Windows
[2020.09.23-14.12.09:762][  0]LogAudioDebug: Display: Lib vorbis DLL was dynamically loaded.
[2020.09.23-14.12.09:794][  0]LogShaderCompilers: Guid format shader working directory is 6 characters bigger than the processId version (E:/UnrealGit/Homework2-Group/Homework2 - Copy/Intermediate/Shaders/WorkingDirectory/15388/).
[2020.09.23-14.12.09:794][  0]LogShaderCompilers: Cleaned the shader compiler working directory 'C:/Users/Cutie Cutie/AppData/Local/Temp/UnrealShaderWorkingDir/B87C5CF74ECD0A696084D7A326B2A5B8/'.
[2020.09.23-14.12.09:796][  0]LogXGEController: Cannot use XGE Controller as Incredibuild is not installed on this machine.
[2020.09.23-14.12.09:796][  0]LogShaderCompilers: Cannot use XGE Shader Compiler as Incredibuild is not installed on this machine.
[2020.09.23-14.12.09:796][  0]LogShaderCompilers: Display: Using Local Shader Compiler.
[2020.09.23-14.12.10:315][  0]LogDerivedDataCache: Display: Max Cache Size: 512 MB
[2020.09.23-14.12.10:370][  0]LogDerivedDataCache: Loaded boot cache 0.06s 71MB C:/Users/Cutie Cutie/AppData/Local/UnrealEngine/4.22/DerivedDataCache/Boot.ddc.
[2020.09.23-14.12.10:370][  0]LogDerivedDataCache: Display: Loaded Boot cache: C:/Users/Cutie Cutie/AppData/Local/UnrealEngine/4.22/DerivedDataCache/Boot.ddc
[2020.09.23-14.12.10:370][  0]LogDerivedDataCache: FDerivedDataBackendGraph:  Pak pak cache file E:/UnrealGit/Homework2-Group/Homework2 - Copy/DerivedDataCache/DDC.ddp not found, will not use a pak cache.
[2020.09.23-14.12.10:370][  0]LogDerivedDataCache: Unable to find inner node Pak for hierarchical cache Hierarchy.
[2020.09.23-14.12.10:371][  0]LogDerivedDataCache: FDerivedDataBackendGraph:  CompressedPak pak cache file E:/UnrealGit/Homework2-Group/Homework2 - Copy/DerivedDataCache/Compressed.ddp not found, will not use a pak cache.
[2020.09.23-14.12.10:371][  0]LogDerivedDataCache: Unable to find inner node CompressedPak for hierarchical cache Hierarchy.
[2020.09.23-14.12.10:383][  0]LogDerivedDataCache: Display: Pak cache opened for reading ../../../Engine/DerivedDataCache/Compressed.ddp.
[2020.09.23-14.12.10:383][  0]LogDerivedDataCache: FDerivedDataBackendGraph:  EnterprisePak pak cache file ../../../Enterprise/DerivedDataCache/Compressed.ddp not found, will not use a pak cache.
[2020.09.23-14.12.10:383][  0]LogDerivedDataCache: Unable to find inner node EnterprisePak for hierarchical cache Hierarchy.
[2020.09.23-14.12.10:395][  0]LogDerivedDataCache: Using Local data cache path C:/Users/Cutie Cutie/AppData/Local/UnrealEngine/Common/DerivedDataCache: Writable
[2020.09.23-14.12.10:395][  0]LogDerivedDataCache: Shared data cache path not found in *engine.ini, will not use an Shared cache.
[2020.09.23-14.12.10:395][  0]LogDerivedDataCache: Unable to find inner node Shared for hierarchical cache Hierarchy.
[2020.09.23-14.12.10:420][  0]LogMaterial: Verifying Global Shaders for PCD3D_SM5
[2020.09.23-14.12.10:421][  0]LogSlate: Using FreeType 2.6.0
[2020.09.23-14.12.10:421][  0]LogSlate: SlateFontServices - WITH_FREETYPE: 1, WITH_HARFBUZZ: 1
[2020.09.23-14.12.10:504][  0]LogAssetRegistry: FAssetRegistry took 0.0329 seconds to start up
[2020.09.23-14.12.10:793][  0]LogInit: Selected Device Profile: [Windows]
[2020.09.23-14.12.10:915][  0]LogMeshReduction: Using QuadricMeshReduction for automatic static mesh reduction
[2020.09.23-14.12.10:915][  0]LogMeshReduction: Using SimplygonMeshReduction for automatic skeletal mesh reduction
[2020.09.23-14.12.10:915][  0]LogMeshReduction: Using ProxyLODMeshReduction for automatic mesh merging
[2020.09.23-14.12.10:915][  0]LogMeshReduction: No distributed automatic mesh merging module available
[2020.09.23-14.12.10:915][  0]LogMeshMerging: No distributed automatic mesh merging module available
[2020.09.23-14.12.10:929][  0]LogNetVersion: Homework2 1.0.0, NetCL: 5660361, EngineNetVer: 10, GameNetVer: 0 (Checksum: 1281741258)
[2020.09.23-14.12.11:343][  0]LogPackageLocalizationCache: Processed 10 localized package path(s) for 1 prioritized culture(s) in 0.027071 seconds
[2020.09.23-14.12.11:351][  0]LogUObjectArray: 42205 objects as part of root set at end of initial load.
[2020.09.23-14.12.11:351][  0]LogUObjectAllocator: 7325032 out of 0 bytes used by permanent object pool.
[2020.09.23-14.12.11:351][  0]LogUObjectArray: CloseDisregardForGC: 0/0 objects in disregard for GC pool
[2020.09.23-14.12.12:106][  0]LogTcpMessaging: Initializing TcpMessaging bridge
[2020.09.23-14.12.12:119][  0]LogUdpMessaging: Initializing bridge on interface 0.0.0.0:0 to multicast group 230.0.0.1:6666.
[2020.09.23-14.12.12:217][  0]SourceControl: Source control is disabled
[2020.09.23-14.12.12:218][  0]SourceControl: Source control is disabled
[2020.09.23-14.12.12:219][  0]SourceControl: Source control is disabled
[2020.09.23-14.12.12:219][  0]SourceControl: Source control is disabled
[2020.09.23-14.12.12:282][  0]LogAndroidPermission: UAndroidPermissionCallbackProxy::GetInstance
[2020.09.23-14.12.12:420][  0]LogOcInput: OculusInput pre-init called
[2020.09.23-14.12.13:056][  0]LogEngine: Initializing Engine...
[2020.09.23-14.12.13:056][  0]LogHMD: Failed to initialize OpenVR with code 110
[2020.09.23-14.12.13:057][  0]LogStats: UGameplayTagsManager::InitializeManager -  0.000 s
[2020.09.23-14.12.13:264][  0]LogInit: Initializing FReadOnlyCVARCache
[2020.09.23-14.12.13:274][  0]LogAIModule: Creating AISystem for world Untitled
[2020.09.23-14.12.13:370][  0]LogInit: XAudio2 using 'TV Monitor (Intel(R) Display Audio)' : 2 channels at 48 kHz using 16 bits per sample (channel mask 0x3)
[2020.09.23-14.12.13:406][  0]LogInit: FAudioDevice initialized.
[2020.09.23-14.12.13:406][  0]LogNetVersion: Set ProjectVersion to 1.0.0.0. Version Checksum will be recalculated on next use.
[2020.09.23-14.12.13:498][  0]LogDerivedDataCache: Saved boot cache 0.09s 71MB C:/Users/Cutie Cutie/AppData/Local/UnrealEngine/4.22/DerivedDataCache/Boot.ddc.
[2020.09.23-14.12.13:504][  0]LogInit: Texture streaming: Enabled
[2020.09.23-14.12.13:517][  0]LogEngineSessionManager: EngineSessionManager initialized
[2020.09.23-14.12.13:532][  0]LogInit: Transaction tracking system initialized
[2020.09.23-14.12.13:546][  0]BlueprintLog: New page: Editor Load
[2020.09.23-14.12.13:601][  0]LocalizationService: Localization service is disabled
[2020.09.23-14.12.13:875][  0]LogFileCache: Scanning file cache for directory 'E:/UnrealGit/Homework2-Group/Homework2 - Copy/Content/' took 0.01s
[2020.09.23-14.12.13:876][  0]LogCook: Display: Max memory allowance for cook 16384mb min free memory 0mb
[2020.09.23-14.12.13:876][  0]LogCook: Display: Mobile HDR setting 1
[2020.09.23-14.12.14:022][  0]SourceControl: Source control is disabled
[2020.09.23-14.12.14:023][  0]Cmd: MAP LOAD FILE="../../../Engine/Content/Maps/Templates/Template_Default.umap" TEMPLATE=1 SHOWPROGRESS=1 FEATURELEVEL=3
[2020.09.23-14.12.14:023][  0]LightingResults: New page: Lighting Build
[2020.09.23-14.12.14:025][  0]MapCheck: New page: Map Check
[2020.09.23-14.12.14:025][  0]LightingResults: New page: Lighting Build
[2020.09.23-14.12.14:051][  0]LogUObjectHash: Compacting FUObjectHashTables data took   1.57ms
[2020.09.23-14.12.14:126][  0]LogAIModule: Creating AISystem for world Untitled_1
[2020.09.23-14.12.14:130][  0]LogEditorServer: Finished looking for orphan Actors (0.000 secs)
[2020.09.23-14.12.14:158][  0]LogUObjectHash: Compacting FUObjectHashTables data took   2.27ms
[2020.09.23-14.12.14:158][  0]Cmd: MAP CHECKDEP NOCLEARLOG
[2020.09.23-14.12.14:158][  0]MapCheck: Map check complete: 0 Error(s), 0 Warning(s), took 0.09ms to complete.
[2020.09.23-14.12.14:158][  0]LogFileHelpers: Loading map 'Template_Default' took 0.136
[2020.09.23-14.12.14:273][  0]LogSlate: Updating window title bar state: overlay mode, drag disabled, window buttons hidden, title bar hidden
[2020.09.23-14.12.14:277][  0]LogSlate: Updating window title bar state: overlay mode, drag disabled, window buttons hidden, title bar hidden
[2020.09.23-14.12.14:290][  0]LogSlate: Updating window title bar state: overlay mode, drag disabled, window buttons hidden, title bar hidden
[2020.09.23-14.12.14:299][  0]LogSlate: Updating window title bar state: overlay mode, drag disabled, window buttons hidden, title bar hidden
[2020.09.23-14.12.14:304][  0]LogCollectionManager: Loaded 0 collections in 0.000811 seconds
[2020.09.23-14.12.14:323][  0]LogFileCache: Scanning file cache for directory 'E:/UnrealGit/Homework2-Group/Homework2 - Copy/Saved/Collections/' took 0.01s
[2020.09.23-14.12.14:323][  0]LogFileCache: Scanning file cache for directory 'E:/UnrealGit/Homework2-Group/Homework2 - Copy/Content/Developers/CutieCutie/Collections/' took 0.00s
[2020.09.23-14.12.14:323][  0]LogFileCache: Scanning file cache for directory 'E:/UnrealGit/Homework2-Group/Homework2 - Copy/Content/Collections/' took 0.00s
[2020.09.23-14.12.14:323][  0]LogCollectionManager: Rebuilt the GUID cache for 0 collections in 0.000000 seconds
[2020.09.23-14.12.14:332][  0]LogContentBrowser: Native class hierarchy populated in 0.0084 seconds. Added 2732 classes and 659 folders.
[2020.09.23-14.12.14:343][  0]LogContentBrowser: Native class hierarchy updated for 'WidgetCarousel' in 0.0002 seconds. Added 0 classes and 0 folders.
[2020.09.23-14.12.14:346][  0]LogPakFile: Registered encryption key '00000000000000000000000000000000': 0 pak files mounted, 0 remain pending
[2020.09.23-14.12.14:349][  0]LogPakFile: Registered encryption key '00000000000000000000000000000000': 0 pak files mounted, 0 remain pending
[2020.09.23-14.12.14:351][  0]LogPakFile: Registered encryption key '00000000000000000000000000000000': 0 pak files mounted, 0 remain pending
[2020.09.23-14.12.14:352][  0]LogPakFile: Registered encryption key '00000000000000000000000000000000': 0 pak files mounted, 0 remain pending
[2020.09.23-14.12.14:354][  0]LogPakFile: Registered encryption key '00000000000000000000000000000000': 0 pak files mounted, 0 remain pending
[2020.09.23-14.12.14:355][  0]LogPakFile: Registered encryption key '00000000000000000000000000000000': 0 pak files mounted, 0 remain pending
[2020.09.23-14.12.14:357][  0]LogPakFile: Registered encryption key '00000000000000000000000000000000': 0 pak files mounted, 0 remain pending
[2020.09.23-14.12.14:358][  0]LogPakFile: Registered encryption key '00000000000000000000000000000000': 0 pak files mounted, 0 remain pending
[2020.09.23-14.12.14:360][  0]LogPakFile: Registered encryption key '00000000000000000000000000000000': 0 pak files mounted, 0 remain pending
[2020.09.23-14.12.14:361][  0]LogPakFile: Registered encryption key '00000000000000000000000000000000': 0 pak files mounted, 0 remain pending
[2020.09.23-14.12.14:363][  0]LogPakFile: Registered encryption key '00000000000000000000000000000000': 0 pak files mounted, 0 remain pending
[2020.09.23-14.12.14:364][  0]LogPakFile: Registered encryption key '00000000000000000000000000000000': 0 pak files mounted, 0 remain pending
[2020.09.23-14.12.14:366][  0]LogPakFile: Registered encryption key '00000000000000000000000000000000': 0 pak files mounted, 0 remain pending
[2020.09.23-14.12.14:368][  0]LogPakFile: Registered encryption key '00000000000000000000000000000000': 0 pak files mounted, 0 remain pending
[2020.09.23-14.12.14:370][  0]LogPakFile: Registered encryption key '00000000000000000000000000000000': 0 pak files mounted, 0 remain pending
[2020.09.23-14.12.14:372][  0]LogPakFile: Registered encryption key '00000000000000000000000000000000': 0 pak files mounted, 0 remain pending
[2020.09.23-14.12.14:373][  0]LogPakFile: Registered encryption key '00000000000000000000000000000000': 0 pak files mounted, 0 remain pending
[2020.09.23-14.12.14:375][  0]LogPakFile: Registered encryption key '00000000000000000000000000000000': 0 pak files mounted, 0 remain pending
[2020.09.23-14.12.14:377][  0]LogPakFile: Registered encryption key '00000000000000000000000000000000': 0 pak files mounted, 0 remain pending
[2020.09.23-14.12.14:378][  0]LogPakFile: Registered encryption key '00000000000000000000000000000000': 0 pak files mounted, 0 remain pending
[2020.09.23-14.12.14:379][  0]LogPakFile: Registered encryption key '00000000000000000000000000000000': 0 pak files mounted, 0 remain pending
[2020.09.23-14.12.14:381][  0]LogPakFile: Registered encryption key '00000000000000000000000000000000': 0 pak files mounted, 0 remain pending
[2020.09.23-14.12.14:382][  0]LogPakFile: Registered encryption key '00000000000000000000000000000000': 0 pak files mounted, 0 remain pending
[2020.09.23-14.12.14:384][  0]LogPakFile: Registered encryption key '00000000000000000000000000000000': 0 pak files mounted, 0 remain pending
[2020.09.23-14.12.14:385][  0]LogPakFile: Registered encryption key '00000000000000000000000000000000': 0 pak files mounted, 0 remain pending
[2020.09.23-14.12.14:387][  0]LogPakFile: Registered encryption key '00000000000000000000000000000000': 0 pak files mounted, 0 remain pending
[2020.09.23-14.12.14:440][  0]LogContentBrowser: Native class hierarchy updated for 'AddContentDialog' in 0.0002 seconds. Added 0 classes and 0 folders.
[2020.09.23-14.12.14:446][  0]LogContentBrowser: Native class hierarchy updated for 'SceneOutliner' in 0.0002 seconds. Added 1 classes and 2 folders.
[2020.09.23-14.12.14:466][  0]LogSlate: Took 0.000290 seconds to synchronously load lazily loaded font '../../../Engine/Content/Slate/Fonts/Roboto-Regular.ttf' (155K)
[2020.09.23-14.12.14:469][  0]LogSlate: Took 0.000149 seconds to synchronously load lazily loaded font '../../../Engine/Content/Slate/Fonts/Roboto-Bold.ttf' (160K)
[2020.09.23-14.12.14:478][  0]LogSlate: Took 0.000924 seconds to synchronously load lazily loaded font '../../../Engine/Content/Editor/Slate/Fonts/FontAwesome.ttf' (139K)
[2020.09.23-14.12.14:794][  0]LogContentBrowser: Native class hierarchy updated for 'HierarchicalLODOutliner' in 0.0002 seconds. Added 0 classes and 0 folders.
[2020.09.23-14.12.14:794][  0]LogLoad: (Engine Initialization) Total time: 7.60 seconds
[2020.09.23-14.12.14:794][  0]LogLoad: (Engine Initialization) Total Blueprint compile time: 0.00 seconds
[2020.09.23-14.12.14:857][  0]LogAssetRegistry: Asset discovery search completed in 4.3759 seconds
[2020.09.23-14.12.14:859][  0]LogCollectionManager: Rebuilt the object cache for 0 collections in 0.000000 seconds (found 0 objects)
[2020.09.23-14.12.14:859][  0]LogCollectionManager: Fixed up redirectors for 0 collections in 0.000044 seconds (updated 0 objects)
[2020.09.23-14.12.14:860][  0]LogContentStreaming: Texture pool size now 1000 MB
[2020.09.23-14.12.14:989][  1]LogRenderer: Reallocating scene render targets to support 712x452 Format 10 NumSamples 1 (Frame:1).
[2020.09.23-14.12.15:850][ 36]LogSlate: Took 0.001280 seconds to synchronously load lazily loaded font '../../../Engine/Content/Slate/Fonts/Roboto-Light.ttf' (167K)
[2020.09.23-14.12.17:230][109]LogSlate: FSceneViewport::OnFocusLost() reason 0
[2020.09.23-14.12.24:242][439]LogAIModule: Creating AISystem for world ThirdPersonExampleMap
[2020.09.23-14.12.24:281][439]LogAssetEditorManager: Opening Asset editor for World /Game/ThirdPersonBP/Maps/ThirdPersonExampleMap.ThirdPersonExampleMap
[2020.09.23-14.12.24:309][439]LogUObjectHash: Compacting FUObjectHashTables data took   1.99ms
[2020.09.23-14.12.24:310][439]Cmd: MAP LOAD FILE="E:/UnrealGit/Homework2-Group/Homework2 - Copy/Content/ThirdPersonBP/Maps/ThirdPersonExampleMap.umap" TEMPLATE=0 SHOWPROGRESS=1 FEATURELEVEL=3
[2020.09.23-14.12.24:310][439]LightingResults: New page: Lighting Build
[2020.09.23-14.12.24:311][439]LoadErrors: New page: Loading map: ThirdPersonExampleMap.umap
[2020.09.23-14.12.24:314][439]MapCheck: New page: Map Check
[2020.09.23-14.12.24:314][439]LightingResults: New page: Lighting Build
[2020.09.23-14.12.24:337][439]LogUObjectHash: Compacting FUObjectHashTables data took   1.65ms
[2020.09.23-14.12.24:346][439]LogEditorServer: Finished looking for orphan Actors (0.000 secs)
[2020.09.23-14.12.24:372][439]LogUObjectHash: Compacting FUObjectHashTables data took   1.47ms
[2020.09.23-14.12.24:385][439]Cmd: MAP CHECKDEP NOCLEARLOG
[2020.09.23-14.12.24:385][439]MapCheck: Map check complete: 0 Error(s), 0 Warning(s), took 0.096ms to complete.
[2020.09.23-14.12.24:385][439]LogFileHelpers: Loading map 'ThirdPersonExampleMap' took 0.076
[2020.09.23-14.12.39:385][229]LogEditorViewport: Clicking on Actor (LMB): DoorA_Blueprint_Original_C (DoorA_Blueprint_Original)
[2020.09.23-14.12.52:431][887]LogEditorViewport: Clicking on Actor (LMB): DoorA_Blueprint_Original_C (DoorA_Blueprint_Original)
[2020.09.23-14.12.58:841][216]LogSlate: FSceneViewport::OnFocusLost() reason 2
[2020.09.23-14.13.00:458][305]LogSlate: FSceneViewport::OnFocusLost() reason 2
[2020.09.23-14.13.00:465][305]LogAssetEditorManager: Opening Asset editor for Blueprint /Game/DoorA_Blueprint_Original.DoorA_Blueprint_Original
[2020.09.23-14.13.00:817][305]LogContentBrowser: Native class hierarchy updated for 'BlueprintGraph' in 0.0007 seconds. Added 121 classes and 0 folders.
[2020.09.23-14.13.01:638][305]LogSlate: Took 0.000945 seconds to synchronously load lazily loaded font '../../../Engine/Content/Slate/Fonts/Roboto-BoldCondensed.ttf' (158K)
[2020.09.23-14.13.01:770][306]LogSlate: Took 0.000842 seconds to synchronously load lazily loaded font '../../../Engine/Content/Slate/Fonts/Roboto-Italic.ttf' (157K)
[2020.09.23-14.13.14:768][646]LogSlate: FSceneViewport::OnFocusLost() reason 0
[2020.09.23-14.13.24:301][894]LogSlate: FSceneViewport::OnFocusLost() reason 0
[2020.09.23-14.13.33:079][130]LogSlate: FSceneViewport::OnFocusLost() reason 0
[2020.09.23-14.14.36:301][863]LogSlate: FSceneViewport::OnFocusLost() reason 0
[2020.09.23-14.18.36:225][161]LogSlate: FSceneViewport::OnFocusLost() reason 0
[2020.09.23-14.18.39:459][248]LogSlate: FSceneViewport::OnFocusLost() reason 0
[2020.09.23-14.20.00:047][747]LogSlate: FSceneViewport::OnFocusLost() reason 0
[2020.09.23-14.20.39:219][ 27]LogSlate: FSceneViewport::OnFocusLost() reason 0
[2020.09.23-14.21.40:216][805]LogSlate: FSceneViewport::OnFocusLost() reason 0
[2020.09.23-14.21.43:278][936]LogSlate: FSceneViewport::OnFocusLost() reason 0
[2020.09.23-14.22.03:153][953]LogEditorViewport: Clicking on Actor (LMB): DoorA_Blueprint_Original_C (DoorA_Blueprint_Original)
[2020.09.23-14.22.07:005][ 41]LogSlate: FSceneViewport::OnFocusLost() reason 2
[2020.09.23-14.22.13:676][203]LogSlate: FSceneViewport::OnFocusLost() reason 0
[2020.09.23-14.22.33:276][719]LogSlate: FSceneViewport::OnFocusLost() reason 0
[2020.09.23-14.22.33:411][723]BlueprintLog: New page: Compile DoorA_Blueprint_Original
[2020.09.23-14.22.33:703][723]LogUObjectHash: Compacting FUObjectHashTables data took   3.43ms
[2020.09.23-14.22.34:405][737]Cmd: OBJ SAVEPACKAGE PACKAGE="/Game/DoorA_Blueprint_Original" FILE="E:/UnrealGit/Homework2-Group/Homework2 - Copy/Content/DoorA_Blueprint_Original.uasset" SILENT=true
[2020.09.23-14.22.34:481][737]LogSavePackage: Moving 'E:/UnrealGit/Homework2-Group/Homework2 - Copy/Saved/DoorA_Blueprint_Original2CB6BFDE47E7388AFF74449B49226595.tmp' to 'E:/UnrealGit/Homework2-Group/Homework2 - Copy/Content/DoorA_Blueprint_Original.uasset'
[2020.09.23-14.22.35:863][774]LogSlate: FSceneViewport::OnFocusLost() reason 0
[2020.09.23-14.22.38:102][858]LogSlate: Window 'DoorA_Blueprint_Original' being destroyed
[2020.09.23-14.22.39:286][920]LogSlate: FSceneViewport::OnFocusLost() reason 2
[2020.09.23-14.22.42:185][ 81]LogSlate: FSceneViewport::OnFocusLost() reason 0
[2020.09.23-14.22.47:288][338]LogSlate: FSceneViewport::OnFocusLost() reason 0
[2020.09.23-14.22.55:958][799]LogTemp: Repeating last play command: Selected Viewport
[2020.09.23-14.22.55:974][799]LogBlueprintUserMessages: Early PlayInEditor Detection: Level '/Game/ThirdPersonBP/Maps/ThirdPersonExampleMap.ThirdPersonExampleMap:PersistentLevel' has LevelScriptBlueprint '/Game/ThirdPersonBP/Maps/ThirdPersonExampleMap.ThirdPersonExampleMap:PersistentLevel.ThirdPersonExampleMap' with GeneratedClass '/Game/ThirdPersonBP/Maps/ThirdPersonExampleMap.ThirdPersonExampleMap_C' with ClassGeneratedBy '/Game/ThirdPersonBP/Maps/ThirdPersonExampleMap.ThirdPersonExampleMap:PersistentLevel.ThirdPersonExampleMap'
[2020.09.23-14.22.55:977][799]LogPlayLevel: PlayLevel: No blueprints needed recompiling
[2020.09.23-14.22.55:981][799]PIE: New page: PIE session: ThirdPersonExampleMap (Sep 23, 2020, 6:22:55 AM)
[2020.09.23-14.22.56:004][799]LogPlayLevel: Creating play world package: /Game/ThirdPersonBP/Maps/UEDPIE_0_ThirdPersonExampleMap
[2020.09.23-14.22.56:054][799]LogPlayLevel: PIE: StaticDuplicateObject took: (0.049115s)
[2020.09.23-14.22.56:056][799]LogAIModule: Creating AISystem for world ThirdPersonExampleMap
[2020.09.23-14.22.56:057][799]LogPlayLevel: PIE: World Init took: (0.003300s)
[2020.09.23-14.22.56:058][799]LogPlayLevel: PIE: Created PIE world by copying editor world from /Game/ThirdPersonBP/Maps/ThirdPersonExampleMap.ThirdPersonExampleMap to /Game/ThirdPersonBP/Maps/UEDPIE_0_ThirdPersonExampleMap.ThirdPersonExampleMap (0.052780s)
[2020.09.23-14.22.56:095][799]LogUObjectHash: Compacting FUObjectHashTables data took   2.91ms
[2020.09.23-14.22.56:118][799]LogInit: XAudio2 using 'TV Monitor (Intel(R) Display Audio)' : 2 channels at 48 kHz using 16 bits per sample (channel mask 0x3)
[2020.09.23-14.22.56:126][799]LogInit: FAudioDevice initialized.
[2020.09.23-14.22.56:171][799]LogLoad: Game class is 'GameModeBase'
[2020.09.23-14.22.56:183][799]LogWorld: Bringing World /Game/ThirdPersonBP/Maps/UEDPIE_0_ThirdPersonExampleMap.ThirdPersonExampleMap up for play (max tick rate 60) at 2020.09.23-10.22.56
[2020.09.23-14.22.56:187][799]LogWorld: Bringing up level for play took: 0.007541
[2020.09.23-14.22.56:216][799]LogBlueprintActionDatabase: Requesting refresh due to module change: Voice (loaded)
[2020.09.23-14.22.56:220][799]LogBlueprintActionDatabase: Requesting refresh due to module change: MovieSceneCapture (loaded)
[2020.09.23-14.22.56:220][799]LogContentBrowser: Native class hierarchy updated for 'MovieSceneCapture' in 0.0003 seconds. Added 20 classes and 0 folders.
[2020.09.23-14.22.56:224][799]PIE: Play in editor start time for /Game/ThirdPersonBP/Maps/UEDPIE_0_ThirdPersonExampleMap 0.165
[2020.09.23-14.22.56:230][799]LogBlueprintUserMessages: Late PlayInEditor Detection: Level '/Game/ThirdPersonBP/Maps/ThirdPersonExampleMap.ThirdPersonExampleMap:PersistentLevel' has LevelScriptBlueprint '/Game/ThirdPersonBP/Maps/ThirdPersonExampleMap.ThirdPersonExampleMap:PersistentLevel.ThirdPersonExampleMap' with GeneratedClass '/Game/ThirdPersonBP/Maps/ThirdPersonExampleMap.ThirdPersonExampleMap_C' with ClassGeneratedBy '/Game/ThirdPersonBP/Maps/ThirdPersonExampleMap.ThirdPersonExampleMap:PersistentLevel.ThirdPersonExampleMap'
[2020.09.23-14.23.34:418][778]LogBlueprintUserMessages: Early EndPlayMap Detection: Level '/Game/ThirdPersonBP/Maps/ThirdPersonExampleMap.ThirdPersonExampleMap:PersistentLevel' has LevelScriptBlueprint '/Game/ThirdPersonBP/Maps/ThirdPersonExampleMap.ThirdPersonExampleMap:PersistentLevel.ThirdPersonExampleMap' with GeneratedClass '/Game/ThirdPersonBP/Maps/ThirdPersonExampleMap.ThirdPersonExampleMap_C' with ClassGeneratedBy '/Game/ThirdPersonBP/Maps/ThirdPersonExampleMap.ThirdPersonExampleMap:PersistentLevel.ThirdPersonExampleMap'
[2020.09.23-14.23.34:426][778]LogSlate: Updating window title bar state: overlay mode, drag disabled, window buttons hidden, title bar hidden
[2020.09.23-14.23.34:466][778]LogPlayLevel: Display: Shutting down PIE online subsystems
[2020.09.23-14.23.34:466][778]LogBlueprintUserMessages: Late EndPlayMap Detection: Level '/Game/ThirdPersonBP/Maps/ThirdPersonExampleMap.ThirdPersonExampleMap:PersistentLevel' has LevelScriptBlueprint '/Game/ThirdPersonBP/Maps/ThirdPersonExampleMap.ThirdPersonExampleMap:PersistentLevel.ThirdPersonExampleMap' with GeneratedClass '/Game/ThirdPersonBP/Maps/ThirdPersonExampleMap.ThirdPersonExampleMap_C' with ClassGeneratedBy '/Game/ThirdPersonBP/Maps/ThirdPersonExampleMap.ThirdPersonExampleMap:PersistentLevel.ThirdPersonExampleMap'
[2020.09.23-14.23.34:515][778]LogSlate: Updating window title bar state: overlay mode, drag disabled, window buttons hidden, title bar hidden
[2020.09.23-14.23.34:540][778]LogUObjectHash: Compacting FUObjectHashTables data took   5.52ms
[2020.09.23-14.23.34:553][779]LogPlayLevel: Display: Destroying online subsystem :Context_5
[2020.09.23-14.23.36:109][863]LogEditorViewport: Clicking on Actor (LMB): DoorA_Blueprint_Original_C (DoorA_Blueprint_Original)
[2020.09.23-14.23.40:146][ 68]Cmd: TRANSACTION UNDO
[2020.09.23-14.23.40:146][ 68]LogEditorTransaction: Undo Scale Actors
[2020.09.23-14.23.41:323][121]LogSlate: FSceneViewport::OnFocusLost() reason 0
[2020.09.23-14.23.52:656][686]LogEditorViewport: Clicking on Actor (LMB): DoorA_Blueprint_Original_C (DoorA_Blueprint_Original)
[2020.09.23-14.23.53:254][715]Cmd: TRANSACTION UNDO
[2020.09.23-14.23.53:254][715]LogEditorTransaction: Undo Scale Actors
[2020.09.23-14.23.54:052][750]Cmd: TRANSACTION UNDO
[2020.09.23-14.23.54:052][750]LogEditorTransaction: Undo Scale Actors
[2020.09.23-14.24.03:462][136]LogEditorViewport: Clicking on Actor (LMB): DoorA_Blueprint_Original_C (DoorA_Blueprint_Original)
[2020.09.23-14.24.04:134][159]Cmd: TRANSACTION UNDO
[2020.09.23-14.24.04:134][159]LogEditorTransaction: Undo Scale Actors
[2020.09.23-14.24.05:213][193]Cmd: TRANSACTION UNDO
[2020.09.23-14.24.05:213][193]LogEditorTransaction: Undo Clicking on Actors
[2020.09.23-14.24.15:325][527]LogSlate: FSceneViewport::OnFocusLost() reason 0
[2020.09.23-14.24.39:257][542]LogSlate: FSceneViewport::OnFocusLost() reason 2
[2020.09.23-14.24.48:718][  7]LogSlate: FSceneViewport::OnFocusLost() reason 2
[2020.09.23-14.24.48:824][  7]LogUObjectHash: Compacting FUObjectHashTables data took   2.77ms
[2020.09.23-14.24.49:048][  7]LogSavePackage: Moving 'E:/UnrealGit/Homework2-Group/Homework2 - Copy/Saved/ThirdPersonExampleMap8DA1F38C402ABB160D5B539731F4CCBE.tmp' to 'E:/UnrealGit/Homework2-Group/Homework2 - Copy/Content/ThirdPersonBP/Maps/ThirdPersonExampleMap.umap'
[2020.09.23-14.24.49:147][  7]LogSavePackage: Moving 'E:/UnrealGit/Homework2-Group/Homework2 - Copy/Saved/ThirdPersonExampleMap_BuiltData3ADC4BA548AF9A7362D062BFDD30D85B.tmp' to 'E:/UnrealGit/Homework2-Group/Homework2 - Copy/Content/ThirdPersonBP/Maps/ThirdPersonExampleMap_BuiltData.uasset'
[2020.09.23-14.24.52:287][160]LogSlate: FSceneViewport::OnFocusLost() reason 0
[2020.09.23-14.24.54:037][232]LogTemp: Repeating last play command: Selected Viewport
[2020.09.23-14.24.54:050][232]LogBlueprintUserMessages: Early PlayInEditor Detection: Level '/Game/ThirdPersonBP/Maps/ThirdPersonExampleMap.ThirdPersonExampleMap:PersistentLevel' has LevelScriptBlueprint '/Game/ThirdPersonBP/Maps/ThirdPersonExampleMap.ThirdPersonExampleMap:PersistentLevel.ThirdPersonExampleMap' with GeneratedClass '/Game/ThirdPersonBP/Maps/ThirdPersonExampleMap.ThirdPersonExampleMap_C' with ClassGeneratedBy '/Game/ThirdPersonBP/Maps/ThirdPersonExampleMap.ThirdPersonExampleMap:PersistentLevel.ThirdPersonExampleMap'
[2020.09.23-14.24.54:050][232]LogPlayLevel: PlayLevel: No blueprints needed recompiling
[2020.09.23-14.24.54:050][232]PIE: New page: PIE session: ThirdPersonExampleMap (Sep 23, 2020, 6:24:54 AM)
[2020.09.23-14.24.54:050][232]LogPlayLevel: Creating play world package: /Game/ThirdPersonBP/Maps/UEDPIE_0_ThirdPersonExampleMap
[2020.09.23-14.24.54:086][232]LogPlayLevel: PIE: StaticDuplicateObject took: (0.035622s)
[2020.09.23-14.24.54:087][232]LogAIModule: Creating AISystem for world ThirdPersonExampleMap
[2020.09.23-14.24.54:087][232]LogPlayLevel: PIE: World Init took: (0.000783s)
[2020.09.23-14.24.54:087][232]LogPlayLevel: PIE: Created PIE world by copying editor world from /Game/ThirdPersonBP/Maps/ThirdPersonExampleMap.ThirdPersonExampleMap to /Game/ThirdPersonBP/Maps/UEDPIE_0_ThirdPersonExampleMap.ThirdPersonExampleMap (0.036607s)
[2020.09.23-14.24.54:126][232]LogUObjectHash: Compacting FUObjectHashTables data took   3.10ms
[2020.09.23-14.24.54:144][232]LogInit: XAudio2 using 'TV Monitor (Intel(R) Display Audio)' : 2 channels at 48 kHz using 16 bits per sample (channel mask 0x3)
[2020.09.23-14.24.54:151][232]LogInit: FAudioDevice initialized.
[2020.09.23-14.24.54:182][232]LogLoad: Game class is 'GameModeBase'
[2020.09.23-14.24.54:185][232]LogWorld: Bringing World /Game/ThirdPersonBP/Maps/UEDPIE_0_ThirdPersonExampleMap.ThirdPersonExampleMap up for play (max tick rate 60) at 2020.09.23-10.24.54
[2020.09.23-14.24.54:185][232]LogWorld: Bringing up level for play took: 0.002209
[2020.09.23-14.24.54:198][232]PIE: Play in editor start time for /Game/ThirdPersonBP/Maps/UEDPIE_0_ThirdPersonExampleMap 0.139
[2020.09.23-14.24.54:205][232]LogBlueprintUserMessages: Late PlayInEditor Detection: Level '/Game/ThirdPersonBP/Maps/ThirdPersonExampleMap.ThirdPersonExampleMap:PersistentLevel' has LevelScriptBlueprint '/Game/ThirdPersonBP/Maps/ThirdPersonExampleMap.ThirdPersonExampleMap:PersistentLevel.ThirdPersonExampleMap' with GeneratedClass '/Game/ThirdPersonBP/Maps/ThirdPersonExampleMap.ThirdPersonExampleMap_C' with ClassGeneratedBy '/Game/ThirdPersonBP/Maps/ThirdPersonExampleMap.ThirdPersonExampleMap:PersistentLevel.ThirdPersonExampleMap'
[2020.09.23-14.25.54:586][896]LogBlueprintUserMessages: [DoorA_Blueprint_Original] Door locked!
[2020.09.23-14.25.55:401][938]LogBlueprintUserMessages: [DoorA_Blueprint_Original] Door locked!
[2020.09.23-14.26.00:296][131]LogBlueprintUserMessages: Early EndPlayMap Detection: Level '/Game/ThirdPersonBP/Maps/ThirdPersonExampleMap.ThirdPersonExampleMap:PersistentLevel' has LevelScriptBlueprint '/Game/ThirdPersonBP/Maps/ThirdPersonExampleMap.ThirdPersonExampleMap:PersistentLevel.ThirdPersonExampleMap' with GeneratedClass '/Game/ThirdPersonBP/Maps/ThirdPersonExampleMap.ThirdPersonExampleMap_C' with ClassGeneratedBy '/Game/ThirdPersonBP/Maps/ThirdPersonExampleMap.ThirdPersonExampleMap:PersistentLevel.ThirdPersonExampleMap'
[2020.09.23-14.26.00:299][131]LogSlate: Updating window title bar state: overlay mode, drag disabled, window buttons hidden, title bar hidden
[2020.09.23-14.26.00:350][131]LogPlayLevel: Display: Shutting down PIE online subsystems
[2020.09.23-14.26.00:351][131]LogBlueprintUserMessages: Late EndPlayMap Detection: Level '/Game/ThirdPersonBP/Maps/ThirdPersonExampleMap.ThirdPersonExampleMap:PersistentLevel' has LevelScriptBlueprint '/Game/ThirdPersonBP/Maps/ThirdPersonExampleMap.ThirdPersonExampleMap:PersistentLevel.ThirdPersonExampleMap' with GeneratedClass '/Game/ThirdPersonBP/Maps/ThirdPersonExampleMap.ThirdPersonExampleMap_C' with ClassGeneratedBy '/Game/ThirdPersonBP/Maps/ThirdPersonExampleMap.ThirdPersonExampleMap:PersistentLevel.ThirdPersonExampleMap'
[2020.09.23-14.26.00:406][131]LogSlate: Updating window title bar state: overlay mode, drag disabled, window buttons hidden, title bar hidden
[2020.09.23-14.26.00:411][131]LogUObjectHash: Compacting FUObjectHashTables data took   2.95ms
[2020.09.23-14.26.00:445][132]LogPlayLevel: Display: Destroying online subsystem :Context_6
[2020.09.23-14.26.03:087][235]LogSlate: FSceneViewport::OnFocusLost() reason 2
[2020.09.23-14.26.04:938][292]LogTemp: Repeating last play command: Selected Viewport
[2020.09.23-14.26.04:959][292]LogBlueprintUserMessages: Early PlayInEditor Detection: Level '/Game/ThirdPersonBP/Maps/ThirdPersonExampleMap.ThirdPersonExampleMap:PersistentLevel' has LevelScriptBlueprint '/Game/ThirdPersonBP/Maps/ThirdPersonExampleMap.ThirdPersonExampleMap:PersistentLevel.ThirdPersonExampleMap' with GeneratedClass '/Game/ThirdPersonBP/Maps/ThirdPersonExampleMap.ThirdPersonExampleMap_C' with ClassGeneratedBy '/Game/ThirdPersonBP/Maps/ThirdPersonExampleMap.ThirdPersonExampleMap:PersistentLevel.ThirdPersonExampleMap'
[2020.09.23-14.26.04:960][292]LogPlayLevel: PlayLevel: No blueprints needed recompiling
[2020.09.23-14.26.04:960][292]PIE: New page: PIE session: ThirdPersonExampleMap (Sep 23, 2020, 6:26:04 AM)
[2020.09.23-14.26.04:961][292]LogPlayLevel: Creating play world package: /Game/ThirdPersonBP/Maps/UEDPIE_0_ThirdPersonExampleMap
[2020.09.23-14.26.04:991][292]LogPlayLevel: PIE: StaticDuplicateObject took: (0.030252s)
[2020.09.23-14.26.04:992][292]LogAIModule: Creating AISystem for world ThirdPersonExampleMap
[2020.09.23-14.26.04:996][292]LogPlayLevel: PIE: World Init took: (0.005536s)
[2020.09.23-14.26.04:997][292]LogPlayLevel: PIE: Created PIE world by copying editor world from /Game/ThirdPersonBP/Maps/ThirdPersonExampleMap.ThirdPersonExampleMap to /Game/ThirdPersonBP/Maps/UEDPIE_0_ThirdPersonExampleMap.ThirdPersonExampleMap (0.036094s)
[2020.09.23-14.26.05:043][292]LogUObjectHash: Compacting FUObjectHashTables data took   2.24ms
[2020.09.23-14.26.05:063][292]LogInit: XAudio2 using 'TV Monitor (Intel(R) Display Audio)' : 2 channels at 48 kHz using 16 bits per sample (channel mask 0x3)
[2020.09.23-14.26.05:075][292]LogInit: FAudioDevice initialized.
[2020.09.23-14.26.05:076][292]LogSlate: FSceneViewport::OnFocusLost() reason 2
[2020.09.23-14.26.05:104][292]LogLoad: Game class is 'GameModeBase'
[2020.09.23-14.26.05:107][292]LogWorld: Bringing World /Game/ThirdPersonBP/Maps/UEDPIE_0_ThirdPersonExampleMap.ThirdPersonExampleMap up for play (max tick rate 60) at 2020.09.23-10.26.05
[2020.09.23-14.26.05:107][292]LogWorld: Bringing up level for play took: 0.002120
[2020.09.23-14.26.05:120][292]PIE: Play in editor start time for /Game/ThirdPersonBP/Maps/UEDPIE_0_ThirdPersonExampleMap 1.06
[2020.09.23-14.26.05:120][292]LogBlueprintUserMessages: Late PlayInEditor Detection: Level '/Game/ThirdPersonBP/Maps/ThirdPersonExampleMap.ThirdPersonExampleMap:PersistentLevel' has LevelScriptBlueprint '/Game/ThirdPersonBP/Maps/ThirdPersonExampleMap.ThirdPersonExampleMap:PersistentLevel.ThirdPersonExampleMap' with GeneratedClass '/Game/ThirdPersonBP/Maps/ThirdPersonExampleMap.ThirdPersonExampleMap_C' with ClassGeneratedBy '/Game/ThirdPersonBP/Maps/ThirdPersonExampleMap.ThirdPersonExampleMap:PersistentLevel.ThirdPersonExampleMap'
[2020.09.23-14.26.39:987][549]LogBlueprintUserMessages: Early EndPlayMap Detection: Level '/Game/ThirdPersonBP/Maps/ThirdPersonExampleMap.ThirdPersonExampleMap:PersistentLevel' has LevelScriptBlueprint '/Game/ThirdPersonBP/Maps/ThirdPersonExampleMap.ThirdPersonExampleMap:PersistentLevel.ThirdPersonExampleMap' with GeneratedClass '/Game/ThirdPersonBP/Maps/ThirdPersonExampleMap.ThirdPersonExampleMap_C' with ClassGeneratedBy '/Game/ThirdPersonBP/Maps/ThirdPersonExampleMap.ThirdPersonExampleMap:PersistentLevel.ThirdPersonExampleMap'
[2020.09.23-14.26.39:988][549]LogSlate: Updating window title bar state: overlay mode, drag disabled, window buttons hidden, title bar hidden
[2020.09.23-14.26.40:031][549]LogPlayLevel: Display: Shutting down PIE online subsystems
[2020.09.23-14.26.40:031][549]LogBlueprintUserMessages: Late EndPlayMap Detection: Level '/Game/ThirdPersonBP/Maps/ThirdPersonExampleMap.ThirdPersonExampleMap:PersistentLevel' has LevelScriptBlueprint '/Game/ThirdPersonBP/Maps/ThirdPersonExampleMap.ThirdPersonExampleMap:PersistentLevel.ThirdPersonExampleMap' with GeneratedClass '/Game/ThirdPersonBP/Maps/ThirdPersonExampleMap.ThirdPersonExampleMap_C' with ClassGeneratedBy '/Game/ThirdPersonBP/Maps/ThirdPersonExampleMap.ThirdPersonExampleMap:PersistentLevel.ThirdPersonExampleMap'
[2020.09.23-14.26.40:080][549]LogSlate: Updating window title bar state: overlay mode, drag disabled, window buttons hidden, title bar hidden
[2020.09.23-14.26.40:085][549]LogUObjectHash: Compacting FUObjectHashTables data took   2.35ms
[2020.09.23-14.26.40:112][550]LogPlayLevel: Display: Destroying online subsystem :Context_7
[2020.09.23-14.26.42:458][668]LogSlate: FSceneViewport::OnFocusLost() reason 0
[2020.09.23-14.26.42:679][674]LogUObjectHash: Compacting FUObjectHashTables data took   0.81ms
[2020.09.23-14.26.42:888][674]LogSavePackage: Moving 'E:/UnrealGit/Homework2-Group/Homework2 - Copy/Saved/ThirdPersonExampleMap0B95E3614651D5EE2DCF18A943661042.tmp' to 'E:/UnrealGit/Homework2-Group/Homework2 - Copy/Content/ThirdPersonBP/Maps/ThirdPersonExampleMap.umap'
[2020.09.23-14.26.42:961][674]LogSavePackage: Moving 'E:/UnrealGit/Homework2-Group/Homework2 - Copy/Saved/ThirdPersonExampleMap_BuiltData8ABAEB80409A6CE61760128DFE26069B.tmp' to 'E:/UnrealGit/Homework2-Group/Homework2 - Copy/Content/ThirdPersonBP/Maps/ThirdPersonExampleMap_BuiltData.uasset'
[2020.09.23-14.26.50:374][ 75]LogSlate: FSceneViewport::OnFocusLost() reason 0
[2020.09.23-14.26.52:221][175]LogSlate: FSceneViewport::OnFocusLost() reason 0
[2020.09.23-14.26.52:413][182]LogUObjectHash: Compacting FUObjectHashTables data took   2.38ms
[2020.09.23-14.26.52:621][182]LogSavePackage: Moving 'E:/UnrealGit/Homework2-Group/Homework2 - Copy/Saved/ThirdPersonExampleMap4ED48A2749B060989AE16199B632C5A8.tmp' to 'E:/UnrealGit/Homework2-Group/Homework2 - Copy/Content/ThirdPersonBP/Maps/ThirdPersonExampleMap.umap'
[2020.09.23-14.26.52:696][182]LogSavePackage: Moving 'E:/UnrealGit/Homework2-Group/Homework2 - Copy/Saved/ThirdPersonExampleMap_BuiltDataE020F64D481E68660520F38587473DC6.tmp' to 'E:/UnrealGit/Homework2-Group/Homework2 - Copy/Content/ThirdPersonBP/Maps/ThirdPersonExampleMap_BuiltData.uasset'
